Classic Timing Analyzer report for PWM
Fri Sep 17 02:14:14 2021
Quartus II Version 9.1 Build 350 03/24/2010 Service Pack 2 SJ Web Edition


---------------------
; Table of Contents ;
---------------------
  1. Legal Notice
  2. Timing Analyzer Summary
  3. Timing Analyzer Settings
  4. Clock Settings Summary
  5. Parallel Compilation
  6. Clock Setup: 'CLK'
  7. tco
  8. tpd
  9. Timing Analyzer Messages



----------------
; Legal Notice ;
----------------
Copyright (C) 1991-2010 Altera Corporation
Your use of Altera Corporation's design tools, logic functions 
and other software and tools, and its AMPP partner logic 
functions, and any output files from any of the foregoing 
(including device programming or simulation files), and any 
associated documentation or information are expressly subject 
to the terms and conditions of the Altera Program License 
Subscription Agreement, Altera MegaCore Function License 
Agreement, or other applicable license agreement, including, 
without limitation, that your use is for the sole purpose of 
programming logic devices manufactured by Altera and sold by 
Altera or its authorized distributors.  Please refer to the 
applicable agreement for further details.



+----------------------------------------------------------------------------------------------------------------------------------------------------------------------------------------------------------------------------------------------------------------------------------------------------------------+
; Timing Analyzer Summary                                                                                                                                                                                                                                                                                        ;
+------------------------------+-------+---------------+----------------------------------+---------------------------------------------------------------------------------------+---------------------------------------------------------------------------------------+------------+----------+--------------+
; Type                         ; Slack ; Required Time ; Actual Time                      ; From                                                                                  ; To                                                                                    ; From Clock ; To Clock ; Failed Paths ;
+------------------------------+-------+---------------+----------------------------------+---------------------------------------------------------------------------------------+---------------------------------------------------------------------------------------+------------+----------+--------------+
; Worst-case tco               ; N/A   ; None          ; 15.172 ns                        ; lpm_counter0:inst|lpm_counter:lpm_counter_component|cntr_nlh:auto_generated|safe_q[4] ; compare1                                                                              ; CLK        ; --       ; 0            ;
; Worst-case tpd               ; N/A   ; None          ; 13.745 ns                        ; T[5]                                                                                  ; compare1                                                                              ; --         ; --       ; 0            ;
; Clock Setup: 'CLK'           ; N/A   ; None          ; 229.73 MHz ( period = 4.353 ns ) ; lpm_counter0:inst|lpm_counter:lpm_counter_component|cntr_nlh:auto_generated|safe_q[0] ; lpm_counter0:inst|lpm_counter:lpm_counter_component|cntr_nlh:auto_generated|safe_q[6] ; CLK        ; CLK      ; 0            ;
; Total number of failed paths ;       ;               ;                                  ;                                                                                       ;                                                                                       ;            ;          ; 0            ;
+------------------------------+-------+---------------+----------------------------------+---------------------------------------------------------------------------------------+---------------------------------------------------------------------------------------+------------+----------+--------------+


+-----------------------------------------------------------------------------------------------------------------------------------------------------+
; Timing Analyzer Settings                                                                                                                            ;
+------------------------------------------------------------------------------------------------------+--------------------+------+----+-------------+
; Option                                                                                               ; Setting            ; From ; To ; Entity Name ;
+------------------------------------------------------------------------------------------------------+--------------------+------+----+-------------+
; Device Name                                                                                          ; EPM1270T144I5      ;      ;    ;             ;
; Timing Models                                                                                        ; Final              ;      ;    ;             ;
; Default hold multicycle                                                                              ; Same as Multicycle ;      ;    ;             ;
; Cut paths between unrelated clock domains                                                            ; On                 ;      ;    ;             ;
; Cut off read during write signal paths                                                               ; On                 ;      ;    ;             ;
; Cut off feedback from I/O pins                                                                       ; On                 ;      ;    ;             ;
; Report Combined Fast/Slow Timing                                                                     ; Off                ;      ;    ;             ;
; Ignore Clock Settings                                                                                ; Off                ;      ;    ;             ;
; Analyze latches as synchronous elements                                                              ; On                 ;      ;    ;             ;
; Enable Recovery/Removal analysis                                                                     ; Off                ;      ;    ;             ;
; Enable Clock Latency                                                                                 ; Off                ;      ;    ;             ;
; Use TimeQuest Timing Analyzer                                                                        ; Off                ;      ;    ;             ;
; Minimum Core Junction Temperature                                                                    ; -40                ;      ;    ;             ;
; Maximum Core Junction Temperature                                                                    ; 100                ;      ;    ;             ;
; Number of source nodes to report per destination node                                                ; 10                 ;      ;    ;             ;
; Number of destination nodes to report                                                                ; 10                 ;      ;    ;             ;
; Number of paths to report                                                                            ; 200                ;      ;    ;             ;
; Report Minimum Timing Checks                                                                         ; Off                ;      ;    ;             ;
; Use Fast Timing Models                                                                               ; Off                ;      ;    ;             ;
; Report IO Paths Separately                                                                           ; Off                ;      ;    ;             ;
; Perform Multicorner Analysis                                                                         ; Off                ;      ;    ;             ;
; Reports the worst-case path for each clock domain and analysis                                       ; Off                ;      ;    ;             ;
; Reports worst-case timing paths for each clock domain and analysis                                   ; On                 ;      ;    ;             ;
; Specifies the maximum number of worst-case timing paths to report for each clock domain and analysis ; 100                ;      ;    ;             ;
; Removes common clock path pessimism (CCPP) during slack computation                                  ; Off                ;      ;    ;             ;
; Output I/O Timing Endpoint                                                                           ; Near End           ;      ;    ;             ;
+------------------------------------------------------------------------------------------------------+--------------------+------+----+-------------+


+------------------------------------------------------------------------------------------------------------------------------------------------------------------------------------+
; Clock Settings Summary                                                                                                                                                             ;
+-----------------+--------------------+----------+------------------+---------------+--------------+----------+-----------------------+---------------------+--------+--------------+
; Clock Node Name ; Clock Setting Name ; Type     ; Fmax Requirement ; Early Latency ; Late Latency ; Based on ; Multiply Base Fmax by ; Divide Base Fmax by ; Offset ; Phase offset ;
+-----------------+--------------------+----------+------------------+---------------+--------------+----------+-----------------------+---------------------+--------+--------------+
; CLK             ;                    ; User Pin ; None             ; 0.000 ns      ; 0.000 ns     ; --       ; N/A                   ; N/A                 ; N/A    ;              ;
+-----------------+--------------------+----------+------------------+---------------+--------------+----------+-----------------------+---------------------+--------+--------------+


Parallel compilation was disabled, but you have multiple processors available. Enable parallel compilation to reduce compilation time.
+-------------------------------------+
; Parallel Compilation                ;
+----------------------------+--------+
; Processors                 ; Number ;
+----------------------------+--------+
; Number detected on machine ; 4      ;
; Maximum allowed            ; 1      ;
+----------------------------+--------+


+----------------------------------------------------------------------------------------------------------------------------------------------------------------------------------------------------------------------------------------------------------------------------------------------------------------------------------------------------+
; Clock Setup: 'CLK'                                                                                                                                                                                                                                                                                                                                 ;
+-------+------------------------------------------------+---------------------------------------------------------------------------------------+---------------------------------------------------------------------------------------+------------+----------+-----------------------------+---------------------------+-------------------------+
; Slack ; Actual fmax (period)                           ; From                                                                                  ; To                                                                                    ; From Clock ; To Clock ; Required Setup Relationship ; Required Longest P2P Time ; Actual Longest P2P Time ;
+-------+------------------------------------------------+---------------------------------------------------------------------------------------+---------------------------------------------------------------------------------------+------------+----------+-----------------------------+---------------------------+-------------------------+
; N/A   ; 229.73 MHz ( period = 4.353 ns )               ; lpm_counter0:inst|lpm_counter:lpm_counter_component|cntr_nlh:auto_generated|safe_q[0] ; lpm_counter0:inst|lpm_counter:lpm_counter_component|cntr_nlh:auto_generated|safe_q[7] ; CLK        ; CLK      ; None                        ; None                      ; 3.644 ns                ;
; N/A   ; 229.73 MHz ( period = 4.353 ns )               ; lpm_counter0:inst|lpm_counter:lpm_counter_component|cntr_nlh:auto_generated|safe_q[0] ; lpm_counter0:inst|lpm_counter:lpm_counter_component|cntr_nlh:auto_generated|safe_q[5] ; CLK        ; CLK      ; None                        ; None                      ; 3.644 ns                ;
; N/A   ; 229.73 MHz ( period = 4.353 ns )               ; lpm_counter0:inst|lpm_counter:lpm_counter_component|cntr_nlh:auto_generated|safe_q[0] ; lpm_counter0:inst|lpm_counter:lpm_counter_component|cntr_nlh:auto_generated|safe_q[6] ; CLK        ; CLK      ; None                        ; None                      ; 3.644 ns                ;
; N/A   ; 234.69 MHz ( period = 4.261 ns )               ; lpm_counter0:inst|lpm_counter:lpm_counter_component|cntr_nlh:auto_generated|safe_q[5] ; lpm_counter0:inst|lpm_counter:lpm_counter_component|cntr_nlh:auto_generated|safe_q[7] ; CLK        ; CLK      ; None                        ; None                      ; 3.552 ns                ;
; N/A   ; 236.35 MHz ( period = 4.231 ns )               ; lpm_counter0:inst|lpm_counter:lpm_counter_component|cntr_nlh:auto_generated|safe_q[1] ; lpm_counter0:inst|lpm_counter:lpm_counter_component|cntr_nlh:auto_generated|safe_q[7] ; CLK        ; CLK      ; None                        ; None                      ; 3.522 ns                ;
; N/A   ; 236.35 MHz ( period = 4.231 ns )               ; lpm_counter0:inst|lpm_counter:lpm_counter_component|cntr_nlh:auto_generated|safe_q[1] ; lpm_counter0:inst|lpm_counter:lpm_counter_component|cntr_nlh:auto_generated|safe_q[5] ; CLK        ; CLK      ; None                        ; None                      ; 3.522 ns                ;
; N/A   ; 236.35 MHz ( period = 4.231 ns )               ; lpm_counter0:inst|lpm_counter:lpm_counter_component|cntr_nlh:auto_generated|safe_q[1] ; lpm_counter0:inst|lpm_counter:lpm_counter_component|cntr_nlh:auto_generated|safe_q[6] ; CLK        ; CLK      ; None                        ; None                      ; 3.522 ns                ;
; N/A   ; 238.72 MHz ( period = 4.189 ns )               ; lpm_counter0:inst|lpm_counter:lpm_counter_component|cntr_nlh:auto_generated|safe_q[3] ; lpm_counter0:inst|lpm_counter:lpm_counter_component|cntr_nlh:auto_generated|safe_q[7] ; CLK        ; CLK      ; None                        ; None                      ; 3.480 ns                ;
; N/A   ; 238.72 MHz ( period = 4.189 ns )               ; lpm_counter0:inst|lpm_counter:lpm_counter_component|cntr_nlh:auto_generated|safe_q[3] ; lpm_counter0:inst|lpm_counter:lpm_counter_component|cntr_nlh:auto_generated|safe_q[5] ; CLK        ; CLK      ; None                        ; None                      ; 3.480 ns                ;
; N/A   ; 238.72 MHz ( period = 4.189 ns )               ; lpm_counter0:inst|lpm_counter:lpm_counter_component|cntr_nlh:auto_generated|safe_q[3] ; lpm_counter0:inst|lpm_counter:lpm_counter_component|cntr_nlh:auto_generated|safe_q[6] ; CLK        ; CLK      ; None                        ; None                      ; 3.480 ns                ;
; N/A   ; 241.66 MHz ( period = 4.138 ns )               ; lpm_counter0:inst|lpm_counter:lpm_counter_component|cntr_nlh:auto_generated|safe_q[5] ; lpm_counter0:inst|lpm_counter:lpm_counter_component|cntr_nlh:auto_generated|safe_q[6] ; CLK        ; CLK      ; None                        ; None                      ; 3.429 ns                ;
; N/A   ; 243.43 MHz ( period = 4.108 ns )               ; lpm_counter0:inst|lpm_counter:lpm_counter_component|cntr_nlh:auto_generated|safe_q[2] ; lpm_counter0:inst|lpm_counter:lpm_counter_component|cntr_nlh:auto_generated|safe_q[7] ; CLK        ; CLK      ; None                        ; None                      ; 3.399 ns                ;
; N/A   ; 243.43 MHz ( period = 4.108 ns )               ; lpm_counter0:inst|lpm_counter:lpm_counter_component|cntr_nlh:auto_generated|safe_q[2] ; lpm_counter0:inst|lpm_counter:lpm_counter_component|cntr_nlh:auto_generated|safe_q[5] ; CLK        ; CLK      ; None                        ; None                      ; 3.399 ns                ;
; N/A   ; 243.43 MHz ( period = 4.108 ns )               ; lpm_counter0:inst|lpm_counter:lpm_counter_component|cntr_nlh:auto_generated|safe_q[2] ; lpm_counter0:inst|lpm_counter:lpm_counter_component|cntr_nlh:auto_generated|safe_q[6] ; CLK        ; CLK      ; None                        ; None                      ; 3.399 ns                ;
; N/A   ; 247.16 MHz ( period = 4.046 ns )               ; lpm_counter0:inst|lpm_counter:lpm_counter_component|cntr_nlh:auto_generated|safe_q[4] ; lpm_counter0:inst|lpm_counter:lpm_counter_component|cntr_nlh:auto_generated|safe_q[7] ; CLK        ; CLK      ; None                        ; None                      ; 3.337 ns                ;
; N/A   ; 247.16 MHz ( period = 4.046 ns )               ; lpm_counter0:inst|lpm_counter:lpm_counter_component|cntr_nlh:auto_generated|safe_q[4] ; lpm_counter0:inst|lpm_counter:lpm_counter_component|cntr_nlh:auto_generated|safe_q[5] ; CLK        ; CLK      ; None                        ; None                      ; 3.337 ns                ;
; N/A   ; 247.16 MHz ( period = 4.046 ns )               ; lpm_counter0:inst|lpm_counter:lpm_counter_component|cntr_nlh:auto_generated|safe_q[4] ; lpm_counter0:inst|lpm_counter:lpm_counter_component|cntr_nlh:auto_generated|safe_q[6] ; CLK        ; CLK      ; None                        ; None                      ; 3.337 ns                ;
; N/A   ; 257.33 MHz ( period = 3.886 ns )               ; lpm_counter0:inst|lpm_counter:lpm_counter_component|cntr_nlh:auto_generated|safe_q[0] ; lpm_counter0:inst|lpm_counter:lpm_counter_component|cntr_nlh:auto_generated|safe_q[4] ; CLK        ; CLK      ; None                        ; None                      ; 3.177 ns                ;
; N/A   ; 265.67 MHz ( period = 3.764 ns )               ; lpm_counter0:inst|lpm_counter:lpm_counter_component|cntr_nlh:auto_generated|safe_q[1] ; lpm_counter0:inst|lpm_counter:lpm_counter_component|cntr_nlh:auto_generated|safe_q[4] ; CLK        ; CLK      ; None                        ; None                      ; 3.055 ns                ;
; N/A   ; 265.75 MHz ( period = 3.763 ns )               ; lpm_counter0:inst|lpm_counter:lpm_counter_component|cntr_nlh:auto_generated|safe_q[0] ; lpm_counter0:inst|lpm_counter:lpm_counter_component|cntr_nlh:auto_generated|safe_q[3] ; CLK        ; CLK      ; None                        ; None                      ; 3.054 ns                ;
; N/A   ; 267.38 MHz ( period = 3.740 ns )               ; lpm_counter0:inst|lpm_counter:lpm_counter_component|cntr_nlh:auto_generated|safe_q[6] ; lpm_counter0:inst|lpm_counter:lpm_counter_component|cntr_nlh:auto_generated|safe_q[7] ; CLK        ; CLK      ; None                        ; None                      ; 3.031 ns                ;
; N/A   ; 268.67 MHz ( period = 3.722 ns )               ; lpm_counter0:inst|lpm_counter:lpm_counter_component|cntr_nlh:auto_generated|safe_q[3] ; lpm_counter0:inst|lpm_counter:lpm_counter_component|cntr_nlh:auto_generated|safe_q[4] ; CLK        ; CLK      ; None                        ; None                      ; 3.013 ns                ;
; N/A   ; 274.65 MHz ( period = 3.641 ns )               ; lpm_counter0:inst|lpm_counter:lpm_counter_component|cntr_nlh:auto_generated|safe_q[2] ; lpm_counter0:inst|lpm_counter:lpm_counter_component|cntr_nlh:auto_generated|safe_q[4] ; CLK        ; CLK      ; None                        ; None                      ; 2.932 ns                ;
; N/A   ; 274.65 MHz ( period = 3.641 ns )               ; lpm_counter0:inst|lpm_counter:lpm_counter_component|cntr_nlh:auto_generated|safe_q[1] ; lpm_counter0:inst|lpm_counter:lpm_counter_component|cntr_nlh:auto_generated|safe_q[3] ; CLK        ; CLK      ; None                        ; None                      ; 2.932 ns                ;
; N/A   ; 274.73 MHz ( period = 3.640 ns )               ; lpm_counter0:inst|lpm_counter:lpm_counter_component|cntr_nlh:auto_generated|safe_q[0] ; lpm_counter0:inst|lpm_counter:lpm_counter_component|cntr_nlh:auto_generated|safe_q[2] ; CLK        ; CLK      ; None                        ; None                      ; 2.931 ns                ;
; N/A   ; 284.25 MHz ( period = 3.518 ns )               ; lpm_counter0:inst|lpm_counter:lpm_counter_component|cntr_nlh:auto_generated|safe_q[2] ; lpm_counter0:inst|lpm_counter:lpm_counter_component|cntr_nlh:auto_generated|safe_q[3] ; CLK        ; CLK      ; None                        ; None                      ; 2.809 ns                ;
; N/A   ; 284.25 MHz ( period = 3.518 ns )               ; lpm_counter0:inst|lpm_counter:lpm_counter_component|cntr_nlh:auto_generated|safe_q[1] ; lpm_counter0:inst|lpm_counter:lpm_counter_component|cntr_nlh:auto_generated|safe_q[2] ; CLK        ; CLK      ; None                        ; None                      ; 2.809 ns                ;
; N/A   ; 284.33 MHz ( period = 3.517 ns )               ; lpm_counter0:inst|lpm_counter:lpm_counter_component|cntr_nlh:auto_generated|safe_q[0] ; lpm_counter0:inst|lpm_counter:lpm_counter_component|cntr_nlh:auto_generated|safe_q[1] ; CLK        ; CLK      ; None                        ; None                      ; 2.808 ns                ;
; N/A   ; Restricted to 304.04 MHz ( period = 3.289 ns ) ; lpm_counter0:inst|lpm_counter:lpm_counter_component|cntr_nlh:auto_generated|safe_q[7] ; lpm_counter0:inst|lpm_counter:lpm_counter_component|cntr_nlh:auto_generated|safe_q[7] ; CLK        ; CLK      ; None                        ; None                      ; 2.480 ns                ;
; N/A   ; Restricted to 304.04 MHz ( period = 3.289 ns ) ; lpm_counter0:inst|lpm_counter:lpm_counter_component|cntr_nlh:auto_generated|safe_q[5] ; lpm_counter0:inst|lpm_counter:lpm_counter_component|cntr_nlh:auto_generated|safe_q[5] ; CLK        ; CLK      ; None                        ; None                      ; 2.473 ns                ;
; N/A   ; Restricted to 304.04 MHz ( period = 3.289 ns ) ; lpm_counter0:inst|lpm_counter:lpm_counter_component|cntr_nlh:auto_generated|safe_q[4] ; lpm_counter0:inst|lpm_counter:lpm_counter_component|cntr_nlh:auto_generated|safe_q[4] ; CLK        ; CLK      ; None                        ; None                      ; 2.076 ns                ;
; N/A   ; Restricted to 304.04 MHz ( period = 3.289 ns ) ; lpm_counter0:inst|lpm_counter:lpm_counter_component|cntr_nlh:auto_generated|safe_q[6] ; lpm_counter0:inst|lpm_counter:lpm_counter_component|cntr_nlh:auto_generated|safe_q[6] ; CLK        ; CLK      ; None                        ; None                      ; 2.075 ns                ;
; N/A   ; Restricted to 304.04 MHz ( period = 3.289 ns ) ; lpm_counter0:inst|lpm_counter:lpm_counter_component|cntr_nlh:auto_generated|safe_q[3] ; lpm_counter0:inst|lpm_counter:lpm_counter_component|cntr_nlh:auto_generated|safe_q[3] ; CLK        ; CLK      ; None                        ; None                      ; 2.057 ns                ;
; N/A   ; Restricted to 304.04 MHz ( period = 3.289 ns ) ; lpm_counter0:inst|lpm_counter:lpm_counter_component|cntr_nlh:auto_generated|safe_q[2] ; lpm_counter0:inst|lpm_counter:lpm_counter_component|cntr_nlh:auto_generated|safe_q[2] ; CLK        ; CLK      ; None                        ; None                      ; 1.962 ns                ;
; N/A   ; Restricted to 304.04 MHz ( period = 3.289 ns ) ; lpm_counter0:inst|lpm_counter:lpm_counter_component|cntr_nlh:auto_generated|safe_q[1] ; lpm_counter0:inst|lpm_counter:lpm_counter_component|cntr_nlh:auto_generated|safe_q[1] ; CLK        ; CLK      ; None                        ; None                      ; 1.962 ns                ;
; N/A   ; Restricted to 304.04 MHz ( period = 3.289 ns ) ; lpm_counter0:inst|lpm_counter:lpm_counter_component|cntr_nlh:auto_generated|safe_q[0] ; lpm_counter0:inst|lpm_counter:lpm_counter_component|cntr_nlh:auto_generated|safe_q[0] ; CLK        ; CLK      ; None                        ; None                      ; 1.961 ns                ;
+-------+------------------------------------------------+---------------------------------------------------------------------------------------+---------------------------------------------------------------------------------------+------------+----------+-----------------------------+---------------------------+-------------------------+


+---------------------------------------------------------------------------------------------------------------------------------------------------+
; tco                                                                                                                                               ;
+-------+--------------+------------+---------------------------------------------------------------------------------------+----------+------------+
; Slack ; Required tco ; Actual tco ; From                                                                                  ; To       ; From Clock ;
+-------+--------------+------------+---------------------------------------------------------------------------------------+----------+------------+
; N/A   ; None         ; 15.172 ns  ; lpm_counter0:inst|lpm_counter:lpm_counter_component|cntr_nlh:auto_generated|safe_q[4] ; compare1 ; CLK        ;
; N/A   ; None         ; 14.981 ns  ; lpm_counter0:inst|lpm_counter:lpm_counter_component|cntr_nlh:auto_generated|safe_q[5] ; compare1 ; CLK        ;
; N/A   ; None         ; 14.299 ns  ; lpm_counter0:inst|lpm_counter:lpm_counter_component|cntr_nlh:auto_generated|safe_q[7] ; compare1 ; CLK        ;
; N/A   ; None         ; 14.125 ns  ; lpm_counter0:inst|lpm_counter:lpm_counter_component|cntr_nlh:auto_generated|safe_q[0] ; PWM_out  ; CLK        ;
; N/A   ; None         ; 14.109 ns  ; lpm_counter0:inst|lpm_counter:lpm_counter_component|cntr_nlh:auto_generated|safe_q[1] ; compare1 ; CLK        ;
; N/A   ; None         ; 14.068 ns  ; lpm_counter0:inst|lpm_counter:lpm_counter_component|cntr_nlh:auto_generated|safe_q[0] ; compare1 ; CLK        ;
; N/A   ; None         ; 14.049 ns  ; lpm_counter0:inst|lpm_counter:lpm_counter_component|cntr_nlh:auto_generated|safe_q[1] ; PWM_out  ; CLK        ;
; N/A   ; None         ; 13.980 ns  ; lpm_counter0:inst|lpm_counter:lpm_counter_component|cntr_nlh:auto_generated|safe_q[3] ; PWM_out  ; CLK        ;
; N/A   ; None         ; 13.947 ns  ; lpm_counter0:inst|lpm_counter:lpm_counter_component|cntr_nlh:auto_generated|safe_q[2] ; PWM_out  ; CLK        ;
; N/A   ; None         ; 13.784 ns  ; lpm_counter0:inst|lpm_counter:lpm_counter_component|cntr_nlh:auto_generated|safe_q[3] ; compare1 ; CLK        ;
; N/A   ; None         ; 13.628 ns  ; lpm_counter0:inst|lpm_counter:lpm_counter_component|cntr_nlh:auto_generated|safe_q[6] ; compare1 ; CLK        ;
; N/A   ; None         ; 13.564 ns  ; lpm_counter0:inst|lpm_counter:lpm_counter_component|cntr_nlh:auto_generated|safe_q[4] ; PWM_out  ; CLK        ;
; N/A   ; None         ; 13.487 ns  ; lpm_counter0:inst|lpm_counter:lpm_counter_component|cntr_nlh:auto_generated|safe_q[6] ; PWM_out  ; CLK        ;
; N/A   ; None         ; 13.331 ns  ; lpm_counter0:inst|lpm_counter:lpm_counter_component|cntr_nlh:auto_generated|safe_q[2] ; compare1 ; CLK        ;
; N/A   ; None         ; 13.307 ns  ; lpm_counter0:inst|lpm_counter:lpm_counter_component|cntr_nlh:auto_generated|safe_q[5] ; PWM_out  ; CLK        ;
; N/A   ; None         ; 12.389 ns  ; lpm_counter0:inst|lpm_counter:lpm_counter_component|cntr_nlh:auto_generated|safe_q[7] ; PWM_out  ; CLK        ;
+-------+--------------+------------+---------------------------------------------------------------------------------------+----------+------------+


+-----------------------------------------------------------------+
; tpd                                                             ;
+-------+-------------------+-----------------+--------+----------+
; Slack ; Required P2P Time ; Actual P2P Time ; From   ; To       ;
+-------+-------------------+-----------------+--------+----------+
; N/A   ; None              ; 13.745 ns       ; T[5]   ; compare1 ;
; N/A   ; None              ; 13.374 ns       ; T[4]   ; compare1 ;
; N/A   ; None              ; 13.369 ns       ; T[7]   ; compare1 ;
; N/A   ; None              ; 12.338 ns       ; T[1]   ; compare1 ;
; N/A   ; None              ; 11.838 ns       ; Ton[1] ; PWM_out  ;
; N/A   ; None              ; 11.367 ns       ; T[0]   ; compare1 ;
; N/A   ; None              ; 11.365 ns       ; T[2]   ; compare1 ;
; N/A   ; None              ; 11.297 ns       ; T[6]   ; compare1 ;
; N/A   ; None              ; 11.286 ns       ; T[3]   ; compare1 ;
; N/A   ; None              ; 11.160 ns       ; Ton[0] ; PWM_out  ;
; N/A   ; None              ; 10.666 ns       ; Ton[2] ; PWM_out  ;
; N/A   ; None              ; 10.558 ns       ; Ton[4] ; PWM_out  ;
; N/A   ; None              ; 10.479 ns       ; Ton[3] ; PWM_out  ;
; N/A   ; None              ; 10.397 ns       ; Ton[5] ; PWM_out  ;
; N/A   ; None              ; 9.664 ns        ; Ton[6] ; PWM_out  ;
; N/A   ; None              ; 7.997 ns        ; Ton[7] ; PWM_out  ;
+-------+-------------------+-----------------+--------+----------+


+--------------------------+
; Timing Analyzer Messages ;
+--------------------------+
Info: *******************************************************************
Info: Running Quartus II Classic Timing Analyzer
    Info: Version 9.1 Build 350 03/24/2010 Service Pack 2 SJ Web Edition
    Info: Processing started: Fri Sep 17 02:14:14 2021
Info: Command: quartus_tan --read_settings_files=off --write_settings_files=off PWM -c PWM
Info: Started post-fitting delay annotation
Info: Delay annotation completed successfully
Warning: Found pins functioning as undefined clocks and/or memory enables
    Info: Assuming node "CLK" is an undefined clock
Info: Clock "CLK" has Internal fmax of 229.73 MHz between source register "lpm_counter0:inst|lpm_counter:lpm_counter_component|cntr_nlh:auto_generated|safe_q[0]" and destination register "lpm_counter0:inst|lpm_counter:lpm_counter_component|cntr_nlh:auto_generated|safe_q[7]" (period= 4.353 ns)
    Info: + Longest register to register delay is 3.644 ns
        Info: 1: + IC(0.000 ns) + CELL(0.000 ns) = 0.000 ns; Loc. = LC_X6_Y5_N0; Fanout = 8; REG Node = 'lpm_counter0:inst|lpm_counter:lpm_counter_component|cntr_nlh:auto_generated|safe_q[0]'
        Info: 2: + IC(0.900 ns) + CELL(0.747 ns) = 1.647 ns; Loc. = LC_X6_Y5_N0; Fanout = 2; COMB Node = 'lpm_counter0:inst|lpm_counter:lpm_counter_component|cntr_nlh:auto_generated|counter_cella0~COUT'
        Info: 3: + IC(0.000 ns) + CELL(0.123 ns) = 1.770 ns; Loc. = LC_X6_Y5_N1; Fanout = 2; COMB Node = 'lpm_counter0:inst|lpm_counter:lpm_counter_component|cntr_nlh:auto_generated|counter_cella1~COUT'
        Info: 4: + IC(0.000 ns) + CELL(0.123 ns) = 1.893 ns; Loc. = LC_X6_Y5_N2; Fanout = 2; COMB Node = 'lpm_counter0:inst|lpm_counter:lpm_counter_component|cntr_nlh:auto_generated|counter_cella2~COUT'
        Info: 5: + IC(0.000 ns) + CELL(0.123 ns) = 2.016 ns; Loc. = LC_X6_Y5_N3; Fanout = 2; COMB Node = 'lpm_counter0:inst|lpm_counter:lpm_counter_component|cntr_nlh:auto_generated|counter_cella3~COUT'
        Info: 6: + IC(0.000 ns) + CELL(0.261 ns) = 2.277 ns; Loc. = LC_X6_Y5_N4; Fanout = 3; COMB Node = 'lpm_counter0:inst|lpm_counter:lpm_counter_component|cntr_nlh:auto_generated|counter_cella4~COUT'
        Info: 7: + IC(0.000 ns) + CELL(1.367 ns) = 3.644 ns; Loc. = LC_X6_Y5_N7; Fanout = 4; REG Node = 'lpm_counter0:inst|lpm_counter:lpm_counter_component|cntr_nlh:auto_generated|safe_q[7]'
        Info: Total cell delay = 2.744 ns ( 75.30 % )
        Info: Total interconnect delay = 0.900 ns ( 24.70 % )
    Info: - Smallest clock skew is 0.000 ns
        Info: + Shortest clock path from clock "CLK" to destination register is 3.819 ns
            Info: 1: + IC(0.000 ns) + CELL(1.163 ns) = 1.163 ns; Loc. = PIN_18; Fanout = 8; CLK Node = 'CLK'
            Info: 2: + IC(1.738 ns) + CELL(0.918 ns) = 3.819 ns; Loc. = LC_X6_Y5_N7; Fanout = 4; REG Node = 'lpm_counter0:inst|lpm_counter:lpm_counter_component|cntr_nlh:auto_generated|safe_q[7]'
            Info: Total cell delay = 2.081 ns ( 54.49 % )
            Info: Total interconnect delay = 1.738 ns ( 45.51 % )
        Info: - Longest clock path from clock "CLK" to source register is 3.819 ns
            Info: 1: + IC(0.000 ns) + CELL(1.163 ns) = 1.163 ns; Loc. = PIN_18; Fanout = 8; CLK Node = 'CLK'
            Info: 2: + IC(1.738 ns) + CELL(0.918 ns) = 3.819 ns; Loc. = LC_X6_Y5_N0; Fanout = 8; REG Node = 'lpm_counter0:inst|lpm_counter:lpm_counter_component|cntr_nlh:auto_generated|safe_q[0]'
            Info: Total cell delay = 2.081 ns ( 54.49 % )
            Info: Total interconnect delay = 1.738 ns ( 45.51 % )
    Info: + Micro clock to output delay of source is 0.376 ns
    Info: + Micro setup delay of destination is 0.333 ns
Info: tco from clock "CLK" to destination pin "compare1" through register "lpm_counter0:inst|lpm_counter:lpm_counter_component|cntr_nlh:auto_generated|safe_q[4]" is 15.172 ns
    Info: + Longest clock path from clock "CLK" to source register is 3.819 ns
        Info: 1: + IC(0.000 ns) + CELL(1.163 ns) = 1.163 ns; Loc. = PIN_18; Fanout = 8; CLK Node = 'CLK'
        Info: 2: + IC(1.738 ns) + CELL(0.918 ns) = 3.819 ns; Loc. = LC_X6_Y5_N4; Fanout = 5; REG Node = 'lpm_counter0:inst|lpm_counter:lpm_counter_component|cntr_nlh:auto_generated|safe_q[4]'
        Info: Total cell delay = 2.081 ns ( 54.49 % )
        Info: Total interconnect delay = 1.738 ns ( 45.51 % )
    Info: + Micro clock to output delay of source is 0.376 ns
    Info: + Longest register to pin delay is 10.977 ns
        Info: 1: + IC(0.000 ns) + CELL(0.000 ns) = 0.000 ns; Loc. = LC_X6_Y5_N4; Fanout = 5; REG Node = 'lpm_counter0:inst|lpm_counter:lpm_counter_component|cntr_nlh:auto_generated|safe_q[4]'
        Info: 2: + IC(1.262 ns) + CELL(0.740 ns) = 2.002 ns; Loc. = LC_X6_Y5_N9; Fanout = 1; COMB Node = 'lpm_compare0:inst1|lpm_compare:lpm_compare_component|cmpr_d7g:auto_generated|aeb_int~0'
        Info: 3: + IC(1.737 ns) + CELL(0.511 ns) = 4.250 ns; Loc. = LC_X2_Y5_N0; Fanout = 1; COMB Node = 'lpm_compare0:inst1|lpm_compare:lpm_compare_component|cmpr_d7g:auto_generated|aeb_int~1'
        Info: 4: + IC(1.901 ns) + CELL(0.511 ns) = 6.662 ns; Loc. = LC_X5_Y6_N8; Fanout = 9; COMB Node = 'lpm_compare0:inst1|lpm_compare:lpm_compare_component|cmpr_d7g:auto_generated|ageb'
        Info: 5: + IC(1.993 ns) + CELL(2.322 ns) = 10.977 ns; Loc. = PIN_44; Fanout = 0; PIN Node = 'compare1'
        Info: Total cell delay = 4.084 ns ( 37.21 % )
        Info: Total interconnect delay = 6.893 ns ( 62.79 % )
Info: Longest tpd from source pin "T[5]" to destination pin "compare1" is 13.745 ns
    Info: 1: + IC(0.000 ns) + CELL(1.163 ns) = 1.163 ns; Loc. = PIN_89; Fanout = 3; PIN Node = 'T[5]'
    Info: 2: + IC(3.096 ns) + CELL(0.511 ns) = 4.770 ns; Loc. = LC_X6_Y5_N9; Fanout = 1; COMB Node = 'lpm_compare0:inst1|lpm_compare:lpm_compare_component|cmpr_d7g:auto_generated|aeb_int~0'
    Info: 3: + IC(1.737 ns) + CELL(0.511 ns) = 7.018 ns; Loc. = LC_X2_Y5_N0; Fanout = 1; COMB Node = 'lpm_compare0:inst1|lpm_compare:lpm_compare_component|cmpr_d7g:auto_generated|aeb_int~1'
    Info: 4: + IC(1.901 ns) + CELL(0.511 ns) = 9.430 ns; Loc. = LC_X5_Y6_N8; Fanout = 9; COMB Node = 'lpm_compare0:inst1|lpm_compare:lpm_compare_component|cmpr_d7g:auto_generated|ageb'
    Info: 5: + IC(1.993 ns) + CELL(2.322 ns) = 13.745 ns; Loc. = PIN_44; Fanout = 0; PIN Node = 'compare1'
    Info: Total cell delay = 5.018 ns ( 36.51 % )
    Info: Total interconnect delay = 8.727 ns ( 63.49 % )
Info: Quartus II Classic Timing Analyzer was successful. 0 errors, 1 warning
    Info: Peak virtual memory: 185 megabytes
    Info: Processing ended: Fri Sep 17 02:14:14 2021
    Info: Elapsed time: 00:00:00
    Info: Total CPU time (on all processors): 00:00:00


