Analysis & Synthesis report for PWM
Fri Sep 17 02:14:11 2021
Quartus II Version 9.1 Build 350 03/24/2010 Service Pack 2 SJ Web Edition


---------------------
; Table of Contents ;
---------------------
  1. Legal Notice
  2. Analysis & Synthesis Summary
  3. Analysis & Synthesis Settings
  4. Parallel Compilation
  5. Analysis & Synthesis Source Files Read
  6. Analysis & Synthesis Resource Usage Summary
  7. Analysis & Synthesis Resource Utilization by Entity
  8. General Register Statistics
  9. Source assignments for lpm_counter0:inst|lpm_counter:lpm_counter_component
 10. Parameter Settings for User Entity Instance: lpm_compare1:inst3|lpm_compare:lpm_compare_component
 11. Parameter Settings for User Entity Instance: lpm_counter0:inst|lpm_counter:lpm_counter_component
 12. Parameter Settings for User Entity Instance: lpm_compare0:inst1|lpm_compare:lpm_compare_component
 13. Analysis & Synthesis Messages



----------------
; Legal Notice ;
----------------
Copyright (C) 1991-2010 Altera Corporation
Your use of Altera Corporation's design tools, logic functions 
and other software and tools, and its AMPP partner logic 
functions, and any output files from any of the foregoing 
(including device programming or simulation files), and any 
associated documentation or information are expressly subject 
to the terms and conditions of the Altera Program License 
Subscription Agreement, Altera MegaCore Function License 
Agreement, or other applicable license agreement, including, 
without limitation, that your use is for the sole purpose of 
programming logic devices manufactured by Altera and sold by 
Altera or its authorized distributors.  Please refer to the 
applicable agreement for further details.



+----------------------------------------------------------------------------+
; Analysis & Synthesis Summary                                               ;
+-----------------------------+----------------------------------------------+
; Analysis & Synthesis Status ; Successful - Fri Sep 17 02:14:11 2021        ;
; Quartus II Version          ; 9.1 Build 350 03/24/2010 SP 2 SJ Web Edition ;
; Revision Name               ; PWM                                          ;
; Top-level Entity Name       ; pwm                                          ;
; Family                      ; MAX II                                       ;
; Total logic elements        ; 30                                           ;
; Total pins                  ; 19                                           ;
; Total virtual pins          ; 0                                            ;
; UFM blocks                  ; 0 / 1 ( 0 % )                                ;
+-----------------------------+----------------------------------------------+


+----------------------------------------------------------------------------------------------------------------------+
; Analysis & Synthesis Settings                                                                                        ;
+----------------------------------------------------------------------------+--------------------+--------------------+
; Option                                                                     ; Setting            ; Default Value      ;
+----------------------------------------------------------------------------+--------------------+--------------------+
; Device                                                                     ; EPM1270T144I5      ;                    ;
; Top-level entity name                                                      ; PWM                ; PWM                ;
; Family name                                                                ; MAX II             ; Stratix II         ;
; Use Generated Physical Constraints File                                    ; Off                ;                    ;
; Use smart compilation                                                      ; Off                ; Off                ;
; Enable parallel Assembler and TimeQuest Timing Analyzer during compilation ; On                 ; On                 ;
; Enable compact report table                                                ; Off                ; Off                ;
; Restructure Multiplexers                                                   ; Auto               ; Auto               ;
; Create Debugging Nodes for IP Cores                                        ; Off                ; Off                ;
; Preserve fewer node names                                                  ; On                 ; On                 ;
; Disable OpenCore Plus hardware evaluation                                  ; Off                ; Off                ;
; Verilog Version                                                            ; Verilog_2001       ; Verilog_2001       ;
; VHDL Version                                                               ; VHDL_1993          ; VHDL_1993          ;
; State Machine Processing                                                   ; Auto               ; Auto               ;
; Safe State Machine                                                         ; Off                ; Off                ;
; Extract Verilog State Machines                                             ; On                 ; On                 ;
; Extract VHDL State Machines                                                ; On                 ; On                 ;
; Ignore Verilog initial constructs                                          ; Off                ; Off                ;
; Iteration limit for constant Verilog loops                                 ; 5000               ; 5000               ;
; Iteration limit for non-constant Verilog loops                             ; 250                ; 250                ;
; Add Pass-Through Logic to Inferred RAMs                                    ; On                 ; On                 ;
; Parallel Synthesis                                                         ; On                 ; On                 ;
; NOT Gate Push-Back                                                         ; On                 ; On                 ;
; Power-Up Don't Care                                                        ; On                 ; On                 ;
; Remove Redundant Logic Cells                                               ; Off                ; Off                ;
; Remove Duplicate Registers                                                 ; On                 ; On                 ;
; Ignore CARRY Buffers                                                       ; Off                ; Off                ;
; Ignore CASCADE Buffers                                                     ; Off                ; Off                ;
; Ignore GLOBAL Buffers                                                      ; Off                ; Off                ;
; Ignore ROW GLOBAL Buffers                                                  ; Off                ; Off                ;
; Ignore LCELL Buffers                                                       ; Off                ; Off                ;
; Ignore SOFT Buffers                                                        ; On                 ; On                 ;
; Limit AHDL Integers to 32 Bits                                             ; Off                ; Off                ;
; Optimization Technique                                                     ; Balanced           ; Balanced           ;
; Carry Chain Length                                                         ; 70                 ; 70                 ;
; Auto Carry Chains                                                          ; On                 ; On                 ;
; Auto Open-Drain Pins                                                       ; On                 ; On                 ;
; Perform WYSIWYG Primitive Resynthesis                                      ; Off                ; Off                ;
; Auto Shift Register Replacement                                            ; Auto               ; Auto               ;
; Auto Clock Enable Replacement                                              ; On                 ; On                 ;
; Allow Synchronous Control Signals                                          ; On                 ; On                 ;
; Force Use of Synchronous Clear Signals                                     ; Off                ; Off                ;
; Auto Resource Sharing                                                      ; Off                ; Off                ;
; Use LogicLock Constraints during Resource Balancing                        ; On                 ; On                 ;
; Ignore translate_off and synthesis_off directives                          ; Off                ; Off                ;
; Show Parameter Settings Tables in Synthesis Report                         ; On                 ; On                 ;
; Ignore Maximum Fan-Out Assignments                                         ; Off                ; Off                ;
; Synchronization Register Chain Length                                      ; 2                  ; 2                  ;
; PowerPlay Power Optimization                                               ; Normal compilation ; Normal compilation ;
; HDL message level                                                          ; Level2             ; Level2             ;
; Suppress Register Optimization Related Messages                            ; Off                ; Off                ;
; Number of Removed Registers Reported in Synthesis Report                   ; 5000               ; 5000               ;
; Number of Inverted Registers Reported in Synthesis Report                  ; 100                ; 100                ;
; Clock MUX Protection                                                       ; On                 ; On                 ;
; Block Design Naming                                                        ; Auto               ; Auto               ;
; Synthesis Effort                                                           ; Auto               ; Auto               ;
; Shift Register Replacement - Allow Asynchronous Clear Signal               ; On                 ; On                 ;
; Analysis & Synthesis Message Level                                         ; Medium             ; Medium             ;
; Disable Register Merging Across Hierarchies                                ; Auto               ; Auto               ;
+----------------------------------------------------------------------------+--------------------+--------------------+


Parallel compilation was disabled, but you have multiple processors available. Enable parallel compilation to reduce compilation time.
+-------------------------------------+
; Parallel Compilation                ;
+----------------------------+--------+
; Processors                 ; Number ;
+----------------------------+--------+
; Number detected on machine ; 4      ;
; Maximum allowed            ; 1      ;
+----------------------------+--------+


+-----------------------------------------------------------------------------------------------------------------------------------------------------------------+
; Analysis & Synthesis Source Files Read                                                                                                                          ;
+----------------------------------+-----------------+------------------------------------------+-----------------------------------------------------------------+
; File Name with User-Entered Path ; Used in Netlist ; File Type                                ; File Name with Absolute Path                                    ;
+----------------------------------+-----------------+------------------------------------------+-----------------------------------------------------------------+
; pwm.bdf                          ; yes             ; Auto-Found Block Diagram/Schematic File  ; C:/Users/ASUS/Desktop/Quatus project/PWM/pwm.bdf                ;
; lpm_compare1.tdf                 ; yes             ; Auto-Found Wizard-Generated File         ; C:/Users/ASUS/Desktop/Quatus project/PWM/lpm_compare1.tdf       ;
; lpm_compare.inc                  ; yes             ; Megafunction                             ; c:/altera/91sp2/quartus/libraries/megafunctions/lpm_compare.inc ;
; lpm_compare.tdf                  ; yes             ; Megafunction                             ; c:/altera/91sp2/quartus/libraries/megafunctions/lpm_compare.tdf ;
; db/cmpr_d4g.tdf                  ; yes             ; Auto-Generated Megafunction              ; C:/Users/ASUS/Desktop/Quatus project/PWM/db/cmpr_d4g.tdf        ;
; lpm_counter0.tdf                 ; yes             ; Auto-Found Wizard-Generated File         ; C:/Users/ASUS/Desktop/Quatus project/PWM/lpm_counter0.tdf       ;
; lpm_counter.inc                  ; yes             ; Megafunction                             ; c:/altera/91sp2/quartus/libraries/megafunctions/lpm_counter.inc ;
; lpm_counter.tdf                  ; yes             ; Megafunction                             ; c:/altera/91sp2/quartus/libraries/megafunctions/lpm_counter.tdf ;
; db/cntr_nlh.tdf                  ; yes             ; Auto-Generated Megafunction              ; C:/Users/ASUS/Desktop/Quatus project/PWM/db/cntr_nlh.tdf        ;
; lpm_compare0.tdf                 ; yes             ; Auto-Found Wizard-Generated File         ; C:/Users/ASUS/Desktop/Quatus project/PWM/lpm_compare0.tdf       ;
; db/cmpr_d7g.tdf                  ; yes             ; Auto-Generated Megafunction              ; C:/Users/ASUS/Desktop/Quatus project/PWM/db/cmpr_d7g.tdf        ;
+----------------------------------+-----------------+------------------------------------------+-----------------------------------------------------------------+


+---------------------------------------------------------------------------------------------------------------------------------+
; Analysis & Synthesis Resource Usage Summary                                                                                     ;
+---------------------------------------------+-----------------------------------------------------------------------------------+
; Resource                                    ; Usage                                                                             ;
+---------------------------------------------+-----------------------------------------------------------------------------------+
; Total logic elements                        ; 30                                                                                ;
;     -- Combinational with no register       ; 22                                                                                ;
;     -- Register only                        ; 0                                                                                 ;
;     -- Combinational with a register        ; 8                                                                                 ;
;                                             ;                                                                                   ;
; Logic element usage by number of LUT inputs ;                                                                                   ;
;     -- 4 input functions                    ; 5                                                                                 ;
;     -- 3 input functions                    ; 14                                                                                ;
;     -- 2 input functions                    ; 10                                                                                ;
;     -- 1 input functions                    ; 1                                                                                 ;
;     -- 0 input functions                    ; 0                                                                                 ;
;                                             ;                                                                                   ;
; Logic elements by mode                      ;                                                                                   ;
;     -- normal mode                          ; 9                                                                                 ;
;     -- arithmetic mode                      ; 21                                                                                ;
;     -- qfbk mode                            ; 0                                                                                 ;
;     -- register cascade mode                ; 0                                                                                 ;
;     -- synchronous clear/load mode          ; 0                                                                                 ;
;     -- asynchronous clear/load mode         ; 8                                                                                 ;
;                                             ;                                                                                   ;
; Total registers                             ; 8                                                                                 ;
; Total logic cells in carry chains           ; 24                                                                                ;
; I/O pins                                    ; 19                                                                                ;
; Maximum fan-out node                        ; lpm_compare0:inst1|lpm_compare:lpm_compare_component|cmpr_d7g:auto_generated|ageb ;
; Maximum fan-out                             ; 9                                                                                 ;
; Total fan-out                               ; 101                                                                               ;
; Average fan-out                             ; 2.06                                                                              ;
+---------------------------------------------+-----------------------------------------------------------------------------------+


+---------------------------------------------------------------------------------------------------------------------------------------------------------------------------------------------------------------------------------------------------------------------------------------------------+
; Analysis & Synthesis Resource Utilization by Entity                                                                                                                                                                                                                                               ;
+-------------------------------------------+-------------+--------------+------------+------+--------------+--------------+-------------------+------------------+-----------------+------------+-----------------------------------------------------------------------------------+--------------+
; Compilation Hierarchy Node                ; Logic Cells ; LC Registers ; UFM Blocks ; Pins ; Virtual Pins ; LUT-Only LCs ; Register-Only LCs ; LUT/Register LCs ; Carry Chain LCs ; Packed LCs ; Full Hierarchy Name                                                               ; Library Name ;
+-------------------------------------------+-------------+--------------+------------+------+--------------+--------------+-------------------+------------------+-----------------+------------+-----------------------------------------------------------------------------------+--------------+
; |pwm                                      ; 30 (0)      ; 8            ; 0          ; 19   ; 0            ; 22 (0)       ; 0 (0)             ; 8 (0)            ; 24 (0)          ; 0 (0)      ; |pwm                                                                              ; work         ;
;    |lpm_compare0:inst1|                   ; 14 (0)      ; 0            ; 0          ; 0    ; 0            ; 14 (0)       ; 0 (0)             ; 0 (0)            ; 8 (0)           ; 0 (0)      ; |pwm|lpm_compare0:inst1                                                           ; work         ;
;       |lpm_compare:lpm_compare_component| ; 14 (0)      ; 0            ; 0          ; 0    ; 0            ; 14 (0)       ; 0 (0)             ; 0 (0)            ; 8 (0)           ; 0 (0)      ; |pwm|lpm_compare0:inst1|lpm_compare:lpm_compare_component                         ; work         ;
;          |cmpr_d7g:auto_generated|        ; 14 (14)     ; 0            ; 0          ; 0    ; 0            ; 14 (14)      ; 0 (0)             ; 0 (0)            ; 8 (8)           ; 0 (0)      ; |pwm|lpm_compare0:inst1|lpm_compare:lpm_compare_component|cmpr_d7g:auto_generated ; work         ;
;    |lpm_compare1:inst3|                   ; 8 (0)       ; 0            ; 0          ; 0    ; 0            ; 8 (0)        ; 0 (0)             ; 0 (0)            ; 8 (0)           ; 0 (0)      ; |pwm|lpm_compare1:inst3                                                           ; work         ;
;       |lpm_compare:lpm_compare_component| ; 8 (0)       ; 0            ; 0          ; 0    ; 0            ; 8 (0)        ; 0 (0)             ; 0 (0)            ; 8 (0)           ; 0 (0)      ; |pwm|lpm_compare1:inst3|lpm_compare:lpm_compare_component                         ; work         ;
;          |cmpr_d4g:auto_generated|        ; 8 (8)       ; 0            ; 0          ; 0    ; 0            ; 8 (8)        ; 0 (0)             ; 0 (0)            ; 8 (8)           ; 0 (0)      ; |pwm|lpm_compare1:inst3|lpm_compare:lpm_compare_component|cmpr_d4g:auto_generated ; work         ;
;    |lpm_counter0:inst|                    ; 8 (0)       ; 8            ; 0          ; 0    ; 0            ; 0 (0)        ; 0 (0)             ; 8 (0)            ; 8 (0)           ; 0 (0)      ; |pwm|lpm_counter0:inst                                                            ; work         ;
;       |lpm_counter:lpm_counter_component| ; 8 (0)       ; 8            ; 0          ; 0    ; 0            ; 0 (0)        ; 0 (0)             ; 8 (0)            ; 8 (0)           ; 0 (0)      ; |pwm|lpm_counter0:inst|lpm_counter:lpm_counter_component                          ; work         ;
;          |cntr_nlh:auto_generated|        ; 8 (8)       ; 8            ; 0          ; 0    ; 0            ; 0 (0)        ; 0 (0)             ; 8 (8)            ; 8 (8)           ; 0 (0)      ; |pwm|lpm_counter0:inst|lpm_counter:lpm_counter_component|cntr_nlh:auto_generated  ; work         ;
+-------------------------------------------+-------------+--------------+------------+------+--------------+--------------+-------------------+------------------+-----------------+------------+-----------------------------------------------------------------------------------+--------------+
Note: For table entries with two numbers listed, the numbers in parentheses indicate the number of resources of the given type used by the specific entity alone. The numbers listed outside of parentheses indicate the total resources of the given type used by the specific entity and all of its sub-entities in the hierarchy.


+------------------------------------------------------+
; General Register Statistics                          ;
+----------------------------------------------+-------+
; Statistic                                    ; Value ;
+----------------------------------------------+-------+
; Total registers                              ; 8     ;
; Number of registers using Synchronous Clear  ; 0     ;
; Number of registers using Synchronous Load   ; 0     ;
; Number of registers using Asynchronous Clear ; 8     ;
; Number of registers using Asynchronous Load  ; 0     ;
; Number of registers using Clock Enable       ; 0     ;
; Number of registers using Preset             ; 0     ;
+----------------------------------------------+-------+


+----------------------------------------------------------------------------+
; Source assignments for lpm_counter0:inst|lpm_counter:lpm_counter_component ;
+---------------------------+-------+------+---------------------------------+
; Assignment                ; Value ; From ; To                              ;
+---------------------------+-------+------+---------------------------------+
; SUPPRESS_DA_RULE_INTERNAL ; a101  ; -    ; -                               ;
; SUPPRESS_DA_RULE_INTERNAL ; s102  ; -    ; -                               ;
; SUPPRESS_DA_RULE_INTERNAL ; s103  ; -    ; -                               ;
+---------------------------+-------+------+---------------------------------+


+---------------------------------------------------------------------------------------------------+
; Parameter Settings for User Entity Instance: lpm_compare1:inst3|lpm_compare:lpm_compare_component ;
+------------------------+----------+---------------------------------------------------------------+
; Parameter Name         ; Value    ; Type                                                          ;
+------------------------+----------+---------------------------------------------------------------+
; lpm_width              ; 8        ; Untyped                                                       ;
; LPM_REPRESENTATION     ; UNSIGNED ; Untyped                                                       ;
; LPM_PIPELINE           ; 0        ; Untyped                                                       ;
; CHAIN_SIZE             ; 8        ; Untyped                                                       ;
; ONE_INPUT_IS_CONSTANT  ; NO       ; Untyped                                                       ;
; CARRY_CHAIN            ; MANUAL   ; Untyped                                                       ;
; CASCADE_CHAIN          ; MANUAL   ; Untyped                                                       ;
; CARRY_CHAIN_LENGTH     ; 48       ; CARRY_CHAIN_LENGTH                                            ;
; CASCADE_CHAIN_LENGTH   ; 2        ; CASCADE_CHAIN_LENGTH                                          ;
; DEVICE_FAMILY          ; MAX II   ; Untyped                                                       ;
; CBXI_PARAMETER         ; cmpr_d4g ; Untyped                                                       ;
; AUTO_CARRY_CHAINS      ; ON       ; AUTO_CARRY                                                    ;
; IGNORE_CARRY_BUFFERS   ; OFF      ; IGNORE_CARRY                                                  ;
; AUTO_CASCADE_CHAINS    ; ON       ; AUTO_CASCADE                                                  ;
; IGNORE_CASCADE_BUFFERS ; OFF      ; IGNORE_CASCADE                                                ;
+------------------------+----------+---------------------------------------------------------------+
Note: In order to hide this table in the UI and the text report file, please set the "Show Parameter Settings Tables in Synthesis Report" option in "Analysis and Synthesis Settings -> More Settings" to "Off".


+--------------------------------------------------------------------------------------------------+
; Parameter Settings for User Entity Instance: lpm_counter0:inst|lpm_counter:lpm_counter_component ;
+------------------------+-------------+-----------------------------------------------------------+
; Parameter Name         ; Value       ; Type                                                      ;
+------------------------+-------------+-----------------------------------------------------------+
; AUTO_CARRY_CHAINS      ; ON          ; AUTO_CARRY                                                ;
; IGNORE_CARRY_BUFFERS   ; OFF         ; IGNORE_CARRY                                              ;
; AUTO_CASCADE_CHAINS    ; ON          ; AUTO_CASCADE                                              ;
; IGNORE_CASCADE_BUFFERS ; OFF         ; IGNORE_CASCADE                                            ;
; LPM_WIDTH              ; 8           ; Untyped                                                   ;
; LPM_DIRECTION          ; UP          ; Untyped                                                   ;
; LPM_MODULUS            ; 0           ; Untyped                                                   ;
; LPM_AVALUE             ; UNUSED      ; Untyped                                                   ;
; LPM_SVALUE             ; UNUSED      ; Untyped                                                   ;
; LPM_PORT_UPDOWN        ; PORT_UNUSED ; Untyped                                                   ;
; DEVICE_FAMILY          ; MAX II      ; Untyped                                                   ;
; CARRY_CHAIN            ; MANUAL      ; Untyped                                                   ;
; CARRY_CHAIN_LENGTH     ; 48          ; CARRY_CHAIN_LENGTH                                        ;
; NOT_GATE_PUSH_BACK     ; ON          ; NOT_GATE_PUSH_BACK                                        ;
; CARRY_CNT_EN           ; SMART       ; Untyped                                                   ;
; LABWIDE_SCLR           ; ON          ; Untyped                                                   ;
; USE_NEW_VERSION        ; TRUE        ; Untyped                                                   ;
; CBXI_PARAMETER         ; cntr_nlh    ; Untyped                                                   ;
+------------------------+-------------+-----------------------------------------------------------+
Note: In order to hide this table in the UI and the text report file, please set the "Show Parameter Settings Tables in Synthesis Report" option in "Analysis and Synthesis Settings -> More Settings" to "Off".


+---------------------------------------------------------------------------------------------------+
; Parameter Settings for User Entity Instance: lpm_compare0:inst1|lpm_compare:lpm_compare_component ;
+------------------------+----------+---------------------------------------------------------------+
; Parameter Name         ; Value    ; Type                                                          ;
+------------------------+----------+---------------------------------------------------------------+
; lpm_width              ; 8        ; Untyped                                                       ;
; LPM_REPRESENTATION     ; UNSIGNED ; Untyped                                                       ;
; LPM_PIPELINE           ; 0        ; Untyped                                                       ;
; CHAIN_SIZE             ; 8        ; Untyped                                                       ;
; ONE_INPUT_IS_CONSTANT  ; NO       ; Untyped                                                       ;
; CARRY_CHAIN            ; MANUAL   ; Untyped                                                       ;
; CASCADE_CHAIN          ; MANUAL   ; Untyped                                                       ;
; CARRY_CHAIN_LENGTH     ; 48       ; CARRY_CHAIN_LENGTH                                            ;
; CASCADE_CHAIN_LENGTH   ; 2        ; CASCADE_CHAIN_LENGTH                                          ;
; DEVICE_FAMILY          ; MAX II   ; Untyped                                                       ;
; CBXI_PARAMETER         ; cmpr_d7g ; Untyped                                                       ;
; AUTO_CARRY_CHAINS      ; ON       ; AUTO_CARRY                                                    ;
; IGNORE_CARRY_BUFFERS   ; OFF      ; IGNORE_CARRY                                                  ;
; AUTO_CASCADE_CHAINS    ; ON       ; AUTO_CASCADE                                                  ;
; IGNORE_CASCADE_BUFFERS ; OFF      ; IGNORE_CASCADE                                                ;
+------------------------+----------+---------------------------------------------------------------+
Note: In order to hide this table in the UI and the text report file, please set the "Show Parameter Settings Tables in Synthesis Report" option in "Analysis and Synthesis Settings -> More Settings" to "Off".


+-------------------------------+
; Analysis & Synthesis Messages ;
+-------------------------------+
Info: *******************************************************************
Info: Running Quartus II Analysis & Synthesis
    Info: Version 9.1 Build 350 03/24/2010 Service Pack 2 SJ Web Edition
    Info: Processing started: Fri Sep 17 02:14:10 2021
Info: Command: quartus_map --read_settings_files=on --write_settings_files=off PWM -c PWM
Warning: Using design file pwm.bdf, which is not specified as a design file for the current project, but contains definitions for 1 design units and 1 entities in project
    Info: Found entity 1: pwm
Info: Elaborating entity "PWM" for the top level hierarchy
Warning: Using design file lpm_compare1.tdf, which is not specified as a design file for the current project, but contains definitions for 1 design units and 1 entities in project
    Info: Found entity 1: lpm_compare1
Info: Elaborating entity "lpm_compare1" for hierarchy "lpm_compare1:inst3"
Info: Elaborating entity "lpm_compare" for hierarchy "lpm_compare1:inst3|lpm_compare:lpm_compare_component"
Info: Elaborated megafunction instantiation "lpm_compare1:inst3|lpm_compare:lpm_compare_component"
Info: Instantiated megafunction "lpm_compare1:inst3|lpm_compare:lpm_compare_component" with the following parameter:
    Info: Parameter "LPM_TYPE" = "LPM_COMPARE"
    Info: Parameter "LPM_WIDTH" = "8"
    Info: Parameter "LPM_REPRESENTATION" = "UNSIGNED"
Info: Found 1 design units, including 1 entities, in source file db/cmpr_d4g.tdf
    Info: Found entity 1: cmpr_d4g
Info: Elaborating entity "cmpr_d4g" for hierarchy "lpm_compare1:inst3|lpm_compare:lpm_compare_component|cmpr_d4g:auto_generated"
Warning: Using design file lpm_counter0.tdf, which is not specified as a design file for the current project, but contains definitions for 1 design units and 1 entities in project
    Info: Found entity 1: lpm_counter0
Info: Elaborating entity "lpm_counter0" for hierarchy "lpm_counter0:inst"
Info: Elaborating entity "lpm_counter" for hierarchy "lpm_counter0:inst|lpm_counter:lpm_counter_component"
Info: Elaborated megafunction instantiation "lpm_counter0:inst|lpm_counter:lpm_counter_component"
Info: Instantiated megafunction "lpm_counter0:inst|lpm_counter:lpm_counter_component" with the following parameter:
    Info: Parameter "LPM_TYPE" = "LPM_COUNTER"
    Info: Parameter "LPM_WIDTH" = "8"
    Info: Parameter "LPM_DIRECTION" = "UP"
    Info: Parameter "LPM_PORT_UPDOWN" = "PORT_UNUSED"
Info: Found 1 design units, including 1 entities, in source file db/cntr_nlh.tdf
    Info: Found entity 1: cntr_nlh
Info: Elaborating entity "cntr_nlh" for hierarchy "lpm_counter0:inst|lpm_counter:lpm_counter_component|cntr_nlh:auto_generated"
Warning: Using design file lpm_compare0.tdf, which is not specified as a design file for the current project, but contains definitions for 1 design units and 1 entities in project
    Info: Found entity 1: lpm_compare0
Info: Elaborating entity "lpm_compare0" for hierarchy "lpm_compare0:inst1"
Info: Elaborating entity "lpm_compare" for hierarchy "lpm_compare0:inst1|lpm_compare:lpm_compare_component"
Info: Elaborated megafunction instantiation "lpm_compare0:inst1|lpm_compare:lpm_compare_component"
Info: Instantiated megafunction "lpm_compare0:inst1|lpm_compare:lpm_compare_component" with the following parameter:
    Info: Parameter "LPM_TYPE" = "LPM_COMPARE"
    Info: Parameter "LPM_WIDTH" = "8"
    Info: Parameter "LPM_REPRESENTATION" = "UNSIGNED"
Info: Found 1 design units, including 1 entities, in source file db/cmpr_d7g.tdf
    Info: Found entity 1: cmpr_d7g
Info: Elaborating entity "cmpr_d7g" for hierarchy "lpm_compare0:inst1|lpm_compare:lpm_compare_component|cmpr_d7g:auto_generated"
Info: Implemented 49 device resources after synthesis - the final resource count might be different
    Info: Implemented 17 input pins
    Info: Implemented 2 output pins
    Info: Implemented 30 logic cells
Info: Quartus II Analysis & Synthesis was successful. 0 errors, 4 warnings
    Info: Peak virtual memory: 223 megabytes
    Info: Processing ended: Fri Sep 17 02:14:11 2021
    Info: Elapsed time: 00:00:01
    Info: Total CPU time (on all processors): 00:00:01


