Classic Timing Analyzer report for HK1_1617
Thu Sep 30 15:36:02 2021
Quartus II Version 9.1 Build 350 03/24/2010 Service Pack 2 SJ Web Edition


---------------------
; Table of Contents ;
---------------------
  1. Legal Notice
  2. Timing Analyzer Summary
  3. Timing Analyzer Settings
  4. Clock Settings Summary
  5. Parallel Compilation
  6. Clock Setup: 'clk'
  7. tsu
  8. tco
  9. th
 10. Timing Analyzer Messages



----------------
; Legal Notice ;
----------------
Copyright (C) 1991-2010 Altera Corporation
Your use of Altera Corporation's design tools, logic functions 
and other software and tools, and its AMPP partner logic 
functions, and any output files from any of the foregoing 
(including device programming or simulation files), and any 
associated documentation or information are expressly subject 
to the terms and conditions of the Altera Program License 
Subscription Agreement, Altera MegaCore Function License 
Agreement, or other applicable license agreement, including, 
without limitation, that your use is for the sole purpose of 
programming logic devices manufactured by Altera and sold by 
Altera or its authorized distributors.  Please refer to the 
applicable agreement for further details.



+----------------------------------------------------------------------------------------------------------------------------------------------------------+
; Timing Analyzer Summary                                                                                                                                  ;
+------------------------------+-------+---------------+----------------------------------+------------+------------+------------+----------+--------------+
; Type                         ; Slack ; Required Time ; Actual Time                      ; From       ; To         ; From Clock ; To Clock ; Failed Paths ;
+------------------------------+-------+---------------+----------------------------------+------------+------------+------------+----------+--------------+
; Worst-case tsu               ; N/A   ; None          ; 3.976 ns                         ; enca       ; temp[7]    ; --         ; clk      ; 0            ;
; Worst-case tco               ; N/A   ; None          ; 6.878 ns                         ; D[14]~reg0 ; D[14]      ; clk        ; --       ; 0            ;
; Worst-case th                ; N/A   ; None          ; -1.071 ns                        ; enca       ; pre_enca   ; --         ; clk      ; 0            ;
; Clock Setup: 'clk'           ; N/A   ; None          ; 138.29 MHz ( period = 7.231 ns ) ; dem[0]     ; D[15]~reg0 ; clk        ; clk      ; 0            ;
; Total number of failed paths ;       ;               ;                                  ;            ;            ;            ;          ; 0            ;
+------------------------------+-------+---------------+----------------------------------+------------+------------+------------+----------+--------------+


+-----------------------------------------------------------------------------------------------------------------------------------------------------+
; Timing Analyzer Settings                                                                                                                            ;
+------------------------------------------------------------------------------------------------------+--------------------+------+----+-------------+
; Option                                                                                               ; Setting            ; From ; To ; Entity Name ;
+------------------------------------------------------------------------------------------------------+--------------------+------+----+-------------+
; Device Name                                                                                          ; EPM1270T144C3      ;      ;    ;             ;
; Timing Models                                                                                        ; Final              ;      ;    ;             ;
; Default hold multicycle                                                                              ; Same as Multicycle ;      ;    ;             ;
; Cut paths between unrelated clock domains                                                            ; On                 ;      ;    ;             ;
; Cut off read during write signal paths                                                               ; On                 ;      ;    ;             ;
; Cut off feedback from I/O pins                                                                       ; On                 ;      ;    ;             ;
; Report Combined Fast/Slow Timing                                                                     ; Off                ;      ;    ;             ;
; Ignore Clock Settings                                                                                ; Off                ;      ;    ;             ;
; Analyze latches as synchronous elements                                                              ; On                 ;      ;    ;             ;
; Enable Recovery/Removal analysis                                                                     ; Off                ;      ;    ;             ;
; Enable Clock Latency                                                                                 ; Off                ;      ;    ;             ;
; Use TimeQuest Timing Analyzer                                                                        ; Off                ;      ;    ;             ;
; Minimum Core Junction Temperature                                                                    ; 0                  ;      ;    ;             ;
; Maximum Core Junction Temperature                                                                    ; 85                 ;      ;    ;             ;
; Number of source nodes to report per destination node                                                ; 10                 ;      ;    ;             ;
; Number of destination nodes to report                                                                ; 10                 ;      ;    ;             ;
; Number of paths to report                                                                            ; 200                ;      ;    ;             ;
; Report Minimum Timing Checks                                                                         ; Off                ;      ;    ;             ;
; Use Fast Timing Models                                                                               ; Off                ;      ;    ;             ;
; Report IO Paths Separately                                                                           ; Off                ;      ;    ;             ;
; Perform Multicorner Analysis                                                                         ; Off                ;      ;    ;             ;
; Reports the worst-case path for each clock domain and analysis                                       ; Off                ;      ;    ;             ;
; Reports worst-case timing paths for each clock domain and analysis                                   ; On                 ;      ;    ;             ;
; Specifies the maximum number of worst-case timing paths to report for each clock domain and analysis ; 100                ;      ;    ;             ;
; Removes common clock path pessimism (CCPP) during slack computation                                  ; Off                ;      ;    ;             ;
; Output I/O Timing Endpoint                                                                           ; Near End           ;      ;    ;             ;
+------------------------------------------------------------------------------------------------------+--------------------+------+----+-------------+


+------------------------------------------------------------------------------------------------------------------------------------------------------------------------------------+
; Clock Settings Summary                                                                                                                                                             ;
+-----------------+--------------------+----------+------------------+---------------+--------------+----------+-----------------------+---------------------+--------+--------------+
; Clock Node Name ; Clock Setting Name ; Type     ; Fmax Requirement ; Early Latency ; Late Latency ; Based on ; Multiply Base Fmax by ; Divide Base Fmax by ; Offset ; Phase offset ;
+-----------------+--------------------+----------+------------------+---------------+--------------+----------+-----------------------+---------------------+--------+--------------+
; clk             ;                    ; User Pin ; None             ; 0.000 ns      ; 0.000 ns     ; --       ; N/A                   ; N/A                 ; N/A    ;              ;
+-----------------+--------------------+----------+------------------+---------------+--------------+----------+-----------------------+---------------------+--------+--------------+


Parallel compilation was disabled, but you have multiple processors available. Enable parallel compilation to reduce compilation time.
+-------------------------------------+
; Parallel Compilation                ;
+----------------------------+--------+
; Processors                 ; Number ;
+----------------------------+--------+
; Number detected on machine ; 4      ;
; Maximum allowed            ; 1      ;
+----------------------------+--------+


+----------------------------------------------------------------------------------------------------------------------------------------------------------------------------------------------------------------------------------+
; Clock Setup: 'clk'                                                                                                                                                                                                               ;
+-----------------------------------------+-----------------------------------------------------+---------+------------+------------+----------+-----------------------------+---------------------------+-------------------------+
; Slack                                   ; Actual fmax (period)                                ; From    ; To         ; From Clock ; To Clock ; Required Setup Relationship ; Required Longest P2P Time ; Actual Longest P2P Time ;
+-----------------------------------------+-----------------------------------------------------+---------+------------+------------+----------+-----------------------------+---------------------------+-------------------------+
; N/A                                     ; 138.29 MHz ( period = 7.231 ns )                    ; dem[0]  ; D[12]~reg0 ; clk        ; clk      ; None                        ; None                      ; 6.788 ns                ;
; N/A                                     ; 138.29 MHz ( period = 7.231 ns )                    ; dem[0]  ; D[13]~reg0 ; clk        ; clk      ; None                        ; None                      ; 6.788 ns                ;
; N/A                                     ; 138.29 MHz ( period = 7.231 ns )                    ; dem[0]  ; D[14]~reg0 ; clk        ; clk      ; None                        ; None                      ; 6.788 ns                ;
; N/A                                     ; 138.29 MHz ( period = 7.231 ns )                    ; dem[0]  ; D[15]~reg0 ; clk        ; clk      ; None                        ; None                      ; 6.788 ns                ;
; N/A                                     ; 139.94 MHz ( period = 7.146 ns )                    ; dem[2]  ; D[12]~reg0 ; clk        ; clk      ; None                        ; None                      ; 6.703 ns                ;
; N/A                                     ; 139.94 MHz ( period = 7.146 ns )                    ; dem[2]  ; D[13]~reg0 ; clk        ; clk      ; None                        ; None                      ; 6.703 ns                ;
; N/A                                     ; 139.94 MHz ( period = 7.146 ns )                    ; dem[2]  ; D[14]~reg0 ; clk        ; clk      ; None                        ; None                      ; 6.703 ns                ;
; N/A                                     ; 139.94 MHz ( period = 7.146 ns )                    ; dem[2]  ; D[15]~reg0 ; clk        ; clk      ; None                        ; None                      ; 6.703 ns                ;
; N/A                                     ; 139.98 MHz ( period = 7.144 ns )                    ; dem[0]  ; temp[0]    ; clk        ; clk      ; None                        ; None                      ; 6.701 ns                ;
; N/A                                     ; 139.98 MHz ( period = 7.144 ns )                    ; dem[0]  ; temp[1]    ; clk        ; clk      ; None                        ; None                      ; 6.701 ns                ;
; N/A                                     ; 139.98 MHz ( period = 7.144 ns )                    ; dem[0]  ; temp[2]    ; clk        ; clk      ; None                        ; None                      ; 6.701 ns                ;
; N/A                                     ; 139.98 MHz ( period = 7.144 ns )                    ; dem[0]  ; temp[3]    ; clk        ; clk      ; None                        ; None                      ; 6.701 ns                ;
; N/A                                     ; 139.98 MHz ( period = 7.144 ns )                    ; dem[0]  ; temp[4]    ; clk        ; clk      ; None                        ; None                      ; 6.701 ns                ;
; N/A                                     ; 139.98 MHz ( period = 7.144 ns )                    ; dem[0]  ; temp[5]    ; clk        ; clk      ; None                        ; None                      ; 6.701 ns                ;
; N/A                                     ; 139.98 MHz ( period = 7.144 ns )                    ; dem[0]  ; temp[6]    ; clk        ; clk      ; None                        ; None                      ; 6.701 ns                ;
; N/A                                     ; 139.98 MHz ( period = 7.144 ns )                    ; dem[0]  ; temp[7]    ; clk        ; clk      ; None                        ; None                      ; 6.701 ns                ;
; N/A                                     ; 140.00 MHz ( period = 7.143 ns )                    ; dem[0]  ; temp[8]    ; clk        ; clk      ; None                        ; None                      ; 6.700 ns                ;
; N/A                                     ; 140.00 MHz ( period = 7.143 ns )                    ; dem[0]  ; temp[9]    ; clk        ; clk      ; None                        ; None                      ; 6.700 ns                ;
; N/A                                     ; 140.00 MHz ( period = 7.143 ns )                    ; dem[0]  ; temp[10]   ; clk        ; clk      ; None                        ; None                      ; 6.700 ns                ;
; N/A                                     ; 140.00 MHz ( period = 7.143 ns )                    ; dem[0]  ; temp[11]   ; clk        ; clk      ; None                        ; None                      ; 6.700 ns                ;
; N/A                                     ; 140.00 MHz ( period = 7.143 ns )                    ; dem[0]  ; temp[12]   ; clk        ; clk      ; None                        ; None                      ; 6.700 ns                ;
; N/A                                     ; 140.00 MHz ( period = 7.143 ns )                    ; dem[0]  ; temp[13]   ; clk        ; clk      ; None                        ; None                      ; 6.700 ns                ;
; N/A                                     ; 140.00 MHz ( period = 7.143 ns )                    ; dem[0]  ; temp[14]   ; clk        ; clk      ; None                        ; None                      ; 6.700 ns                ;
; N/A                                     ; 140.00 MHz ( period = 7.143 ns )                    ; dem[0]  ; temp[15]   ; clk        ; clk      ; None                        ; None                      ; 6.700 ns                ;
; N/A                                     ; 140.31 MHz ( period = 7.127 ns )                    ; dem[3]  ; D[12]~reg0 ; clk        ; clk      ; None                        ; None                      ; 6.684 ns                ;
; N/A                                     ; 140.31 MHz ( period = 7.127 ns )                    ; dem[3]  ; D[13]~reg0 ; clk        ; clk      ; None                        ; None                      ; 6.684 ns                ;
; N/A                                     ; 140.31 MHz ( period = 7.127 ns )                    ; dem[3]  ; D[14]~reg0 ; clk        ; clk      ; None                        ; None                      ; 6.684 ns                ;
; N/A                                     ; 140.31 MHz ( period = 7.127 ns )                    ; dem[3]  ; D[15]~reg0 ; clk        ; clk      ; None                        ; None                      ; 6.684 ns                ;
; N/A                                     ; 141.66 MHz ( period = 7.059 ns )                    ; dem[2]  ; temp[0]    ; clk        ; clk      ; None                        ; None                      ; 6.616 ns                ;
; N/A                                     ; 141.66 MHz ( period = 7.059 ns )                    ; dem[2]  ; temp[1]    ; clk        ; clk      ; None                        ; None                      ; 6.616 ns                ;
; N/A                                     ; 141.66 MHz ( period = 7.059 ns )                    ; dem[2]  ; temp[2]    ; clk        ; clk      ; None                        ; None                      ; 6.616 ns                ;
; N/A                                     ; 141.66 MHz ( period = 7.059 ns )                    ; dem[2]  ; temp[3]    ; clk        ; clk      ; None                        ; None                      ; 6.616 ns                ;
; N/A                                     ; 141.66 MHz ( period = 7.059 ns )                    ; dem[2]  ; temp[4]    ; clk        ; clk      ; None                        ; None                      ; 6.616 ns                ;
; N/A                                     ; 141.66 MHz ( period = 7.059 ns )                    ; dem[2]  ; temp[5]    ; clk        ; clk      ; None                        ; None                      ; 6.616 ns                ;
; N/A                                     ; 141.66 MHz ( period = 7.059 ns )                    ; dem[2]  ; temp[6]    ; clk        ; clk      ; None                        ; None                      ; 6.616 ns                ;
; N/A                                     ; 141.66 MHz ( period = 7.059 ns )                    ; dem[2]  ; temp[7]    ; clk        ; clk      ; None                        ; None                      ; 6.616 ns                ;
; N/A                                     ; 141.68 MHz ( period = 7.058 ns )                    ; dem[2]  ; temp[8]    ; clk        ; clk      ; None                        ; None                      ; 6.615 ns                ;
; N/A                                     ; 141.68 MHz ( period = 7.058 ns )                    ; dem[2]  ; temp[9]    ; clk        ; clk      ; None                        ; None                      ; 6.615 ns                ;
; N/A                                     ; 141.68 MHz ( period = 7.058 ns )                    ; dem[2]  ; temp[10]   ; clk        ; clk      ; None                        ; None                      ; 6.615 ns                ;
; N/A                                     ; 141.68 MHz ( period = 7.058 ns )                    ; dem[2]  ; temp[11]   ; clk        ; clk      ; None                        ; None                      ; 6.615 ns                ;
; N/A                                     ; 141.68 MHz ( period = 7.058 ns )                    ; dem[2]  ; temp[12]   ; clk        ; clk      ; None                        ; None                      ; 6.615 ns                ;
; N/A                                     ; 141.68 MHz ( period = 7.058 ns )                    ; dem[2]  ; temp[13]   ; clk        ; clk      ; None                        ; None                      ; 6.615 ns                ;
; N/A                                     ; 141.68 MHz ( period = 7.058 ns )                    ; dem[2]  ; temp[14]   ; clk        ; clk      ; None                        ; None                      ; 6.615 ns                ;
; N/A                                     ; 141.68 MHz ( period = 7.058 ns )                    ; dem[2]  ; temp[15]   ; clk        ; clk      ; None                        ; None                      ; 6.615 ns                ;
; N/A                                     ; 142.05 MHz ( period = 7.040 ns )                    ; dem[3]  ; temp[0]    ; clk        ; clk      ; None                        ; None                      ; 6.597 ns                ;
; N/A                                     ; 142.05 MHz ( period = 7.040 ns )                    ; dem[3]  ; temp[1]    ; clk        ; clk      ; None                        ; None                      ; 6.597 ns                ;
; N/A                                     ; 142.05 MHz ( period = 7.040 ns )                    ; dem[3]  ; temp[2]    ; clk        ; clk      ; None                        ; None                      ; 6.597 ns                ;
; N/A                                     ; 142.05 MHz ( period = 7.040 ns )                    ; dem[3]  ; temp[3]    ; clk        ; clk      ; None                        ; None                      ; 6.597 ns                ;
; N/A                                     ; 142.05 MHz ( period = 7.040 ns )                    ; dem[3]  ; temp[4]    ; clk        ; clk      ; None                        ; None                      ; 6.597 ns                ;
; N/A                                     ; 142.05 MHz ( period = 7.040 ns )                    ; dem[3]  ; temp[5]    ; clk        ; clk      ; None                        ; None                      ; 6.597 ns                ;
; N/A                                     ; 142.05 MHz ( period = 7.040 ns )                    ; dem[3]  ; temp[6]    ; clk        ; clk      ; None                        ; None                      ; 6.597 ns                ;
; N/A                                     ; 142.05 MHz ( period = 7.040 ns )                    ; dem[3]  ; temp[7]    ; clk        ; clk      ; None                        ; None                      ; 6.597 ns                ;
; N/A                                     ; 142.07 MHz ( period = 7.039 ns )                    ; dem[3]  ; temp[8]    ; clk        ; clk      ; None                        ; None                      ; 6.596 ns                ;
; N/A                                     ; 142.07 MHz ( period = 7.039 ns )                    ; dem[3]  ; temp[9]    ; clk        ; clk      ; None                        ; None                      ; 6.596 ns                ;
; N/A                                     ; 142.07 MHz ( period = 7.039 ns )                    ; dem[3]  ; temp[10]   ; clk        ; clk      ; None                        ; None                      ; 6.596 ns                ;
; N/A                                     ; 142.07 MHz ( period = 7.039 ns )                    ; dem[3]  ; temp[11]   ; clk        ; clk      ; None                        ; None                      ; 6.596 ns                ;
; N/A                                     ; 142.07 MHz ( period = 7.039 ns )                    ; dem[3]  ; temp[12]   ; clk        ; clk      ; None                        ; None                      ; 6.596 ns                ;
; N/A                                     ; 142.07 MHz ( period = 7.039 ns )                    ; dem[3]  ; temp[13]   ; clk        ; clk      ; None                        ; None                      ; 6.596 ns                ;
; N/A                                     ; 142.07 MHz ( period = 7.039 ns )                    ; dem[3]  ; temp[14]   ; clk        ; clk      ; None                        ; None                      ; 6.596 ns                ;
; N/A                                     ; 142.07 MHz ( period = 7.039 ns )                    ; dem[3]  ; temp[15]   ; clk        ; clk      ; None                        ; None                      ; 6.596 ns                ;
; N/A                                     ; 143.62 MHz ( period = 6.963 ns )                    ; dem[0]  ; dem[9]     ; clk        ; clk      ; None                        ; None                      ; 6.520 ns                ;
; N/A                                     ; 143.82 MHz ( period = 6.953 ns )                    ; dem[0]  ; D[0]~reg0  ; clk        ; clk      ; None                        ; None                      ; 6.510 ns                ;
; N/A                                     ; 143.82 MHz ( period = 6.953 ns )                    ; dem[0]  ; D[1]~reg0  ; clk        ; clk      ; None                        ; None                      ; 6.510 ns                ;
; N/A                                     ; 143.82 MHz ( period = 6.953 ns )                    ; dem[0]  ; D[2]~reg0  ; clk        ; clk      ; None                        ; None                      ; 6.510 ns                ;
; N/A                                     ; 143.82 MHz ( period = 6.953 ns )                    ; dem[0]  ; D[3]~reg0  ; clk        ; clk      ; None                        ; None                      ; 6.510 ns                ;
; N/A                                     ; 143.82 MHz ( period = 6.953 ns )                    ; dem[0]  ; D[5]~reg0  ; clk        ; clk      ; None                        ; None                      ; 6.510 ns                ;
; N/A                                     ; 143.82 MHz ( period = 6.953 ns )                    ; dem[0]  ; D[7]~reg0  ; clk        ; clk      ; None                        ; None                      ; 6.510 ns                ;
; N/A                                     ; 143.82 MHz ( period = 6.953 ns )                    ; dem[0]  ; D[8]~reg0  ; clk        ; clk      ; None                        ; None                      ; 6.510 ns                ;
; N/A                                     ; 143.82 MHz ( period = 6.953 ns )                    ; dem[0]  ; D[9]~reg0  ; clk        ; clk      ; None                        ; None                      ; 6.510 ns                ;
; N/A                                     ; 143.82 MHz ( period = 6.953 ns )                    ; dem[0]  ; D[11]~reg0 ; clk        ; clk      ; None                        ; None                      ; 6.510 ns                ;
; N/A                                     ; 144.47 MHz ( period = 6.922 ns )                    ; dem[0]  ; D[4]~reg0  ; clk        ; clk      ; None                        ; None                      ; 6.479 ns                ;
; N/A                                     ; 144.47 MHz ( period = 6.922 ns )                    ; dem[0]  ; D[6]~reg0  ; clk        ; clk      ; None                        ; None                      ; 6.479 ns                ;
; N/A                                     ; 144.49 MHz ( period = 6.921 ns )                    ; dem[0]  ; D[10]~reg0 ; clk        ; clk      ; None                        ; None                      ; 6.478 ns                ;
; N/A                                     ; 145.39 MHz ( period = 6.878 ns )                    ; dem[2]  ; dem[9]     ; clk        ; clk      ; None                        ; None                      ; 6.435 ns                ;
; N/A                                     ; 145.60 MHz ( period = 6.868 ns )                    ; dem[2]  ; D[0]~reg0  ; clk        ; clk      ; None                        ; None                      ; 6.425 ns                ;
; N/A                                     ; 145.60 MHz ( period = 6.868 ns )                    ; dem[2]  ; D[1]~reg0  ; clk        ; clk      ; None                        ; None                      ; 6.425 ns                ;
; N/A                                     ; 145.60 MHz ( period = 6.868 ns )                    ; dem[2]  ; D[2]~reg0  ; clk        ; clk      ; None                        ; None                      ; 6.425 ns                ;
; N/A                                     ; 145.60 MHz ( period = 6.868 ns )                    ; dem[2]  ; D[3]~reg0  ; clk        ; clk      ; None                        ; None                      ; 6.425 ns                ;
; N/A                                     ; 145.60 MHz ( period = 6.868 ns )                    ; dem[2]  ; D[5]~reg0  ; clk        ; clk      ; None                        ; None                      ; 6.425 ns                ;
; N/A                                     ; 145.60 MHz ( period = 6.868 ns )                    ; dem[2]  ; D[7]~reg0  ; clk        ; clk      ; None                        ; None                      ; 6.425 ns                ;
; N/A                                     ; 145.60 MHz ( period = 6.868 ns )                    ; dem[2]  ; D[8]~reg0  ; clk        ; clk      ; None                        ; None                      ; 6.425 ns                ;
; N/A                                     ; 145.60 MHz ( period = 6.868 ns )                    ; dem[2]  ; D[9]~reg0  ; clk        ; clk      ; None                        ; None                      ; 6.425 ns                ;
; N/A                                     ; 145.60 MHz ( period = 6.868 ns )                    ; dem[2]  ; D[11]~reg0 ; clk        ; clk      ; None                        ; None                      ; 6.425 ns                ;
; N/A                                     ; 145.79 MHz ( period = 6.859 ns )                    ; dem[3]  ; dem[9]     ; clk        ; clk      ; None                        ; None                      ; 6.416 ns                ;
; N/A                                     ; 146.01 MHz ( period = 6.849 ns )                    ; dem[3]  ; D[0]~reg0  ; clk        ; clk      ; None                        ; None                      ; 6.406 ns                ;
; N/A                                     ; 146.01 MHz ( period = 6.849 ns )                    ; dem[3]  ; D[1]~reg0  ; clk        ; clk      ; None                        ; None                      ; 6.406 ns                ;
; N/A                                     ; 146.01 MHz ( period = 6.849 ns )                    ; dem[3]  ; D[2]~reg0  ; clk        ; clk      ; None                        ; None                      ; 6.406 ns                ;
; N/A                                     ; 146.01 MHz ( period = 6.849 ns )                    ; dem[3]  ; D[3]~reg0  ; clk        ; clk      ; None                        ; None                      ; 6.406 ns                ;
; N/A                                     ; 146.01 MHz ( period = 6.849 ns )                    ; dem[3]  ; D[5]~reg0  ; clk        ; clk      ; None                        ; None                      ; 6.406 ns                ;
; N/A                                     ; 146.01 MHz ( period = 6.849 ns )                    ; dem[3]  ; D[7]~reg0  ; clk        ; clk      ; None                        ; None                      ; 6.406 ns                ;
; N/A                                     ; 146.01 MHz ( period = 6.849 ns )                    ; dem[3]  ; D[8]~reg0  ; clk        ; clk      ; None                        ; None                      ; 6.406 ns                ;
; N/A                                     ; 146.01 MHz ( period = 6.849 ns )                    ; dem[3]  ; D[9]~reg0  ; clk        ; clk      ; None                        ; None                      ; 6.406 ns                ;
; N/A                                     ; 146.01 MHz ( period = 6.849 ns )                    ; dem[3]  ; D[11]~reg0 ; clk        ; clk      ; None                        ; None                      ; 6.406 ns                ;
; N/A                                     ; 146.26 MHz ( period = 6.837 ns )                    ; dem[2]  ; D[4]~reg0  ; clk        ; clk      ; None                        ; None                      ; 6.394 ns                ;
; N/A                                     ; 146.26 MHz ( period = 6.837 ns )                    ; dem[2]  ; D[6]~reg0  ; clk        ; clk      ; None                        ; None                      ; 6.394 ns                ;
; N/A                                     ; 146.28 MHz ( period = 6.836 ns )                    ; dem[2]  ; D[10]~reg0 ; clk        ; clk      ; None                        ; None                      ; 6.393 ns                ;
; N/A                                     ; 146.67 MHz ( period = 6.818 ns )                    ; dem[3]  ; D[4]~reg0  ; clk        ; clk      ; None                        ; None                      ; 6.375 ns                ;
; N/A                                     ; 146.67 MHz ( period = 6.818 ns )                    ; dem[3]  ; D[6]~reg0  ; clk        ; clk      ; None                        ; None                      ; 6.375 ns                ;
; N/A                                     ; 146.69 MHz ( period = 6.817 ns )                    ; dem[3]  ; D[10]~reg0 ; clk        ; clk      ; None                        ; None                      ; 6.374 ns                ;
; N/A                                     ; 152.11 MHz ( period = 6.574 ns )                    ; dem[0]  ; dem[13]    ; clk        ; clk      ; None                        ; None                      ; 6.131 ns                ;
; N/A                                     ; 154.11 MHz ( period = 6.489 ns )                    ; dem[2]  ; dem[13]    ; clk        ; clk      ; None                        ; None                      ; 6.046 ns                ;
; N/A                                     ; 154.56 MHz ( period = 6.470 ns )                    ; dem[3]  ; dem[13]    ; clk        ; clk      ; None                        ; None                      ; 6.027 ns                ;
; N/A                                     ; 155.91 MHz ( period = 6.414 ns )                    ; dem[4]  ; D[12]~reg0 ; clk        ; clk      ; None                        ; None                      ; 5.971 ns                ;
; N/A                                     ; 155.91 MHz ( period = 6.414 ns )                    ; dem[4]  ; D[13]~reg0 ; clk        ; clk      ; None                        ; None                      ; 5.971 ns                ;
; N/A                                     ; 155.91 MHz ( period = 6.414 ns )                    ; dem[4]  ; D[14]~reg0 ; clk        ; clk      ; None                        ; None                      ; 5.971 ns                ;
; N/A                                     ; 155.91 MHz ( period = 6.414 ns )                    ; dem[4]  ; D[15]~reg0 ; clk        ; clk      ; None                        ; None                      ; 5.971 ns                ;
; N/A                                     ; 156.05 MHz ( period = 6.408 ns )                    ; dem[15] ; D[12]~reg0 ; clk        ; clk      ; None                        ; None                      ; 5.965 ns                ;
; N/A                                     ; 156.05 MHz ( period = 6.408 ns )                    ; dem[15] ; D[13]~reg0 ; clk        ; clk      ; None                        ; None                      ; 5.965 ns                ;
; N/A                                     ; 156.05 MHz ( period = 6.408 ns )                    ; dem[15] ; D[14]~reg0 ; clk        ; clk      ; None                        ; None                      ; 5.965 ns                ;
; N/A                                     ; 156.05 MHz ( period = 6.408 ns )                    ; dem[15] ; D[15]~reg0 ; clk        ; clk      ; None                        ; None                      ; 5.965 ns                ;
; N/A                                     ; 156.30 MHz ( period = 6.398 ns )                    ; dem[13] ; D[12]~reg0 ; clk        ; clk      ; None                        ; None                      ; 5.955 ns                ;
; N/A                                     ; 156.30 MHz ( period = 6.398 ns )                    ; dem[13] ; D[13]~reg0 ; clk        ; clk      ; None                        ; None                      ; 5.955 ns                ;
; N/A                                     ; 156.30 MHz ( period = 6.398 ns )                    ; dem[13] ; D[14]~reg0 ; clk        ; clk      ; None                        ; None                      ; 5.955 ns                ;
; N/A                                     ; 156.30 MHz ( period = 6.398 ns )                    ; dem[13] ; D[15]~reg0 ; clk        ; clk      ; None                        ; None                      ; 5.955 ns                ;
; N/A                                     ; 157.73 MHz ( period = 6.340 ns )                    ; dem[2]  ; dem[8]     ; clk        ; clk      ; None                        ; None                      ; 5.897 ns                ;
; N/A                                     ; 158.05 MHz ( period = 6.327 ns )                    ; dem[4]  ; temp[0]    ; clk        ; clk      ; None                        ; None                      ; 5.884 ns                ;
; N/A                                     ; 158.05 MHz ( period = 6.327 ns )                    ; dem[4]  ; temp[1]    ; clk        ; clk      ; None                        ; None                      ; 5.884 ns                ;
; N/A                                     ; 158.05 MHz ( period = 6.327 ns )                    ; dem[4]  ; temp[2]    ; clk        ; clk      ; None                        ; None                      ; 5.884 ns                ;
; N/A                                     ; 158.05 MHz ( period = 6.327 ns )                    ; dem[4]  ; temp[3]    ; clk        ; clk      ; None                        ; None                      ; 5.884 ns                ;
; N/A                                     ; 158.05 MHz ( period = 6.327 ns )                    ; dem[4]  ; temp[4]    ; clk        ; clk      ; None                        ; None                      ; 5.884 ns                ;
; N/A                                     ; 158.05 MHz ( period = 6.327 ns )                    ; dem[4]  ; temp[5]    ; clk        ; clk      ; None                        ; None                      ; 5.884 ns                ;
; N/A                                     ; 158.05 MHz ( period = 6.327 ns )                    ; dem[4]  ; temp[6]    ; clk        ; clk      ; None                        ; None                      ; 5.884 ns                ;
; N/A                                     ; 158.05 MHz ( period = 6.327 ns )                    ; dem[4]  ; temp[7]    ; clk        ; clk      ; None                        ; None                      ; 5.884 ns                ;
; N/A                                     ; 158.08 MHz ( period = 6.326 ns )                    ; dem[4]  ; temp[8]    ; clk        ; clk      ; None                        ; None                      ; 5.883 ns                ;
; N/A                                     ; 158.08 MHz ( period = 6.326 ns )                    ; dem[4]  ; temp[9]    ; clk        ; clk      ; None                        ; None                      ; 5.883 ns                ;
; N/A                                     ; 158.08 MHz ( period = 6.326 ns )                    ; dem[4]  ; temp[10]   ; clk        ; clk      ; None                        ; None                      ; 5.883 ns                ;
; N/A                                     ; 158.08 MHz ( period = 6.326 ns )                    ; dem[4]  ; temp[11]   ; clk        ; clk      ; None                        ; None                      ; 5.883 ns                ;
; N/A                                     ; 158.08 MHz ( period = 6.326 ns )                    ; dem[4]  ; temp[12]   ; clk        ; clk      ; None                        ; None                      ; 5.883 ns                ;
; N/A                                     ; 158.08 MHz ( period = 6.326 ns )                    ; dem[4]  ; temp[13]   ; clk        ; clk      ; None                        ; None                      ; 5.883 ns                ;
; N/A                                     ; 158.08 MHz ( period = 6.326 ns )                    ; dem[4]  ; temp[14]   ; clk        ; clk      ; None                        ; None                      ; 5.883 ns                ;
; N/A                                     ; 158.08 MHz ( period = 6.326 ns )                    ; dem[4]  ; temp[15]   ; clk        ; clk      ; None                        ; None                      ; 5.883 ns                ;
; N/A                                     ; 158.20 MHz ( period = 6.321 ns )                    ; dem[15] ; temp[0]    ; clk        ; clk      ; None                        ; None                      ; 5.878 ns                ;
; N/A                                     ; 158.20 MHz ( period = 6.321 ns )                    ; dem[15] ; temp[1]    ; clk        ; clk      ; None                        ; None                      ; 5.878 ns                ;
; N/A                                     ; 158.20 MHz ( period = 6.321 ns )                    ; dem[15] ; temp[2]    ; clk        ; clk      ; None                        ; None                      ; 5.878 ns                ;
; N/A                                     ; 158.20 MHz ( period = 6.321 ns )                    ; dem[15] ; temp[3]    ; clk        ; clk      ; None                        ; None                      ; 5.878 ns                ;
; N/A                                     ; 158.20 MHz ( period = 6.321 ns )                    ; dem[15] ; temp[4]    ; clk        ; clk      ; None                        ; None                      ; 5.878 ns                ;
; N/A                                     ; 158.20 MHz ( period = 6.321 ns )                    ; dem[15] ; temp[5]    ; clk        ; clk      ; None                        ; None                      ; 5.878 ns                ;
; N/A                                     ; 158.20 MHz ( period = 6.321 ns )                    ; dem[15] ; temp[6]    ; clk        ; clk      ; None                        ; None                      ; 5.878 ns                ;
; N/A                                     ; 158.20 MHz ( period = 6.321 ns )                    ; dem[15] ; temp[7]    ; clk        ; clk      ; None                        ; None                      ; 5.878 ns                ;
; N/A                                     ; 158.23 MHz ( period = 6.320 ns )                    ; dem[15] ; temp[8]    ; clk        ; clk      ; None                        ; None                      ; 5.877 ns                ;
; N/A                                     ; 158.23 MHz ( period = 6.320 ns )                    ; dem[15] ; temp[9]    ; clk        ; clk      ; None                        ; None                      ; 5.877 ns                ;
; N/A                                     ; 158.23 MHz ( period = 6.320 ns )                    ; dem[15] ; temp[10]   ; clk        ; clk      ; None                        ; None                      ; 5.877 ns                ;
; N/A                                     ; 158.23 MHz ( period = 6.320 ns )                    ; dem[15] ; temp[11]   ; clk        ; clk      ; None                        ; None                      ; 5.877 ns                ;
; N/A                                     ; 158.23 MHz ( period = 6.320 ns )                    ; dem[15] ; temp[12]   ; clk        ; clk      ; None                        ; None                      ; 5.877 ns                ;
; N/A                                     ; 158.23 MHz ( period = 6.320 ns )                    ; dem[15] ; temp[13]   ; clk        ; clk      ; None                        ; None                      ; 5.877 ns                ;
; N/A                                     ; 158.23 MHz ( period = 6.320 ns )                    ; dem[15] ; temp[14]   ; clk        ; clk      ; None                        ; None                      ; 5.877 ns                ;
; N/A                                     ; 158.23 MHz ( period = 6.320 ns )                    ; dem[15] ; temp[15]   ; clk        ; clk      ; None                        ; None                      ; 5.877 ns                ;
; N/A                                     ; 158.45 MHz ( period = 6.311 ns )                    ; dem[13] ; temp[0]    ; clk        ; clk      ; None                        ; None                      ; 5.868 ns                ;
; N/A                                     ; 158.45 MHz ( period = 6.311 ns )                    ; dem[13] ; temp[1]    ; clk        ; clk      ; None                        ; None                      ; 5.868 ns                ;
; N/A                                     ; 158.45 MHz ( period = 6.311 ns )                    ; dem[13] ; temp[2]    ; clk        ; clk      ; None                        ; None                      ; 5.868 ns                ;
; N/A                                     ; 158.45 MHz ( period = 6.311 ns )                    ; dem[13] ; temp[3]    ; clk        ; clk      ; None                        ; None                      ; 5.868 ns                ;
; N/A                                     ; 158.45 MHz ( period = 6.311 ns )                    ; dem[13] ; temp[4]    ; clk        ; clk      ; None                        ; None                      ; 5.868 ns                ;
; N/A                                     ; 158.45 MHz ( period = 6.311 ns )                    ; dem[13] ; temp[5]    ; clk        ; clk      ; None                        ; None                      ; 5.868 ns                ;
; N/A                                     ; 158.45 MHz ( period = 6.311 ns )                    ; dem[13] ; temp[6]    ; clk        ; clk      ; None                        ; None                      ; 5.868 ns                ;
; N/A                                     ; 158.45 MHz ( period = 6.311 ns )                    ; dem[13] ; temp[7]    ; clk        ; clk      ; None                        ; None                      ; 5.868 ns                ;
; N/A                                     ; 158.48 MHz ( period = 6.310 ns )                    ; dem[13] ; temp[8]    ; clk        ; clk      ; None                        ; None                      ; 5.867 ns                ;
; N/A                                     ; 158.48 MHz ( period = 6.310 ns )                    ; dem[13] ; temp[9]    ; clk        ; clk      ; None                        ; None                      ; 5.867 ns                ;
; N/A                                     ; 158.48 MHz ( period = 6.310 ns )                    ; dem[13] ; temp[10]   ; clk        ; clk      ; None                        ; None                      ; 5.867 ns                ;
; N/A                                     ; 158.48 MHz ( period = 6.310 ns )                    ; dem[13] ; temp[11]   ; clk        ; clk      ; None                        ; None                      ; 5.867 ns                ;
; N/A                                     ; 158.48 MHz ( period = 6.310 ns )                    ; dem[13] ; temp[12]   ; clk        ; clk      ; None                        ; None                      ; 5.867 ns                ;
; N/A                                     ; 158.48 MHz ( period = 6.310 ns )                    ; dem[13] ; temp[13]   ; clk        ; clk      ; None                        ; None                      ; 5.867 ns                ;
; N/A                                     ; 158.48 MHz ( period = 6.310 ns )                    ; dem[13] ; temp[14]   ; clk        ; clk      ; None                        ; None                      ; 5.867 ns                ;
; N/A                                     ; 158.48 MHz ( period = 6.310 ns )                    ; dem[13] ; temp[15]   ; clk        ; clk      ; None                        ; None                      ; 5.867 ns                ;
; N/A                                     ; 158.76 MHz ( period = 6.299 ns )                    ; dem[9]  ; D[12]~reg0 ; clk        ; clk      ; None                        ; None                      ; 5.856 ns                ;
; N/A                                     ; 158.76 MHz ( period = 6.299 ns )                    ; dem[9]  ; D[13]~reg0 ; clk        ; clk      ; None                        ; None                      ; 5.856 ns                ;
; N/A                                     ; 158.76 MHz ( period = 6.299 ns )                    ; dem[9]  ; D[14]~reg0 ; clk        ; clk      ; None                        ; None                      ; 5.856 ns                ;
; N/A                                     ; 158.76 MHz ( period = 6.299 ns )                    ; dem[9]  ; D[15]~reg0 ; clk        ; clk      ; None                        ; None                      ; 5.856 ns                ;
; N/A                                     ; 158.88 MHz ( period = 6.294 ns )                    ; dem[14] ; D[12]~reg0 ; clk        ; clk      ; None                        ; None                      ; 5.851 ns                ;
; N/A                                     ; 158.88 MHz ( period = 6.294 ns )                    ; dem[14] ; D[13]~reg0 ; clk        ; clk      ; None                        ; None                      ; 5.851 ns                ;
; N/A                                     ; 158.88 MHz ( period = 6.294 ns )                    ; dem[14] ; D[14]~reg0 ; clk        ; clk      ; None                        ; None                      ; 5.851 ns                ;
; N/A                                     ; 158.88 MHz ( period = 6.294 ns )                    ; dem[14] ; D[15]~reg0 ; clk        ; clk      ; None                        ; None                      ; 5.851 ns                ;
; N/A                                     ; 159.01 MHz ( period = 6.289 ns )                    ; dem[2]  ; dem[10]    ; clk        ; clk      ; None                        ; None                      ; 5.846 ns                ;
; N/A                                     ; 159.46 MHz ( period = 6.271 ns )                    ; dem[6]  ; D[12]~reg0 ; clk        ; clk      ; None                        ; None                      ; 5.828 ns                ;
; N/A                                     ; 159.46 MHz ( period = 6.271 ns )                    ; dem[6]  ; D[13]~reg0 ; clk        ; clk      ; None                        ; None                      ; 5.828 ns                ;
; N/A                                     ; 159.46 MHz ( period = 6.271 ns )                    ; dem[6]  ; D[14]~reg0 ; clk        ; clk      ; None                        ; None                      ; 5.828 ns                ;
; N/A                                     ; 159.46 MHz ( period = 6.271 ns )                    ; dem[6]  ; D[15]~reg0 ; clk        ; clk      ; None                        ; None                      ; 5.828 ns                ;
; N/A                                     ; 160.98 MHz ( period = 6.212 ns )                    ; dem[9]  ; temp[0]    ; clk        ; clk      ; None                        ; None                      ; 5.769 ns                ;
; N/A                                     ; 160.98 MHz ( period = 6.212 ns )                    ; dem[9]  ; temp[1]    ; clk        ; clk      ; None                        ; None                      ; 5.769 ns                ;
; N/A                                     ; 160.98 MHz ( period = 6.212 ns )                    ; dem[9]  ; temp[2]    ; clk        ; clk      ; None                        ; None                      ; 5.769 ns                ;
; N/A                                     ; 160.98 MHz ( period = 6.212 ns )                    ; dem[9]  ; temp[3]    ; clk        ; clk      ; None                        ; None                      ; 5.769 ns                ;
; N/A                                     ; 160.98 MHz ( period = 6.212 ns )                    ; dem[9]  ; temp[4]    ; clk        ; clk      ; None                        ; None                      ; 5.769 ns                ;
; N/A                                     ; 160.98 MHz ( period = 6.212 ns )                    ; dem[9]  ; temp[5]    ; clk        ; clk      ; None                        ; None                      ; 5.769 ns                ;
; N/A                                     ; 160.98 MHz ( period = 6.212 ns )                    ; dem[9]  ; temp[6]    ; clk        ; clk      ; None                        ; None                      ; 5.769 ns                ;
; N/A                                     ; 160.98 MHz ( period = 6.212 ns )                    ; dem[9]  ; temp[7]    ; clk        ; clk      ; None                        ; None                      ; 5.769 ns                ;
; N/A                                     ; 161.00 MHz ( period = 6.211 ns )                    ; dem[9]  ; temp[8]    ; clk        ; clk      ; None                        ; None                      ; 5.768 ns                ;
; N/A                                     ; 161.00 MHz ( period = 6.211 ns )                    ; dem[9]  ; temp[9]    ; clk        ; clk      ; None                        ; None                      ; 5.768 ns                ;
; N/A                                     ; 161.00 MHz ( period = 6.211 ns )                    ; dem[9]  ; temp[10]   ; clk        ; clk      ; None                        ; None                      ; 5.768 ns                ;
; N/A                                     ; 161.00 MHz ( period = 6.211 ns )                    ; dem[9]  ; temp[11]   ; clk        ; clk      ; None                        ; None                      ; 5.768 ns                ;
; N/A                                     ; 161.00 MHz ( period = 6.211 ns )                    ; dem[9]  ; temp[12]   ; clk        ; clk      ; None                        ; None                      ; 5.768 ns                ;
; N/A                                     ; 161.00 MHz ( period = 6.211 ns )                    ; dem[9]  ; temp[13]   ; clk        ; clk      ; None                        ; None                      ; 5.768 ns                ;
; N/A                                     ; 161.00 MHz ( period = 6.211 ns )                    ; dem[9]  ; temp[14]   ; clk        ; clk      ; None                        ; None                      ; 5.768 ns                ;
; N/A                                     ; 161.00 MHz ( period = 6.211 ns )                    ; dem[9]  ; temp[15]   ; clk        ; clk      ; None                        ; None                      ; 5.768 ns                ;
; N/A                                     ; 161.11 MHz ( period = 6.207 ns )                    ; dem[14] ; temp[0]    ; clk        ; clk      ; None                        ; None                      ; 5.764 ns                ;
; N/A                                     ; 161.11 MHz ( period = 6.207 ns )                    ; dem[14] ; temp[1]    ; clk        ; clk      ; None                        ; None                      ; 5.764 ns                ;
; N/A                                     ; 161.11 MHz ( period = 6.207 ns )                    ; dem[14] ; temp[2]    ; clk        ; clk      ; None                        ; None                      ; 5.764 ns                ;
; N/A                                     ; 161.11 MHz ( period = 6.207 ns )                    ; dem[14] ; temp[3]    ; clk        ; clk      ; None                        ; None                      ; 5.764 ns                ;
; N/A                                     ; 161.11 MHz ( period = 6.207 ns )                    ; dem[14] ; temp[4]    ; clk        ; clk      ; None                        ; None                      ; 5.764 ns                ;
; N/A                                     ; 161.11 MHz ( period = 6.207 ns )                    ; dem[14] ; temp[5]    ; clk        ; clk      ; None                        ; None                      ; 5.764 ns                ;
; N/A                                     ; 161.11 MHz ( period = 6.207 ns )                    ; dem[14] ; temp[6]    ; clk        ; clk      ; None                        ; None                      ; 5.764 ns                ;
; N/A                                     ; 161.11 MHz ( period = 6.207 ns )                    ; dem[14] ; temp[7]    ; clk        ; clk      ; None                        ; None                      ; 5.764 ns                ;
; Timing analysis restricted to 200 rows. ; To change the limit use Settings (Assignments menu) ;         ;            ;            ;          ;                             ;                           ;                         ;
+-----------------------------------------+-----------------------------------------------------+---------+------------+------------+----------+-----------------------------+---------------------------+-------------------------+


+----------------------------------------------------------------+
; tsu                                                            ;
+-------+--------------+------------+------+----------+----------+
; Slack ; Required tsu ; Actual tsu ; From ; To       ; To Clock ;
+-------+--------------+------------+------+----------+----------+
; N/A   ; None         ; 3.976 ns   ; enca ; temp[0]  ; clk      ;
; N/A   ; None         ; 3.976 ns   ; enca ; temp[1]  ; clk      ;
; N/A   ; None         ; 3.976 ns   ; enca ; temp[2]  ; clk      ;
; N/A   ; None         ; 3.976 ns   ; enca ; temp[3]  ; clk      ;
; N/A   ; None         ; 3.976 ns   ; enca ; temp[4]  ; clk      ;
; N/A   ; None         ; 3.976 ns   ; enca ; temp[5]  ; clk      ;
; N/A   ; None         ; 3.976 ns   ; enca ; temp[6]  ; clk      ;
; N/A   ; None         ; 3.976 ns   ; enca ; temp[7]  ; clk      ;
; N/A   ; None         ; 3.975 ns   ; enca ; temp[8]  ; clk      ;
; N/A   ; None         ; 3.975 ns   ; enca ; temp[9]  ; clk      ;
; N/A   ; None         ; 3.975 ns   ; enca ; temp[10] ; clk      ;
; N/A   ; None         ; 3.975 ns   ; enca ; temp[11] ; clk      ;
; N/A   ; None         ; 3.975 ns   ; enca ; temp[12] ; clk      ;
; N/A   ; None         ; 3.975 ns   ; enca ; temp[13] ; clk      ;
; N/A   ; None         ; 3.975 ns   ; enca ; temp[14] ; clk      ;
; N/A   ; None         ; 3.975 ns   ; enca ; temp[15] ; clk      ;
; N/A   ; None         ; 1.417 ns   ; enca ; pre_enca ; clk      ;
+-------+--------------+------------+------+----------+----------+


+---------------------------------------------------------------------+
; tco                                                                 ;
+-------+--------------+------------+------------+-------+------------+
; Slack ; Required tco ; Actual tco ; From       ; To    ; From Clock ;
+-------+--------------+------------+------------+-------+------------+
; N/A   ; None         ; 6.878 ns   ; D[14]~reg0 ; D[14] ; clk        ;
; N/A   ; None         ; 6.748 ns   ; D[15]~reg0 ; D[15] ; clk        ;
; N/A   ; None         ; 6.505 ns   ; D[2]~reg0  ; D[2]  ; clk        ;
; N/A   ; None         ; 6.001 ns   ; D[5]~reg0  ; D[5]  ; clk        ;
; N/A   ; None         ; 5.742 ns   ; D[0]~reg0  ; D[0]  ; clk        ;
; N/A   ; None         ; 5.729 ns   ; D[7]~reg0  ; D[7]  ; clk        ;
; N/A   ; None         ; 5.700 ns   ; D[10]~reg0 ; D[10] ; clk        ;
; N/A   ; None         ; 5.458 ns   ; D[6]~reg0  ; D[6]  ; clk        ;
; N/A   ; None         ; 5.400 ns   ; D[3]~reg0  ; D[3]  ; clk        ;
; N/A   ; None         ; 5.396 ns   ; D[8]~reg0  ; D[8]  ; clk        ;
; N/A   ; None         ; 5.346 ns   ; D[13]~reg0 ; D[13] ; clk        ;
; N/A   ; None         ; 5.325 ns   ; D[9]~reg0  ; D[9]  ; clk        ;
; N/A   ; None         ; 5.311 ns   ; D[1]~reg0  ; D[1]  ; clk        ;
; N/A   ; None         ; 5.308 ns   ; D[11]~reg0 ; D[11] ; clk        ;
; N/A   ; None         ; 5.280 ns   ; D[12]~reg0 ; D[12] ; clk        ;
; N/A   ; None         ; 5.258 ns   ; D[4]~reg0  ; D[4]  ; clk        ;
+-------+--------------+------------+------------+-------+------------+


+----------------------------------------------------------------------+
; th                                                                   ;
+---------------+-------------+-----------+------+----------+----------+
; Minimum Slack ; Required th ; Actual th ; From ; To       ; To Clock ;
+---------------+-------------+-----------+------+----------+----------+
; N/A           ; None        ; -1.071 ns ; enca ; pre_enca ; clk      ;
; N/A           ; None        ; -1.819 ns ; enca ; temp[8]  ; clk      ;
; N/A           ; None        ; -1.819 ns ; enca ; temp[9]  ; clk      ;
; N/A           ; None        ; -1.819 ns ; enca ; temp[10] ; clk      ;
; N/A           ; None        ; -1.819 ns ; enca ; temp[11] ; clk      ;
; N/A           ; None        ; -1.819 ns ; enca ; temp[12] ; clk      ;
; N/A           ; None        ; -1.819 ns ; enca ; temp[13] ; clk      ;
; N/A           ; None        ; -1.819 ns ; enca ; temp[14] ; clk      ;
; N/A           ; None        ; -1.819 ns ; enca ; temp[15] ; clk      ;
; N/A           ; None        ; -2.058 ns ; enca ; temp[0]  ; clk      ;
; N/A           ; None        ; -2.058 ns ; enca ; temp[1]  ; clk      ;
; N/A           ; None        ; -2.058 ns ; enca ; temp[2]  ; clk      ;
; N/A           ; None        ; -2.058 ns ; enca ; temp[3]  ; clk      ;
; N/A           ; None        ; -2.058 ns ; enca ; temp[4]  ; clk      ;
; N/A           ; None        ; -2.058 ns ; enca ; temp[5]  ; clk      ;
; N/A           ; None        ; -2.058 ns ; enca ; temp[6]  ; clk      ;
; N/A           ; None        ; -2.058 ns ; enca ; temp[7]  ; clk      ;
+---------------+-------------+-----------+------+----------+----------+


+--------------------------+
; Timing Analyzer Messages ;
+--------------------------+
Info: *******************************************************************
Info: Running Quartus II Classic Timing Analyzer
    Info: Version 9.1 Build 350 03/24/2010 Service Pack 2 SJ Web Edition
    Info: Processing started: Thu Sep 30 15:36:02 2021
Info: Command: quartus_tan --read_settings_files=off --write_settings_files=off HK1_1617 -c HK1_1617
Info: Started post-fitting delay annotation
Info: Delay annotation completed successfully
Warning: Found pins functioning as undefined clocks and/or memory enables
    Info: Assuming node "clk" is an undefined clock
Info: Clock "clk" has Internal fmax of 138.29 MHz between source register "dem[0]" and destination register "D[12]~reg0" (period= 7.231 ns)
    Info: + Longest register to register delay is 6.788 ns
        Info: 1: + IC(0.000 ns) + CELL(0.000 ns) = 0.000 ns; Loc. = LC_X5_Y7_N1; Fanout = 4; REG Node = 'dem[0]'
        Info: 2: + IC(1.604 ns) + CELL(0.571 ns) = 2.175 ns; Loc. = LC_X5_Y7_N0; Fanout = 1; COMB Node = 'Equal0~0'
        Info: 3: + IC(1.515 ns) + CELL(0.125 ns) = 3.815 ns; Loc. = LC_X13_Y7_N3; Fanout = 23; COMB Node = 'Equal0~4'
        Info: 4: + IC(2.196 ns) + CELL(0.777 ns) = 6.788 ns; Loc. = LC_X3_Y8_N4; Fanout = 1; REG Node = 'D[12]~reg0'
        Info: Total cell delay = 1.473 ns ( 21.70 % )
        Info: Total interconnect delay = 5.315 ns ( 78.30 % )
    Info: - Smallest clock skew is 0.000 ns
        Info: + Shortest clock path from clock "clk" to destination register is 2.388 ns
            Info: 1: + IC(0.000 ns) + CELL(0.727 ns) = 0.727 ns; Loc. = PIN_18; Fanout = 49; CLK Node = 'clk'
            Info: 2: + IC(1.087 ns) + CELL(0.574 ns) = 2.388 ns; Loc. = LC_X3_Y8_N4; Fanout = 1; REG Node = 'D[12]~reg0'
            Info: Total cell delay = 1.301 ns ( 54.48 % )
            Info: Total interconnect delay = 1.087 ns ( 45.52 % )
        Info: - Longest clock path from clock "clk" to source register is 2.388 ns
            Info: 1: + IC(0.000 ns) + CELL(0.727 ns) = 0.727 ns; Loc. = PIN_18; Fanout = 49; CLK Node = 'clk'
            Info: 2: + IC(1.087 ns) + CELL(0.574 ns) = 2.388 ns; Loc. = LC_X5_Y7_N1; Fanout = 4; REG Node = 'dem[0]'
            Info: Total cell delay = 1.301 ns ( 54.48 % )
            Info: Total interconnect delay = 1.087 ns ( 45.52 % )
    Info: + Micro clock to output delay of source is 0.235 ns
    Info: + Micro setup delay of destination is 0.208 ns
Info: tsu for register "temp[0]" (data pin = "enca", clock pin = "clk") is 3.976 ns
    Info: + Longest pin to register delay is 6.156 ns
        Info: 1: + IC(0.000 ns) + CELL(0.708 ns) = 0.708 ns; Loc. = PIN_8; Fanout = 3; PIN Node = 'enca'
        Info: 2: + IC(2.307 ns) + CELL(0.571 ns) = 3.586 ns; Loc. = LC_X13_Y7_N4; Fanout = 16; COMB Node = 'temp[0]~32'
        Info: 3: + IC(1.793 ns) + CELL(0.777 ns) = 6.156 ns; Loc. = LC_X2_Y7_N2; Fanout = 4; REG Node = 'temp[0]'
        Info: Total cell delay = 2.056 ns ( 33.40 % )
        Info: Total interconnect delay = 4.100 ns ( 66.60 % )
    Info: + Micro setup delay of destination is 0.208 ns
    Info: - Shortest clock path from clock "clk" to destination register is 2.388 ns
        Info: 1: + IC(0.000 ns) + CELL(0.727 ns) = 0.727 ns; Loc. = PIN_18; Fanout = 49; CLK Node = 'clk'
        Info: 2: + IC(1.087 ns) + CELL(0.574 ns) = 2.388 ns; Loc. = LC_X2_Y7_N2; Fanout = 4; REG Node = 'temp[0]'
        Info: Total cell delay = 1.301 ns ( 54.48 % )
        Info: Total interconnect delay = 1.087 ns ( 45.52 % )
Info: tco from clock "clk" to destination pin "D[14]" through register "D[14]~reg0" is 6.878 ns
    Info: + Longest clock path from clock "clk" to source register is 2.388 ns
        Info: 1: + IC(0.000 ns) + CELL(0.727 ns) = 0.727 ns; Loc. = PIN_18; Fanout = 49; CLK Node = 'clk'
        Info: 2: + IC(1.087 ns) + CELL(0.574 ns) = 2.388 ns; Loc. = LC_X3_Y8_N8; Fanout = 1; REG Node = 'D[14]~reg0'
        Info: Total cell delay = 1.301 ns ( 54.48 % )
        Info: Total interconnect delay = 1.087 ns ( 45.52 % )
    Info: + Micro clock to output delay of source is 0.235 ns
    Info: + Longest register to pin delay is 4.255 ns
        Info: 1: + IC(0.000 ns) + CELL(0.000 ns) = 0.000 ns; Loc. = LC_X3_Y8_N8; Fanout = 1; REG Node = 'D[14]~reg0'
        Info: 2: + IC(2.801 ns) + CELL(1.454 ns) = 4.255 ns; Loc. = PIN_72; Fanout = 0; PIN Node = 'D[14]'
        Info: Total cell delay = 1.454 ns ( 34.17 % )
        Info: Total interconnect delay = 2.801 ns ( 65.83 % )
Info: th for register "pre_enca" (data pin = "enca", clock pin = "clk") is -1.071 ns
    Info: + Longest clock path from clock "clk" to destination register is 2.388 ns
        Info: 1: + IC(0.000 ns) + CELL(0.727 ns) = 0.727 ns; Loc. = PIN_18; Fanout = 49; CLK Node = 'clk'
        Info: 2: + IC(1.087 ns) + CELL(0.574 ns) = 2.388 ns; Loc. = LC_X13_Y7_N4; Fanout = 2; REG Node = 'pre_enca'
        Info: Total cell delay = 1.301 ns ( 54.48 % )
        Info: Total interconnect delay = 1.087 ns ( 45.52 % )
    Info: + Micro hold delay of destination is 0.138 ns
    Info: - Shortest pin to register delay is 3.597 ns
        Info: 1: + IC(0.000 ns) + CELL(0.708 ns) = 0.708 ns; Loc. = PIN_8; Fanout = 3; PIN Node = 'enca'
        Info: 2: + IC(2.714 ns) + CELL(0.175 ns) = 3.597 ns; Loc. = LC_X13_Y7_N4; Fanout = 2; REG Node = 'pre_enca'
        Info: Total cell delay = 0.883 ns ( 24.55 % )
        Info: Total interconnect delay = 2.714 ns ( 75.45 % )
Info: Quartus II Classic Timing Analyzer was successful. 0 errors, 1 warning
    Info: Peak virtual memory: 185 megabytes
    Info: Processing ended: Thu Sep 30 15:36:02 2021
    Info: Elapsed time: 00:00:00
    Info: Total CPU time (on all processors): 00:00:00


