Analysis & Synthesis report for Noisuy_CNC
Tue Oct 12 09:24:07 2021
Quartus II Version 9.1 Build 350 03/24/2010 Service Pack 2 SJ Web Edition


---------------------
; Table of Contents ;
---------------------
  1. Legal Notice
  2. Analysis & Synthesis Summary
  3. Analysis & Synthesis Settings
  4. Parallel Compilation
  5. Analysis & Synthesis Source Files Read
  6. Analysis & Synthesis Resource Usage Summary
  7. Analysis & Synthesis Resource Utilization by Entity
  8. Registers Removed During Synthesis
  9. General Register Statistics
 10. Multiplexer Restructuring Statistics (Restructuring Performed)
 11. Parameter Settings for Inferred Entity Instance: lpm_divide:Mod0
 12. Analysis & Synthesis Messages
 13. Analysis & Synthesis Suppressed Messages



----------------
; Legal Notice ;
----------------
Copyright (C) 1991-2010 Altera Corporation
Your use of Altera Corporation's design tools, logic functions 
and other software and tools, and its AMPP partner logic 
functions, and any output files from any of the foregoing 
(including device programming or simulation files), and any 
associated documentation or information are expressly subject 
to the terms and conditions of the Altera Program License 
Subscription Agreement, Altera MegaCore Function License 
Agreement, or other applicable license agreement, including, 
without limitation, that your use is for the sole purpose of 
programming logic devices manufactured by Altera and sold by 
Altera or its authorized distributors.  Please refer to the 
applicable agreement for further details.



+----------------------------------------------------------------------------+
; Analysis & Synthesis Summary                                               ;
+-----------------------------+----------------------------------------------+
; Analysis & Synthesis Status ; Successful - Tue Oct 12 09:24:07 2021        ;
; Quartus II Version          ; 9.1 Build 350 03/24/2010 SP 2 SJ Web Edition ;
; Revision Name               ; Noisuy_CNC                                   ;
; Top-level Entity Name       ; Noisuy_CNC                                   ;
; Family                      ; MAX II                                       ;
; Total logic elements        ; 209                                          ;
; Total pins                  ; 23                                           ;
; Total virtual pins          ; 0                                            ;
; UFM blocks                  ; 0 / 1 ( 0 % )                                ;
+-----------------------------+----------------------------------------------+


+----------------------------------------------------------------------------------------------------------------------+
; Analysis & Synthesis Settings                                                                                        ;
+----------------------------------------------------------------------------+--------------------+--------------------+
; Option                                                                     ; Setting            ; Default Value      ;
+----------------------------------------------------------------------------+--------------------+--------------------+
; Device                                                                     ; EPM1270T144C3      ;                    ;
; Top-level entity name                                                      ; Noisuy_CNC         ; Noisuy_CNC         ;
; Family name                                                                ; MAX II             ; Stratix II         ;
; Use Generated Physical Constraints File                                    ; Off                ;                    ;
; Use smart compilation                                                      ; Off                ; Off                ;
; Enable parallel Assembler and TimeQuest Timing Analyzer during compilation ; On                 ; On                 ;
; Enable compact report table                                                ; Off                ; Off                ;
; Restructure Multiplexers                                                   ; Auto               ; Auto               ;
; Create Debugging Nodes for IP Cores                                        ; Off                ; Off                ;
; Preserve fewer node names                                                  ; On                 ; On                 ;
; Disable OpenCore Plus hardware evaluation                                  ; Off                ; Off                ;
; Verilog Version                                                            ; Verilog_2001       ; Verilog_2001       ;
; VHDL Version                                                               ; VHDL_1993          ; VHDL_1993          ;
; State Machine Processing                                                   ; Auto               ; Auto               ;
; Safe State Machine                                                         ; Off                ; Off                ;
; Extract Verilog State Machines                                             ; On                 ; On                 ;
; Extract VHDL State Machines                                                ; On                 ; On                 ;
; Ignore Verilog initial constructs                                          ; Off                ; Off                ;
; Iteration limit for constant Verilog loops                                 ; 5000               ; 5000               ;
; Iteration limit for non-constant Verilog loops                             ; 250                ; 250                ;
; Add Pass-Through Logic to Inferred RAMs                                    ; On                 ; On                 ;
; Parallel Synthesis                                                         ; On                 ; On                 ;
; NOT Gate Push-Back                                                         ; On                 ; On                 ;
; Power-Up Don't Care                                                        ; On                 ; On                 ;
; Remove Redundant Logic Cells                                               ; Off                ; Off                ;
; Remove Duplicate Registers                                                 ; On                 ; On                 ;
; Ignore CARRY Buffers                                                       ; Off                ; Off                ;
; Ignore CASCADE Buffers                                                     ; Off                ; Off                ;
; Ignore GLOBAL Buffers                                                      ; Off                ; Off                ;
; Ignore ROW GLOBAL Buffers                                                  ; Off                ; Off                ;
; Ignore LCELL Buffers                                                       ; Off                ; Off                ;
; Ignore SOFT Buffers                                                        ; On                 ; On                 ;
; Limit AHDL Integers to 32 Bits                                             ; Off                ; Off                ;
; Optimization Technique                                                     ; Balanced           ; Balanced           ;
; Carry Chain Length                                                         ; 70                 ; 70                 ;
; Auto Carry Chains                                                          ; On                 ; On                 ;
; Auto Open-Drain Pins                                                       ; On                 ; On                 ;
; Perform WYSIWYG Primitive Resynthesis                                      ; Off                ; Off                ;
; Auto Shift Register Replacement                                            ; Auto               ; Auto               ;
; Auto Clock Enable Replacement                                              ; On                 ; On                 ;
; Allow Synchronous Control Signals                                          ; On                 ; On                 ;
; Force Use of Synchronous Clear Signals                                     ; Off                ; Off                ;
; Auto Resource Sharing                                                      ; Off                ; Off                ;
; Use LogicLock Constraints during Resource Balancing                        ; On                 ; On                 ;
; Ignore translate_off and synthesis_off directives                          ; Off                ; Off                ;
; Show Parameter Settings Tables in Synthesis Report                         ; On                 ; On                 ;
; Ignore Maximum Fan-Out Assignments                                         ; Off                ; Off                ;
; Synchronization Register Chain Length                                      ; 2                  ; 2                  ;
; PowerPlay Power Optimization                                               ; Normal compilation ; Normal compilation ;
; HDL message level                                                          ; Level2             ; Level2             ;
; Suppress Register Optimization Related Messages                            ; Off                ; Off                ;
; Number of Removed Registers Reported in Synthesis Report                   ; 5000               ; 5000               ;
; Number of Inverted Registers Reported in Synthesis Report                  ; 100                ; 100                ;
; Clock MUX Protection                                                       ; On                 ; On                 ;
; Block Design Naming                                                        ; Auto               ; Auto               ;
; Synthesis Effort                                                           ; Auto               ; Auto               ;
; Shift Register Replacement - Allow Asynchronous Clear Signal               ; On                 ; On                 ;
; Analysis & Synthesis Message Level                                         ; Medium             ; Medium             ;
; Disable Register Merging Across Hierarchies                                ; Auto               ; Auto               ;
+----------------------------------------------------------------------------+--------------------+--------------------+


Parallel compilation was disabled, but you have multiple processors available. Enable parallel compilation to reduce compilation time.
+-------------------------------------+
; Parallel Compilation                ;
+----------------------------+--------+
; Processors                 ; Number ;
+----------------------------+--------+
; Number detected on machine ; 4      ;
; Maximum allowed            ; 1      ;
+----------------------------+--------+


+----------------------------------------------------------------------------------------------------------------------------------------------------------------+
; Analysis & Synthesis Source Files Read                                                                                                                         ;
+----------------------------------+-----------------+------------------------------+----------------------------------------------------------------------------+
; File Name with User-Entered Path ; Used in Netlist ; File Type                    ; File Name with Absolute Path                                               ;
+----------------------------------+-----------------+------------------------------+----------------------------------------------------------------------------+
; Noisuy_CNC.v                     ; yes             ; User Verilog HDL File        ; C:/Users/ASUS/Desktop/Quatus project/Noisuy_CNC/Noisuy_CNC.v               ;
; lpm_divide.tdf                   ; yes             ; Megafunction                 ; c:/altera/91sp2/quartus/libraries/megafunctions/lpm_divide.tdf             ;
; db/lpm_divide_8pl.tdf            ; yes             ; Auto-Generated Megafunction  ; C:/Users/ASUS/Desktop/Quatus project/Noisuy_CNC/db/lpm_divide_8pl.tdf      ;
; db/sign_div_unsign_mlh.tdf       ; yes             ; Auto-Generated Megafunction  ; C:/Users/ASUS/Desktop/Quatus project/Noisuy_CNC/db/sign_div_unsign_mlh.tdf ;
; db/alt_u_div_7le.tdf             ; yes             ; Auto-Generated Megafunction  ; C:/Users/ASUS/Desktop/Quatus project/Noisuy_CNC/db/alt_u_div_7le.tdf       ;
; db/add_sub_e7c.tdf               ; yes             ; Auto-Generated Megafunction  ; C:/Users/ASUS/Desktop/Quatus project/Noisuy_CNC/db/add_sub_e7c.tdf         ;
; db/add_sub_f7c.tdf               ; yes             ; Auto-Generated Megafunction  ; C:/Users/ASUS/Desktop/Quatus project/Noisuy_CNC/db/add_sub_f7c.tdf         ;
; db/add_sub_g7c.tdf               ; yes             ; Auto-Generated Megafunction  ; C:/Users/ASUS/Desktop/Quatus project/Noisuy_CNC/db/add_sub_g7c.tdf         ;
; db/add_sub_h7c.tdf               ; yes             ; Auto-Generated Megafunction  ; C:/Users/ASUS/Desktop/Quatus project/Noisuy_CNC/db/add_sub_h7c.tdf         ;
; db/add_sub_i7c.tdf               ; yes             ; Auto-Generated Megafunction  ; C:/Users/ASUS/Desktop/Quatus project/Noisuy_CNC/db/add_sub_i7c.tdf         ;
; db/add_sub_j7c.tdf               ; yes             ; Auto-Generated Megafunction  ; C:/Users/ASUS/Desktop/Quatus project/Noisuy_CNC/db/add_sub_j7c.tdf         ;
; db/add_sub_k7c.tdf               ; yes             ; Auto-Generated Megafunction  ; C:/Users/ASUS/Desktop/Quatus project/Noisuy_CNC/db/add_sub_k7c.tdf         ;
+----------------------------------+-----------------+------------------------------+----------------------------------------------------------------------------+


+-----------------------------------------------------+
; Analysis & Synthesis Resource Usage Summary         ;
+---------------------------------------------+-------+
; Resource                                    ; Usage ;
+---------------------------------------------+-------+
; Total logic elements                        ; 209   ;
;     -- Combinational with no register       ; 141   ;
;     -- Register only                        ; 12    ;
;     -- Combinational with a register        ; 56    ;
;                                             ;       ;
; Logic element usage by number of LUT inputs ;       ;
;     -- 4 input functions                    ; 35    ;
;     -- 3 input functions                    ; 79    ;
;     -- 2 input functions                    ; 65    ;
;     -- 1 input functions                    ; 18    ;
;     -- 0 input functions                    ; 0     ;
;                                             ;       ;
; Logic elements by mode                      ;       ;
;     -- normal mode                          ; 150   ;
;     -- arithmetic mode                      ; 59    ;
;     -- qfbk mode                            ; 0     ;
;     -- register cascade mode                ; 0     ;
;     -- synchronous clear/load mode          ; 2     ;
;     -- asynchronous clear/load mode         ; 0     ;
;                                             ;       ;
; Total registers                             ; 68    ;
; Total logic cells in carry chains           ; 72    ;
; I/O pins                                    ; 23    ;
; Maximum fan-out node                        ; clk   ;
; Maximum fan-out                             ; 68    ;
; Total fan-out                               ; 660   ;
; Average fan-out                             ; 2.84  ;
+---------------------------------------------+-------+


+------------------------------------------------------------------------------------------------------------------------------------------------------------------------------------------------------------------------------------------------------------------------------------------------------------------------------------------------+
; Analysis & Synthesis Resource Utilization by Entity                                                                                                                                                                                                                                                                                            ;
+----------------------------------------+-------------+--------------+------------+------+--------------+--------------+-------------------+------------------+-----------------+------------+-----------------------------------------------------------------------------------------------------------------------------------+--------------+
; Compilation Hierarchy Node             ; Logic Cells ; LC Registers ; UFM Blocks ; Pins ; Virtual Pins ; LUT-Only LCs ; Register-Only LCs ; LUT/Register LCs ; Carry Chain LCs ; Packed LCs ; Full Hierarchy Name                                                                                                               ; Library Name ;
+----------------------------------------+-------------+--------------+------------+------+--------------+--------------+-------------------+------------------+-----------------+------------+-----------------------------------------------------------------------------------------------------------------------------------+--------------+
; |Noisuy_CNC                            ; 209 (129)   ; 68           ; 0          ; 23   ; 0            ; 141 (61)     ; 12 (12)           ; 56 (56)          ; 72 (33)         ; 0 (0)      ; |Noisuy_CNC                                                                                                                       ; work         ;
;    |lpm_divide:Mod0|                   ; 80 (0)      ; 0            ; 0          ; 0    ; 0            ; 80 (0)       ; 0 (0)             ; 0 (0)            ; 39 (0)          ; 0 (0)      ; |Noisuy_CNC|lpm_divide:Mod0                                                                                                       ; work         ;
;       |lpm_divide_8pl:auto_generated|  ; 80 (0)      ; 0            ; 0          ; 0    ; 0            ; 80 (0)       ; 0 (0)             ; 0 (0)            ; 39 (0)          ; 0 (0)      ; |Noisuy_CNC|lpm_divide:Mod0|lpm_divide_8pl:auto_generated                                                                         ; work         ;
;          |sign_div_unsign_mlh:divider| ; 80 (0)      ; 0            ; 0          ; 0    ; 0            ; 80 (0)       ; 0 (0)             ; 0 (0)            ; 39 (0)          ; 0 (0)      ; |Noisuy_CNC|lpm_divide:Mod0|lpm_divide_8pl:auto_generated|sign_div_unsign_mlh:divider                                             ; work         ;
;             |alt_u_div_7le:divider|    ; 80 (41)     ; 0            ; 0          ; 0    ; 0            ; 80 (41)      ; 0 (0)             ; 0 (0)            ; 39 (0)          ; 0 (0)      ; |Noisuy_CNC|lpm_divide:Mod0|lpm_divide_8pl:auto_generated|sign_div_unsign_mlh:divider|alt_u_div_7le:divider                       ; work         ;
;                |add_sub_j7c:add_sub_5| ; 7 (7)       ; 0            ; 0          ; 0    ; 0            ; 7 (7)        ; 0 (0)             ; 0 (0)            ; 7 (7)           ; 0 (0)      ; |Noisuy_CNC|lpm_divide:Mod0|lpm_divide_8pl:auto_generated|sign_div_unsign_mlh:divider|alt_u_div_7le:divider|add_sub_j7c:add_sub_5 ; work         ;
;                |add_sub_k7c:add_sub_6| ; 8 (8)       ; 0            ; 0          ; 0    ; 0            ; 8 (8)        ; 0 (0)             ; 0 (0)            ; 8 (8)           ; 0 (0)      ; |Noisuy_CNC|lpm_divide:Mod0|lpm_divide_8pl:auto_generated|sign_div_unsign_mlh:divider|alt_u_div_7le:divider|add_sub_k7c:add_sub_6 ; work         ;
;                |add_sub_k7c:add_sub_7| ; 8 (8)       ; 0            ; 0          ; 0    ; 0            ; 8 (8)        ; 0 (0)             ; 0 (0)            ; 8 (8)           ; 0 (0)      ; |Noisuy_CNC|lpm_divide:Mod0|lpm_divide_8pl:auto_generated|sign_div_unsign_mlh:divider|alt_u_div_7le:divider|add_sub_k7c:add_sub_7 ; work         ;
;                |add_sub_k7c:add_sub_8| ; 8 (8)       ; 0            ; 0          ; 0    ; 0            ; 8 (8)        ; 0 (0)             ; 0 (0)            ; 8 (8)           ; 0 (0)      ; |Noisuy_CNC|lpm_divide:Mod0|lpm_divide_8pl:auto_generated|sign_div_unsign_mlh:divider|alt_u_div_7le:divider|add_sub_k7c:add_sub_8 ; work         ;
;                |add_sub_k7c:add_sub_9| ; 8 (8)       ; 0            ; 0          ; 0    ; 0            ; 8 (8)        ; 0 (0)             ; 0 (0)            ; 8 (8)           ; 0 (0)      ; |Noisuy_CNC|lpm_divide:Mod0|lpm_divide_8pl:auto_generated|sign_div_unsign_mlh:divider|alt_u_div_7le:divider|add_sub_k7c:add_sub_9 ; work         ;
+----------------------------------------+-------------+--------------+------------+------+--------------+--------------+-------------------+------------------+-----------------+------------+-----------------------------------------------------------------------------------------------------------------------------------+--------------+
Note: For table entries with two numbers listed, the numbers in parentheses indicate the number of resources of the given type used by the specific entity alone. The numbers listed outside of parentheses indicate the total resources of the given type used by the specific entity and all of its sub-entities in the hierarchy.


+--------------------------------------------------------------------------------+
; Registers Removed During Synthesis                                             ;
+---------------------------------------+----------------------------------------+
; Register name                         ; Reason for Removal                     ;
+---------------------------------------+----------------------------------------+
; X[7]                                  ; Stuck at GND due to stuck port data_in ;
; Total Number of Removed Registers = 1 ;                                        ;
+---------------------------------------+----------------------------------------+


+------------------------------------------------------+
; General Register Statistics                          ;
+----------------------------------------------+-------+
; Statistic                                    ; Value ;
+----------------------------------------------+-------+
; Total registers                              ; 68    ;
; Number of registers using Synchronous Clear  ; 2     ;
; Number of registers using Synchronous Load   ; 0     ;
; Number of registers using Asynchronous Clear ; 0     ;
; Number of registers using Asynchronous Load  ; 0     ;
; Number of registers using Clock Enable       ; 49    ;
; Number of registers using Preset             ; 0     ;
+----------------------------------------------+-------+


+------------------------------------------------------------------------------------------------------------------------------------------+
; Multiplexer Restructuring Statistics (Restructuring Performed)                                                                           ;
+--------------------+-----------+---------------+----------------------+------------------------+------------+----------------------------+
; Multiplexer Inputs ; Bus Width ; Baseline Area ; Area if Restructured ; Saving if Restructured ; Registered ; Example Multiplexer Output ;
+--------------------+-----------+---------------+----------------------+------------------------+------------+----------------------------+
; 3:1                ; 3 bits    ; 6 LEs         ; 3 LEs                ; 3 LEs                  ; Yes        ; |Noisuy_CNC|Nbuff[2]       ;
; 4:1                ; 8 bits    ; 16 LEs        ; 8 LEs                ; 8 LEs                  ; Yes        ; |Noisuy_CNC|accX[1]        ;
; 5:1                ; 8 bits    ; 24 LEs        ; 8 LEs                ; 16 LEs                 ; Yes        ; |Noisuy_CNC|buffer[30]     ;
; 5:1                ; 8 bits    ; 24 LEs        ; 8 LEs                ; 16 LEs                 ; Yes        ; |Noisuy_CNC|buffer[20]     ;
; 5:1                ; 8 bits    ; 24 LEs        ; 8 LEs                ; 16 LEs                 ; Yes        ; |Noisuy_CNC|buffer[12]     ;
; 5:1                ; 8 bits    ; 24 LEs        ; 8 LEs                ; 16 LEs                 ; Yes        ; |Noisuy_CNC|buffer[7]      ;
+--------------------+-----------+---------------+----------------------+------------------------+------------+----------------------------+


+------------------------------------------------------------------+
; Parameter Settings for Inferred Entity Instance: lpm_divide:Mod0 ;
+------------------------+----------------+------------------------+
; Parameter Name         ; Value          ; Type                   ;
+------------------------+----------------+------------------------+
; LPM_WIDTHN             ; 10             ; Untyped                ;
; LPM_WIDTHD             ; 6              ; Untyped                ;
; LPM_NREPRESENTATION    ; UNSIGNED       ; Untyped                ;
; LPM_DREPRESENTATION    ; UNSIGNED       ; Untyped                ;
; LPM_PIPELINE           ; 0              ; Untyped                ;
; LPM_REMAINDERPOSITIVE  ; TRUE           ; Untyped                ;
; MAXIMIZE_SPEED         ; 5              ; Untyped                ;
; CBXI_PARAMETER         ; lpm_divide_8pl ; Untyped                ;
; CARRY_CHAIN            ; MANUAL         ; Untyped                ;
; OPTIMIZE_FOR_SPEED     ; 5              ; Untyped                ;
; AUTO_CARRY_CHAINS      ; ON             ; AUTO_CARRY             ;
; IGNORE_CARRY_BUFFERS   ; OFF            ; IGNORE_CARRY           ;
; AUTO_CASCADE_CHAINS    ; ON             ; AUTO_CASCADE           ;
; IGNORE_CASCADE_BUFFERS ; OFF            ; IGNORE_CASCADE         ;
+------------------------+----------------+------------------------+
Note: In order to hide this table in the UI and the text report file, please set the "Show Parameter Settings Tables in Synthesis Report" option in "Analysis and Synthesis Settings -> More Settings" to "Off".


+-------------------------------+
; Analysis & Synthesis Messages ;
+-------------------------------+
Info: *******************************************************************
Info: Running Quartus II Analysis & Synthesis
    Info: Version 9.1 Build 350 03/24/2010 Service Pack 2 SJ Web Edition
    Info: Processing started: Tue Oct 12 09:24:06 2021
Info: Command: quartus_map --read_settings_files=on --write_settings_files=off Noisuy_CNC -c Noisuy_CNC
Info: Found 1 design units, including 1 entities, in source file noisuy_cnc.v
    Info: Found entity 1: Noisuy_CNC
Info: Elaborating entity "Noisuy_CNC" for the top level hierarchy
Warning (10230): Verilog HDL assignment warning at Noisuy_CNC.v(37): truncated value with size 32 to match size of target (3)
Warning (10230): Verilog HDL assignment warning at Noisuy_CNC.v(49): truncated value with size 32 to match size of target (3)
Info: Inferred 1 megafunctions from design logic
    Info: Inferred divider/modulo megafunction ("lpm_divide") from the following logic: "Mod0"
Info: Elaborated megafunction instantiation "lpm_divide:Mod0"
Info: Instantiated megafunction "lpm_divide:Mod0" with the following parameter:
    Info: Parameter "LPM_WIDTHN" = "10"
    Info: Parameter "LPM_WIDTHD" = "6"
    Info: Parameter "LPM_NREPRESENTATION" = "UNSIGNED"
    Info: Parameter "LPM_DREPRESENTATION" = "UNSIGNED"
Info: Found 1 design units, including 1 entities, in source file db/lpm_divide_8pl.tdf
    Info: Found entity 1: lpm_divide_8pl
Info: Found 1 design units, including 1 entities, in source file db/sign_div_unsign_mlh.tdf
    Info: Found entity 1: sign_div_unsign_mlh
Info: Found 1 design units, including 1 entities, in source file db/alt_u_div_7le.tdf
    Info: Found entity 1: alt_u_div_7le
Info: Found 1 design units, including 1 entities, in source file db/add_sub_e7c.tdf
    Info: Found entity 1: add_sub_e7c
Info: Found 1 design units, including 1 entities, in source file db/add_sub_f7c.tdf
    Info: Found entity 1: add_sub_f7c
Info: Found 1 design units, including 1 entities, in source file db/add_sub_g7c.tdf
    Info: Found entity 1: add_sub_g7c
Info: Found 1 design units, including 1 entities, in source file db/add_sub_h7c.tdf
    Info: Found entity 1: add_sub_h7c
Info: Found 1 design units, including 1 entities, in source file db/add_sub_i7c.tdf
    Info: Found entity 1: add_sub_i7c
Info: Found 1 design units, including 1 entities, in source file db/add_sub_j7c.tdf
    Info: Found entity 1: add_sub_j7c
Info: Found 1 design units, including 1 entities, in source file db/add_sub_k7c.tdf
    Info: Found entity 1: add_sub_k7c
Info: Implemented 232 device resources after synthesis - the final resource count might be different
    Info: Implemented 19 input pins
    Info: Implemented 4 output pins
    Info: Implemented 209 logic cells
Info: Generated suppressed messages file C:/Users/ASUS/Desktop/Quatus project/Noisuy_CNC/Noisuy_CNC.map.smsg
Info: Quartus II Analysis & Synthesis was successful. 0 errors, 2 warnings
    Info: Peak virtual memory: 227 megabytes
    Info: Processing ended: Tue Oct 12 09:24:07 2021
    Info: Elapsed time: 00:00:01
    Info: Total CPU time (on all processors): 00:00:01


+------------------------------------------+
; Analysis & Synthesis Suppressed Messages ;
+------------------------------------------+
The suppressed messages can be found in C:/Users/ASUS/Desktop/Quatus project/Noisuy_CNC/Noisuy_CNC.map.smsg.


