Classic Timing Analyzer report for read_ultrasonic_sensor
Tue Oct 12 09:54:51 2021
Quartus II Version 9.1 Build 350 03/24/2010 Service Pack 2 SJ Web Edition


---------------------
; Table of Contents ;
---------------------
  1. Legal Notice
  2. Timing Analyzer Summary
  3. Timing Analyzer Settings
  4. Clock Settings Summary
  5. Parallel Compilation
  6. Clock Setup: 'clk'
  7. tsu
  8. tco
  9. th
 10. Timing Analyzer Messages



----------------
; Legal Notice ;
----------------
Copyright (C) 1991-2010 Altera Corporation
Your use of Altera Corporation's design tools, logic functions 
and other software and tools, and its AMPP partner logic 
functions, and any output files from any of the foregoing 
(including device programming or simulation files), and any 
associated documentation or information are expressly subject 
to the terms and conditions of the Altera Program License 
Subscription Agreement, Altera MegaCore Function License 
Agreement, or other applicable license agreement, including, 
without limitation, that your use is for the sole purpose of 
programming logic devices manufactured by Altera and sold by 
Altera or its authorized distributors.  Please refer to the 
applicable agreement for further details.



+------------------------------------------------------------------------------------------------------------------------------------------------------------+
; Timing Analyzer Summary                                                                                                                                    ;
+------------------------------+-------+---------------+----------------------------------+--------------+------------+------------+----------+--------------+
; Type                         ; Slack ; Required Time ; Actual Time                      ; From         ; To         ; From Clock ; To Clock ; Failed Paths ;
+------------------------------+-------+---------------+----------------------------------+--------------+------------+------------+----------+--------------+
; Worst-case tsu               ; N/A   ; None          ; 2.817 ns                         ; EchoPulse    ; D[15]~reg0 ; --         ; clk      ; 0            ;
; Worst-case tco               ; N/A   ; None          ; 6.137 ns                         ; D[9]~reg0    ; D[9]       ; clk        ; --       ; 0            ;
; Worst-case th                ; N/A   ; None          ; -1.401 ns                        ; EchoPulse    ; D[13]~reg0 ; --         ; clk      ; 0            ;
; Clock Setup: 'clk'           ; N/A   ; None          ; 114.96 MHz ( period = 8.699 ns ) ; time_cnt[15] ; D[15]~reg0 ; clk        ; clk      ; 0            ;
; Total number of failed paths ;       ;               ;                                  ;              ;            ;            ;          ; 0            ;
+------------------------------+-------+---------------+----------------------------------+--------------+------------+------------+----------+--------------+


+-----------------------------------------------------------------------------------------------------------------------------------------------------+
; Timing Analyzer Settings                                                                                                                            ;
+------------------------------------------------------------------------------------------------------+--------------------+------+----+-------------+
; Option                                                                                               ; Setting            ; From ; To ; Entity Name ;
+------------------------------------------------------------------------------------------------------+--------------------+------+----+-------------+
; Device Name                                                                                          ; EPM1270T144C3      ;      ;    ;             ;
; Timing Models                                                                                        ; Final              ;      ;    ;             ;
; Default hold multicycle                                                                              ; Same as Multicycle ;      ;    ;             ;
; Cut paths between unrelated clock domains                                                            ; On                 ;      ;    ;             ;
; Cut off read during write signal paths                                                               ; On                 ;      ;    ;             ;
; Cut off feedback from I/O pins                                                                       ; On                 ;      ;    ;             ;
; Report Combined Fast/Slow Timing                                                                     ; Off                ;      ;    ;             ;
; Ignore Clock Settings                                                                                ; Off                ;      ;    ;             ;
; Analyze latches as synchronous elements                                                              ; On                 ;      ;    ;             ;
; Enable Recovery/Removal analysis                                                                     ; Off                ;      ;    ;             ;
; Enable Clock Latency                                                                                 ; Off                ;      ;    ;             ;
; Use TimeQuest Timing Analyzer                                                                        ; Off                ;      ;    ;             ;
; Minimum Core Junction Temperature                                                                    ; 0                  ;      ;    ;             ;
; Maximum Core Junction Temperature                                                                    ; 85                 ;      ;    ;             ;
; Number of source nodes to report per destination node                                                ; 10                 ;      ;    ;             ;
; Number of destination nodes to report                                                                ; 10                 ;      ;    ;             ;
; Number of paths to report                                                                            ; 200                ;      ;    ;             ;
; Report Minimum Timing Checks                                                                         ; Off                ;      ;    ;             ;
; Use Fast Timing Models                                                                               ; Off                ;      ;    ;             ;
; Report IO Paths Separately                                                                           ; Off                ;      ;    ;             ;
; Perform Multicorner Analysis                                                                         ; Off                ;      ;    ;             ;
; Reports the worst-case path for each clock domain and analysis                                       ; Off                ;      ;    ;             ;
; Reports worst-case timing paths for each clock domain and analysis                                   ; On                 ;      ;    ;             ;
; Specifies the maximum number of worst-case timing paths to report for each clock domain and analysis ; 100                ;      ;    ;             ;
; Removes common clock path pessimism (CCPP) during slack computation                                  ; Off                ;      ;    ;             ;
; Output I/O Timing Endpoint                                                                           ; Near End           ;      ;    ;             ;
+------------------------------------------------------------------------------------------------------+--------------------+------+----+-------------+


+------------------------------------------------------------------------------------------------------------------------------------------------------------------------------------+
; Clock Settings Summary                                                                                                                                                             ;
+-----------------+--------------------+----------+------------------+---------------+--------------+----------+-----------------------+---------------------+--------+--------------+
; Clock Node Name ; Clock Setting Name ; Type     ; Fmax Requirement ; Early Latency ; Late Latency ; Based on ; Multiply Base Fmax by ; Divide Base Fmax by ; Offset ; Phase offset ;
+-----------------+--------------------+----------+------------------+---------------+--------------+----------+-----------------------+---------------------+--------+--------------+
; clk             ;                    ; User Pin ; None             ; 0.000 ns      ; 0.000 ns     ; --       ; N/A                   ; N/A                 ; N/A    ;              ;
+-----------------+--------------------+----------+------------------+---------------+--------------+----------+-----------------------+---------------------+--------+--------------+


Parallel compilation was disabled, but you have multiple processors available. Enable parallel compilation to reduce compilation time.
+-------------------------------------+
; Parallel Compilation                ;
+----------------------------+--------+
; Processors                 ; Number ;
+----------------------------+--------+
; Number detected on machine ; 4      ;
; Maximum allowed            ; 1      ;
+----------------------------+--------+


+-----------------------------------------------------------------------------------------------------------------------------------------------------------------------------------------------------------------------------------------+
; Clock Setup: 'clk'                                                                                                                                                                                                                      ;
+-----------------------------------------+-----------------------------------------------------+--------------+--------------+------------+----------+-----------------------------+---------------------------+-------------------------+
; Slack                                   ; Actual fmax (period)                                ; From         ; To           ; From Clock ; To Clock ; Required Setup Relationship ; Required Longest P2P Time ; Actual Longest P2P Time ;
+-----------------------------------------+-----------------------------------------------------+--------------+--------------+------------+----------+-----------------------------+---------------------------+-------------------------+
; N/A                                     ; 114.96 MHz ( period = 8.699 ns )                    ; time_cnt[15] ; D[8]~reg0    ; clk        ; clk      ; None                        ; None                      ; 8.256 ns                ;
; N/A                                     ; 114.96 MHz ( period = 8.699 ns )                    ; time_cnt[15] ; D[9]~reg0    ; clk        ; clk      ; None                        ; None                      ; 8.256 ns                ;
; N/A                                     ; 114.96 MHz ( period = 8.699 ns )                    ; time_cnt[15] ; D[10]~reg0   ; clk        ; clk      ; None                        ; None                      ; 8.256 ns                ;
; N/A                                     ; 114.96 MHz ( period = 8.699 ns )                    ; time_cnt[15] ; D[11]~reg0   ; clk        ; clk      ; None                        ; None                      ; 8.256 ns                ;
; N/A                                     ; 114.96 MHz ( period = 8.699 ns )                    ; time_cnt[15] ; D[12]~reg0   ; clk        ; clk      ; None                        ; None                      ; 8.256 ns                ;
; N/A                                     ; 114.96 MHz ( period = 8.699 ns )                    ; time_cnt[15] ; D[14]~reg0   ; clk        ; clk      ; None                        ; None                      ; 8.256 ns                ;
; N/A                                     ; 114.96 MHz ( period = 8.699 ns )                    ; time_cnt[15] ; D[15]~reg0   ; clk        ; clk      ; None                        ; None                      ; 8.256 ns                ;
; N/A                                     ; 119.70 MHz ( period = 8.354 ns )                    ; time_cnt[14] ; D[8]~reg0    ; clk        ; clk      ; None                        ; None                      ; 7.911 ns                ;
; N/A                                     ; 119.70 MHz ( period = 8.354 ns )                    ; time_cnt[14] ; D[9]~reg0    ; clk        ; clk      ; None                        ; None                      ; 7.911 ns                ;
; N/A                                     ; 119.70 MHz ( period = 8.354 ns )                    ; time_cnt[14] ; D[10]~reg0   ; clk        ; clk      ; None                        ; None                      ; 7.911 ns                ;
; N/A                                     ; 119.70 MHz ( period = 8.354 ns )                    ; time_cnt[14] ; D[11]~reg0   ; clk        ; clk      ; None                        ; None                      ; 7.911 ns                ;
; N/A                                     ; 119.70 MHz ( period = 8.354 ns )                    ; time_cnt[14] ; D[12]~reg0   ; clk        ; clk      ; None                        ; None                      ; 7.911 ns                ;
; N/A                                     ; 119.70 MHz ( period = 8.354 ns )                    ; time_cnt[14] ; D[14]~reg0   ; clk        ; clk      ; None                        ; None                      ; 7.911 ns                ;
; N/A                                     ; 119.70 MHz ( period = 8.354 ns )                    ; time_cnt[14] ; D[15]~reg0   ; clk        ; clk      ; None                        ; None                      ; 7.911 ns                ;
; N/A                                     ; 122.03 MHz ( period = 8.195 ns )                    ; time_cnt[2]  ; D[8]~reg0    ; clk        ; clk      ; None                        ; None                      ; 7.752 ns                ;
; N/A                                     ; 122.03 MHz ( period = 8.195 ns )                    ; time_cnt[2]  ; D[9]~reg0    ; clk        ; clk      ; None                        ; None                      ; 7.752 ns                ;
; N/A                                     ; 122.03 MHz ( period = 8.195 ns )                    ; time_cnt[2]  ; D[10]~reg0   ; clk        ; clk      ; None                        ; None                      ; 7.752 ns                ;
; N/A                                     ; 122.03 MHz ( period = 8.195 ns )                    ; time_cnt[2]  ; D[11]~reg0   ; clk        ; clk      ; None                        ; None                      ; 7.752 ns                ;
; N/A                                     ; 122.03 MHz ( period = 8.195 ns )                    ; time_cnt[2]  ; D[12]~reg0   ; clk        ; clk      ; None                        ; None                      ; 7.752 ns                ;
; N/A                                     ; 122.03 MHz ( period = 8.195 ns )                    ; time_cnt[2]  ; D[14]~reg0   ; clk        ; clk      ; None                        ; None                      ; 7.752 ns                ;
; N/A                                     ; 122.03 MHz ( period = 8.195 ns )                    ; time_cnt[2]  ; D[15]~reg0   ; clk        ; clk      ; None                        ; None                      ; 7.752 ns                ;
; N/A                                     ; 122.55 MHz ( period = 8.160 ns )                    ; time_cnt[3]  ; D[8]~reg0    ; clk        ; clk      ; None                        ; None                      ; 7.717 ns                ;
; N/A                                     ; 122.55 MHz ( period = 8.160 ns )                    ; time_cnt[3]  ; D[9]~reg0    ; clk        ; clk      ; None                        ; None                      ; 7.717 ns                ;
; N/A                                     ; 122.55 MHz ( period = 8.160 ns )                    ; time_cnt[3]  ; D[10]~reg0   ; clk        ; clk      ; None                        ; None                      ; 7.717 ns                ;
; N/A                                     ; 122.55 MHz ( period = 8.160 ns )                    ; time_cnt[3]  ; D[11]~reg0   ; clk        ; clk      ; None                        ; None                      ; 7.717 ns                ;
; N/A                                     ; 122.55 MHz ( period = 8.160 ns )                    ; time_cnt[3]  ; D[12]~reg0   ; clk        ; clk      ; None                        ; None                      ; 7.717 ns                ;
; N/A                                     ; 122.55 MHz ( period = 8.160 ns )                    ; time_cnt[3]  ; D[14]~reg0   ; clk        ; clk      ; None                        ; None                      ; 7.717 ns                ;
; N/A                                     ; 122.55 MHz ( period = 8.160 ns )                    ; time_cnt[3]  ; D[15]~reg0   ; clk        ; clk      ; None                        ; None                      ; 7.717 ns                ;
; N/A                                     ; 124.24 MHz ( period = 8.049 ns )                    ; time_cnt[13] ; D[8]~reg0    ; clk        ; clk      ; None                        ; None                      ; 7.606 ns                ;
; N/A                                     ; 124.24 MHz ( period = 8.049 ns )                    ; time_cnt[13] ; D[9]~reg0    ; clk        ; clk      ; None                        ; None                      ; 7.606 ns                ;
; N/A                                     ; 124.24 MHz ( period = 8.049 ns )                    ; time_cnt[13] ; D[10]~reg0   ; clk        ; clk      ; None                        ; None                      ; 7.606 ns                ;
; N/A                                     ; 124.24 MHz ( period = 8.049 ns )                    ; time_cnt[13] ; D[11]~reg0   ; clk        ; clk      ; None                        ; None                      ; 7.606 ns                ;
; N/A                                     ; 124.24 MHz ( period = 8.049 ns )                    ; time_cnt[13] ; D[12]~reg0   ; clk        ; clk      ; None                        ; None                      ; 7.606 ns                ;
; N/A                                     ; 124.24 MHz ( period = 8.049 ns )                    ; time_cnt[13] ; D[14]~reg0   ; clk        ; clk      ; None                        ; None                      ; 7.606 ns                ;
; N/A                                     ; 124.24 MHz ( period = 8.049 ns )                    ; time_cnt[13] ; D[15]~reg0   ; clk        ; clk      ; None                        ; None                      ; 7.606 ns                ;
; N/A                                     ; 125.80 MHz ( period = 7.949 ns )                    ; time_cnt[8]  ; D[8]~reg0    ; clk        ; clk      ; None                        ; None                      ; 7.506 ns                ;
; N/A                                     ; 125.80 MHz ( period = 7.949 ns )                    ; time_cnt[8]  ; D[9]~reg0    ; clk        ; clk      ; None                        ; None                      ; 7.506 ns                ;
; N/A                                     ; 125.80 MHz ( period = 7.949 ns )                    ; time_cnt[8]  ; D[10]~reg0   ; clk        ; clk      ; None                        ; None                      ; 7.506 ns                ;
; N/A                                     ; 125.80 MHz ( period = 7.949 ns )                    ; time_cnt[8]  ; D[11]~reg0   ; clk        ; clk      ; None                        ; None                      ; 7.506 ns                ;
; N/A                                     ; 125.80 MHz ( period = 7.949 ns )                    ; time_cnt[8]  ; D[12]~reg0   ; clk        ; clk      ; None                        ; None                      ; 7.506 ns                ;
; N/A                                     ; 125.80 MHz ( period = 7.949 ns )                    ; time_cnt[8]  ; D[14]~reg0   ; clk        ; clk      ; None                        ; None                      ; 7.506 ns                ;
; N/A                                     ; 125.80 MHz ( period = 7.949 ns )                    ; time_cnt[8]  ; D[15]~reg0   ; clk        ; clk      ; None                        ; None                      ; 7.506 ns                ;
; N/A                                     ; 127.26 MHz ( period = 7.858 ns )                    ; time_cnt[9]  ; D[8]~reg0    ; clk        ; clk      ; None                        ; None                      ; 7.415 ns                ;
; N/A                                     ; 127.26 MHz ( period = 7.858 ns )                    ; time_cnt[9]  ; D[9]~reg0    ; clk        ; clk      ; None                        ; None                      ; 7.415 ns                ;
; N/A                                     ; 127.26 MHz ( period = 7.858 ns )                    ; time_cnt[9]  ; D[10]~reg0   ; clk        ; clk      ; None                        ; None                      ; 7.415 ns                ;
; N/A                                     ; 127.26 MHz ( period = 7.858 ns )                    ; time_cnt[9]  ; D[11]~reg0   ; clk        ; clk      ; None                        ; None                      ; 7.415 ns                ;
; N/A                                     ; 127.26 MHz ( period = 7.858 ns )                    ; time_cnt[9]  ; D[12]~reg0   ; clk        ; clk      ; None                        ; None                      ; 7.415 ns                ;
; N/A                                     ; 127.26 MHz ( period = 7.858 ns )                    ; time_cnt[9]  ; D[14]~reg0   ; clk        ; clk      ; None                        ; None                      ; 7.415 ns                ;
; N/A                                     ; 127.26 MHz ( period = 7.858 ns )                    ; time_cnt[9]  ; D[15]~reg0   ; clk        ; clk      ; None                        ; None                      ; 7.415 ns                ;
; N/A                                     ; 127.75 MHz ( period = 7.828 ns )                    ; time_cnt[7]  ; D[8]~reg0    ; clk        ; clk      ; None                        ; None                      ; 7.385 ns                ;
; N/A                                     ; 127.75 MHz ( period = 7.828 ns )                    ; time_cnt[7]  ; D[9]~reg0    ; clk        ; clk      ; None                        ; None                      ; 7.385 ns                ;
; N/A                                     ; 127.75 MHz ( period = 7.828 ns )                    ; time_cnt[7]  ; D[10]~reg0   ; clk        ; clk      ; None                        ; None                      ; 7.385 ns                ;
; N/A                                     ; 127.75 MHz ( period = 7.828 ns )                    ; time_cnt[7]  ; D[11]~reg0   ; clk        ; clk      ; None                        ; None                      ; 7.385 ns                ;
; N/A                                     ; 127.75 MHz ( period = 7.828 ns )                    ; time_cnt[7]  ; D[12]~reg0   ; clk        ; clk      ; None                        ; None                      ; 7.385 ns                ;
; N/A                                     ; 127.75 MHz ( period = 7.828 ns )                    ; time_cnt[7]  ; D[14]~reg0   ; clk        ; clk      ; None                        ; None                      ; 7.385 ns                ;
; N/A                                     ; 127.75 MHz ( period = 7.828 ns )                    ; time_cnt[7]  ; D[15]~reg0   ; clk        ; clk      ; None                        ; None                      ; 7.385 ns                ;
; N/A                                     ; 128.06 MHz ( period = 7.809 ns )                    ; time_cnt[0]  ; D[8]~reg0    ; clk        ; clk      ; None                        ; None                      ; 7.366 ns                ;
; N/A                                     ; 128.06 MHz ( period = 7.809 ns )                    ; time_cnt[0]  ; D[9]~reg0    ; clk        ; clk      ; None                        ; None                      ; 7.366 ns                ;
; N/A                                     ; 128.06 MHz ( period = 7.809 ns )                    ; time_cnt[0]  ; D[10]~reg0   ; clk        ; clk      ; None                        ; None                      ; 7.366 ns                ;
; N/A                                     ; 128.06 MHz ( period = 7.809 ns )                    ; time_cnt[0]  ; D[11]~reg0   ; clk        ; clk      ; None                        ; None                      ; 7.366 ns                ;
; N/A                                     ; 128.06 MHz ( period = 7.809 ns )                    ; time_cnt[0]  ; D[12]~reg0   ; clk        ; clk      ; None                        ; None                      ; 7.366 ns                ;
; N/A                                     ; 128.06 MHz ( period = 7.809 ns )                    ; time_cnt[0]  ; D[14]~reg0   ; clk        ; clk      ; None                        ; None                      ; 7.366 ns                ;
; N/A                                     ; 128.06 MHz ( period = 7.809 ns )                    ; time_cnt[0]  ; D[15]~reg0   ; clk        ; clk      ; None                        ; None                      ; 7.366 ns                ;
; N/A                                     ; 130.06 MHz ( period = 7.689 ns )                    ; time_cnt[5]  ; D[8]~reg0    ; clk        ; clk      ; None                        ; None                      ; 7.246 ns                ;
; N/A                                     ; 130.06 MHz ( period = 7.689 ns )                    ; time_cnt[5]  ; D[9]~reg0    ; clk        ; clk      ; None                        ; None                      ; 7.246 ns                ;
; N/A                                     ; 130.06 MHz ( period = 7.689 ns )                    ; time_cnt[5]  ; D[10]~reg0   ; clk        ; clk      ; None                        ; None                      ; 7.246 ns                ;
; N/A                                     ; 130.06 MHz ( period = 7.689 ns )                    ; time_cnt[5]  ; D[11]~reg0   ; clk        ; clk      ; None                        ; None                      ; 7.246 ns                ;
; N/A                                     ; 130.06 MHz ( period = 7.689 ns )                    ; time_cnt[5]  ; D[12]~reg0   ; clk        ; clk      ; None                        ; None                      ; 7.246 ns                ;
; N/A                                     ; 130.06 MHz ( period = 7.689 ns )                    ; time_cnt[5]  ; D[14]~reg0   ; clk        ; clk      ; None                        ; None                      ; 7.246 ns                ;
; N/A                                     ; 130.06 MHz ( period = 7.689 ns )                    ; time_cnt[5]  ; D[15]~reg0   ; clk        ; clk      ; None                        ; None                      ; 7.246 ns                ;
; N/A                                     ; 131.08 MHz ( period = 7.629 ns )                    ; time_cnt[15] ; D[0]~reg0    ; clk        ; clk      ; None                        ; None                      ; 7.186 ns                ;
; N/A                                     ; 131.08 MHz ( period = 7.629 ns )                    ; time_cnt[15] ; D[1]~reg0    ; clk        ; clk      ; None                        ; None                      ; 7.186 ns                ;
; N/A                                     ; 131.08 MHz ( period = 7.629 ns )                    ; time_cnt[15] ; D[2]~reg0    ; clk        ; clk      ; None                        ; None                      ; 7.186 ns                ;
; N/A                                     ; 131.08 MHz ( period = 7.629 ns )                    ; time_cnt[15] ; D[3]~reg0    ; clk        ; clk      ; None                        ; None                      ; 7.186 ns                ;
; N/A                                     ; 131.08 MHz ( period = 7.629 ns )                    ; time_cnt[15] ; D[4]~reg0    ; clk        ; clk      ; None                        ; None                      ; 7.186 ns                ;
; N/A                                     ; 131.08 MHz ( period = 7.629 ns )                    ; time_cnt[15] ; D[5]~reg0    ; clk        ; clk      ; None                        ; None                      ; 7.186 ns                ;
; N/A                                     ; 131.08 MHz ( period = 7.629 ns )                    ; time_cnt[15] ; D[6]~reg0    ; clk        ; clk      ; None                        ; None                      ; 7.186 ns                ;
; N/A                                     ; 131.08 MHz ( period = 7.629 ns )                    ; time_cnt[15] ; D[7]~reg0    ; clk        ; clk      ; None                        ; None                      ; 7.186 ns                ;
; N/A                                     ; 131.08 MHz ( period = 7.629 ns )                    ; time_cnt[15] ; D[13]~reg0   ; clk        ; clk      ; None                        ; None                      ; 7.186 ns                ;
; N/A                                     ; 132.93 MHz ( period = 7.523 ns )                    ; time_cnt[11] ; D[8]~reg0    ; clk        ; clk      ; None                        ; None                      ; 7.080 ns                ;
; N/A                                     ; 132.93 MHz ( period = 7.523 ns )                    ; time_cnt[11] ; D[9]~reg0    ; clk        ; clk      ; None                        ; None                      ; 7.080 ns                ;
; N/A                                     ; 132.93 MHz ( period = 7.523 ns )                    ; time_cnt[11] ; D[10]~reg0   ; clk        ; clk      ; None                        ; None                      ; 7.080 ns                ;
; N/A                                     ; 132.93 MHz ( period = 7.523 ns )                    ; time_cnt[11] ; D[11]~reg0   ; clk        ; clk      ; None                        ; None                      ; 7.080 ns                ;
; N/A                                     ; 132.93 MHz ( period = 7.523 ns )                    ; time_cnt[11] ; D[12]~reg0   ; clk        ; clk      ; None                        ; None                      ; 7.080 ns                ;
; N/A                                     ; 132.93 MHz ( period = 7.523 ns )                    ; time_cnt[11] ; D[14]~reg0   ; clk        ; clk      ; None                        ; None                      ; 7.080 ns                ;
; N/A                                     ; 132.93 MHz ( period = 7.523 ns )                    ; time_cnt[11] ; D[15]~reg0   ; clk        ; clk      ; None                        ; None                      ; 7.080 ns                ;
; N/A                                     ; 136.13 MHz ( period = 7.346 ns )                    ; time_cnt[6]  ; D[8]~reg0    ; clk        ; clk      ; None                        ; None                      ; 6.903 ns                ;
; N/A                                     ; 136.13 MHz ( period = 7.346 ns )                    ; time_cnt[6]  ; D[9]~reg0    ; clk        ; clk      ; None                        ; None                      ; 6.903 ns                ;
; N/A                                     ; 136.13 MHz ( period = 7.346 ns )                    ; time_cnt[6]  ; D[10]~reg0   ; clk        ; clk      ; None                        ; None                      ; 6.903 ns                ;
; N/A                                     ; 136.13 MHz ( period = 7.346 ns )                    ; time_cnt[6]  ; D[11]~reg0   ; clk        ; clk      ; None                        ; None                      ; 6.903 ns                ;
; N/A                                     ; 136.13 MHz ( period = 7.346 ns )                    ; time_cnt[6]  ; D[12]~reg0   ; clk        ; clk      ; None                        ; None                      ; 6.903 ns                ;
; N/A                                     ; 136.13 MHz ( period = 7.346 ns )                    ; time_cnt[6]  ; D[14]~reg0   ; clk        ; clk      ; None                        ; None                      ; 6.903 ns                ;
; N/A                                     ; 136.13 MHz ( period = 7.346 ns )                    ; time_cnt[6]  ; D[15]~reg0   ; clk        ; clk      ; None                        ; None                      ; 6.903 ns                ;
; N/A                                     ; 137.29 MHz ( period = 7.284 ns )                    ; time_cnt[14] ; D[0]~reg0    ; clk        ; clk      ; None                        ; None                      ; 6.841 ns                ;
; N/A                                     ; 137.29 MHz ( period = 7.284 ns )                    ; time_cnt[14] ; D[1]~reg0    ; clk        ; clk      ; None                        ; None                      ; 6.841 ns                ;
; N/A                                     ; 137.29 MHz ( period = 7.284 ns )                    ; time_cnt[14] ; D[2]~reg0    ; clk        ; clk      ; None                        ; None                      ; 6.841 ns                ;
; N/A                                     ; 137.29 MHz ( period = 7.284 ns )                    ; time_cnt[14] ; D[3]~reg0    ; clk        ; clk      ; None                        ; None                      ; 6.841 ns                ;
; N/A                                     ; 137.29 MHz ( period = 7.284 ns )                    ; time_cnt[14] ; D[4]~reg0    ; clk        ; clk      ; None                        ; None                      ; 6.841 ns                ;
; N/A                                     ; 137.29 MHz ( period = 7.284 ns )                    ; time_cnt[14] ; D[5]~reg0    ; clk        ; clk      ; None                        ; None                      ; 6.841 ns                ;
; N/A                                     ; 137.29 MHz ( period = 7.284 ns )                    ; time_cnt[14] ; D[6]~reg0    ; clk        ; clk      ; None                        ; None                      ; 6.841 ns                ;
; N/A                                     ; 137.29 MHz ( period = 7.284 ns )                    ; time_cnt[14] ; D[7]~reg0    ; clk        ; clk      ; None                        ; None                      ; 6.841 ns                ;
; N/A                                     ; 137.29 MHz ( period = 7.284 ns )                    ; time_cnt[14] ; D[13]~reg0   ; clk        ; clk      ; None                        ; None                      ; 6.841 ns                ;
; N/A                                     ; 138.85 MHz ( period = 7.202 ns )                    ; time_cnt[10] ; D[8]~reg0    ; clk        ; clk      ; None                        ; None                      ; 6.759 ns                ;
; N/A                                     ; 138.85 MHz ( period = 7.202 ns )                    ; time_cnt[10] ; D[9]~reg0    ; clk        ; clk      ; None                        ; None                      ; 6.759 ns                ;
; N/A                                     ; 138.85 MHz ( period = 7.202 ns )                    ; time_cnt[10] ; D[10]~reg0   ; clk        ; clk      ; None                        ; None                      ; 6.759 ns                ;
; N/A                                     ; 138.85 MHz ( period = 7.202 ns )                    ; time_cnt[10] ; D[11]~reg0   ; clk        ; clk      ; None                        ; None                      ; 6.759 ns                ;
; N/A                                     ; 138.85 MHz ( period = 7.202 ns )                    ; time_cnt[10] ; D[12]~reg0   ; clk        ; clk      ; None                        ; None                      ; 6.759 ns                ;
; N/A                                     ; 138.85 MHz ( period = 7.202 ns )                    ; time_cnt[10] ; D[14]~reg0   ; clk        ; clk      ; None                        ; None                      ; 6.759 ns                ;
; N/A                                     ; 138.85 MHz ( period = 7.202 ns )                    ; time_cnt[10] ; D[15]~reg0   ; clk        ; clk      ; None                        ; None                      ; 6.759 ns                ;
; N/A                                     ; 139.41 MHz ( period = 7.173 ns )                    ; time_cnt[15] ; tmp[8]       ; clk        ; clk      ; None                        ; None                      ; 6.730 ns                ;
; N/A                                     ; 139.41 MHz ( period = 7.173 ns )                    ; time_cnt[15] ; tmp[9]       ; clk        ; clk      ; None                        ; None                      ; 6.730 ns                ;
; N/A                                     ; 139.41 MHz ( period = 7.173 ns )                    ; time_cnt[15] ; tmp[10]      ; clk        ; clk      ; None                        ; None                      ; 6.730 ns                ;
; N/A                                     ; 139.41 MHz ( period = 7.173 ns )                    ; time_cnt[15] ; tmp[11]      ; clk        ; clk      ; None                        ; None                      ; 6.730 ns                ;
; N/A                                     ; 139.41 MHz ( period = 7.173 ns )                    ; time_cnt[15] ; tmp[12]      ; clk        ; clk      ; None                        ; None                      ; 6.730 ns                ;
; N/A                                     ; 139.41 MHz ( period = 7.173 ns )                    ; time_cnt[15] ; tmp[13]      ; clk        ; clk      ; None                        ; None                      ; 6.730 ns                ;
; N/A                                     ; 139.41 MHz ( period = 7.173 ns )                    ; time_cnt[15] ; tmp[14]      ; clk        ; clk      ; None                        ; None                      ; 6.730 ns                ;
; N/A                                     ; 139.41 MHz ( period = 7.173 ns )                    ; time_cnt[15] ; tmp[15]      ; clk        ; clk      ; None                        ; None                      ; 6.730 ns                ;
; N/A                                     ; 139.70 MHz ( period = 7.158 ns )                    ; time_cnt[15] ; pre_pulse    ; clk        ; clk      ; None                        ; None                      ; 6.715 ns                ;
; N/A                                     ; 139.70 MHz ( period = 7.158 ns )                    ; time_cnt[15] ; time_cnt[7]  ; clk        ; clk      ; None                        ; None                      ; 6.715 ns                ;
; N/A                                     ; 139.74 MHz ( period = 7.156 ns )                    ; time_cnt[1]  ; D[8]~reg0    ; clk        ; clk      ; None                        ; None                      ; 6.713 ns                ;
; N/A                                     ; 139.74 MHz ( period = 7.156 ns )                    ; time_cnt[1]  ; D[9]~reg0    ; clk        ; clk      ; None                        ; None                      ; 6.713 ns                ;
; N/A                                     ; 139.74 MHz ( period = 7.156 ns )                    ; time_cnt[1]  ; D[10]~reg0   ; clk        ; clk      ; None                        ; None                      ; 6.713 ns                ;
; N/A                                     ; 139.74 MHz ( period = 7.156 ns )                    ; time_cnt[1]  ; D[11]~reg0   ; clk        ; clk      ; None                        ; None                      ; 6.713 ns                ;
; N/A                                     ; 139.74 MHz ( period = 7.156 ns )                    ; time_cnt[1]  ; D[12]~reg0   ; clk        ; clk      ; None                        ; None                      ; 6.713 ns                ;
; N/A                                     ; 139.74 MHz ( period = 7.156 ns )                    ; time_cnt[1]  ; D[14]~reg0   ; clk        ; clk      ; None                        ; None                      ; 6.713 ns                ;
; N/A                                     ; 139.74 MHz ( period = 7.156 ns )                    ; time_cnt[1]  ; D[15]~reg0   ; clk        ; clk      ; None                        ; None                      ; 6.713 ns                ;
; N/A                                     ; 140.35 MHz ( period = 7.125 ns )                    ; time_cnt[2]  ; D[0]~reg0    ; clk        ; clk      ; None                        ; None                      ; 6.682 ns                ;
; N/A                                     ; 140.35 MHz ( period = 7.125 ns )                    ; time_cnt[2]  ; D[1]~reg0    ; clk        ; clk      ; None                        ; None                      ; 6.682 ns                ;
; N/A                                     ; 140.35 MHz ( period = 7.125 ns )                    ; time_cnt[2]  ; D[2]~reg0    ; clk        ; clk      ; None                        ; None                      ; 6.682 ns                ;
; N/A                                     ; 140.35 MHz ( period = 7.125 ns )                    ; time_cnt[2]  ; D[3]~reg0    ; clk        ; clk      ; None                        ; None                      ; 6.682 ns                ;
; N/A                                     ; 140.35 MHz ( period = 7.125 ns )                    ; time_cnt[2]  ; D[4]~reg0    ; clk        ; clk      ; None                        ; None                      ; 6.682 ns                ;
; N/A                                     ; 140.35 MHz ( period = 7.125 ns )                    ; time_cnt[2]  ; D[5]~reg0    ; clk        ; clk      ; None                        ; None                      ; 6.682 ns                ;
; N/A                                     ; 140.35 MHz ( period = 7.125 ns )                    ; time_cnt[2]  ; D[6]~reg0    ; clk        ; clk      ; None                        ; None                      ; 6.682 ns                ;
; N/A                                     ; 140.35 MHz ( period = 7.125 ns )                    ; time_cnt[2]  ; D[7]~reg0    ; clk        ; clk      ; None                        ; None                      ; 6.682 ns                ;
; N/A                                     ; 140.35 MHz ( period = 7.125 ns )                    ; time_cnt[2]  ; D[13]~reg0   ; clk        ; clk      ; None                        ; None                      ; 6.682 ns                ;
; N/A                                     ; 141.04 MHz ( period = 7.090 ns )                    ; time_cnt[3]  ; D[0]~reg0    ; clk        ; clk      ; None                        ; None                      ; 6.647 ns                ;
; N/A                                     ; 141.04 MHz ( period = 7.090 ns )                    ; time_cnt[3]  ; D[1]~reg0    ; clk        ; clk      ; None                        ; None                      ; 6.647 ns                ;
; N/A                                     ; 141.04 MHz ( period = 7.090 ns )                    ; time_cnt[3]  ; D[2]~reg0    ; clk        ; clk      ; None                        ; None                      ; 6.647 ns                ;
; N/A                                     ; 141.04 MHz ( period = 7.090 ns )                    ; time_cnt[3]  ; D[3]~reg0    ; clk        ; clk      ; None                        ; None                      ; 6.647 ns                ;
; N/A                                     ; 141.04 MHz ( period = 7.090 ns )                    ; time_cnt[3]  ; D[4]~reg0    ; clk        ; clk      ; None                        ; None                      ; 6.647 ns                ;
; N/A                                     ; 141.04 MHz ( period = 7.090 ns )                    ; time_cnt[3]  ; D[5]~reg0    ; clk        ; clk      ; None                        ; None                      ; 6.647 ns                ;
; N/A                                     ; 141.04 MHz ( period = 7.090 ns )                    ; time_cnt[3]  ; D[6]~reg0    ; clk        ; clk      ; None                        ; None                      ; 6.647 ns                ;
; N/A                                     ; 141.04 MHz ( period = 7.090 ns )                    ; time_cnt[3]  ; D[7]~reg0    ; clk        ; clk      ; None                        ; None                      ; 6.647 ns                ;
; N/A                                     ; 141.04 MHz ( period = 7.090 ns )                    ; time_cnt[3]  ; D[13]~reg0   ; clk        ; clk      ; None                        ; None                      ; 6.647 ns                ;
; N/A                                     ; 142.65 MHz ( period = 7.010 ns )                    ; time_cnt[12] ; D[8]~reg0    ; clk        ; clk      ; None                        ; None                      ; 6.567 ns                ;
; N/A                                     ; 142.65 MHz ( period = 7.010 ns )                    ; time_cnt[12] ; D[9]~reg0    ; clk        ; clk      ; None                        ; None                      ; 6.567 ns                ;
; N/A                                     ; 142.65 MHz ( period = 7.010 ns )                    ; time_cnt[12] ; D[10]~reg0   ; clk        ; clk      ; None                        ; None                      ; 6.567 ns                ;
; N/A                                     ; 142.65 MHz ( period = 7.010 ns )                    ; time_cnt[12] ; D[11]~reg0   ; clk        ; clk      ; None                        ; None                      ; 6.567 ns                ;
; N/A                                     ; 142.65 MHz ( period = 7.010 ns )                    ; time_cnt[12] ; D[12]~reg0   ; clk        ; clk      ; None                        ; None                      ; 6.567 ns                ;
; N/A                                     ; 142.65 MHz ( period = 7.010 ns )                    ; time_cnt[12] ; D[14]~reg0   ; clk        ; clk      ; None                        ; None                      ; 6.567 ns                ;
; N/A                                     ; 142.65 MHz ( period = 7.010 ns )                    ; time_cnt[12] ; D[15]~reg0   ; clk        ; clk      ; None                        ; None                      ; 6.567 ns                ;
; N/A                                     ; 143.29 MHz ( period = 6.979 ns )                    ; time_cnt[13] ; D[0]~reg0    ; clk        ; clk      ; None                        ; None                      ; 6.536 ns                ;
; N/A                                     ; 143.29 MHz ( period = 6.979 ns )                    ; time_cnt[13] ; D[1]~reg0    ; clk        ; clk      ; None                        ; None                      ; 6.536 ns                ;
; N/A                                     ; 143.29 MHz ( period = 6.979 ns )                    ; time_cnt[13] ; D[2]~reg0    ; clk        ; clk      ; None                        ; None                      ; 6.536 ns                ;
; N/A                                     ; 143.29 MHz ( period = 6.979 ns )                    ; time_cnt[13] ; D[3]~reg0    ; clk        ; clk      ; None                        ; None                      ; 6.536 ns                ;
; N/A                                     ; 143.29 MHz ( period = 6.979 ns )                    ; time_cnt[13] ; D[4]~reg0    ; clk        ; clk      ; None                        ; None                      ; 6.536 ns                ;
; N/A                                     ; 143.29 MHz ( period = 6.979 ns )                    ; time_cnt[13] ; D[5]~reg0    ; clk        ; clk      ; None                        ; None                      ; 6.536 ns                ;
; N/A                                     ; 143.29 MHz ( period = 6.979 ns )                    ; time_cnt[13] ; D[6]~reg0    ; clk        ; clk      ; None                        ; None                      ; 6.536 ns                ;
; N/A                                     ; 143.29 MHz ( period = 6.979 ns )                    ; time_cnt[13] ; D[7]~reg0    ; clk        ; clk      ; None                        ; None                      ; 6.536 ns                ;
; N/A                                     ; 143.29 MHz ( period = 6.979 ns )                    ; time_cnt[13] ; D[13]~reg0   ; clk        ; clk      ; None                        ; None                      ; 6.536 ns                ;
; N/A                                     ; 143.78 MHz ( period = 6.955 ns )                    ; time_cnt[15] ; time_cnt[3]  ; clk        ; clk      ; None                        ; None                      ; 6.512 ns                ;
; N/A                                     ; 143.80 MHz ( period = 6.954 ns )                    ; time_cnt[15] ; time_cnt[9]  ; clk        ; clk      ; None                        ; None                      ; 6.511 ns                ;
; N/A                                     ; 143.91 MHz ( period = 6.949 ns )                    ; time_cnt[15] ; Trigger~reg0 ; clk        ; clk      ; None                        ; None                      ; 6.506 ns                ;
; N/A                                     ; 143.91 MHz ( period = 6.949 ns )                    ; time_cnt[15] ; time_cnt[5]  ; clk        ; clk      ; None                        ; None                      ; 6.506 ns                ;
; N/A                                     ; 143.91 MHz ( period = 6.949 ns )                    ; time_cnt[15] ; time_cnt[8]  ; clk        ; clk      ; None                        ; None                      ; 6.506 ns                ;
; N/A                                     ; 143.93 MHz ( period = 6.948 ns )                    ; time_cnt[15] ; time_cnt[6]  ; clk        ; clk      ; None                        ; None                      ; 6.505 ns                ;
; N/A                                     ; 144.30 MHz ( period = 6.930 ns )                    ; time_cnt[15] ; tmp[0]       ; clk        ; clk      ; None                        ; None                      ; 6.487 ns                ;
; N/A                                     ; 144.30 MHz ( period = 6.930 ns )                    ; time_cnt[15] ; tmp[1]       ; clk        ; clk      ; None                        ; None                      ; 6.487 ns                ;
; N/A                                     ; 144.30 MHz ( period = 6.930 ns )                    ; time_cnt[15] ; tmp[2]       ; clk        ; clk      ; None                        ; None                      ; 6.487 ns                ;
; N/A                                     ; 144.30 MHz ( period = 6.930 ns )                    ; time_cnt[15] ; tmp[3]       ; clk        ; clk      ; None                        ; None                      ; 6.487 ns                ;
; N/A                                     ; 144.30 MHz ( period = 6.930 ns )                    ; time_cnt[15] ; tmp[4]       ; clk        ; clk      ; None                        ; None                      ; 6.487 ns                ;
; N/A                                     ; 144.30 MHz ( period = 6.930 ns )                    ; time_cnt[15] ; tmp[5]       ; clk        ; clk      ; None                        ; None                      ; 6.487 ns                ;
; N/A                                     ; 144.30 MHz ( period = 6.930 ns )                    ; time_cnt[15] ; tmp[6]       ; clk        ; clk      ; None                        ; None                      ; 6.487 ns                ;
; N/A                                     ; 144.30 MHz ( period = 6.930 ns )                    ; time_cnt[15] ; tmp[7]       ; clk        ; clk      ; None                        ; None                      ; 6.487 ns                ;
; N/A                                     ; 145.37 MHz ( period = 6.879 ns )                    ; time_cnt[8]  ; D[0]~reg0    ; clk        ; clk      ; None                        ; None                      ; 6.436 ns                ;
; N/A                                     ; 145.37 MHz ( period = 6.879 ns )                    ; time_cnt[8]  ; D[1]~reg0    ; clk        ; clk      ; None                        ; None                      ; 6.436 ns                ;
; N/A                                     ; 145.37 MHz ( period = 6.879 ns )                    ; time_cnt[8]  ; D[2]~reg0    ; clk        ; clk      ; None                        ; None                      ; 6.436 ns                ;
; N/A                                     ; 145.37 MHz ( period = 6.879 ns )                    ; time_cnt[8]  ; D[3]~reg0    ; clk        ; clk      ; None                        ; None                      ; 6.436 ns                ;
; N/A                                     ; 145.37 MHz ( period = 6.879 ns )                    ; time_cnt[8]  ; D[4]~reg0    ; clk        ; clk      ; None                        ; None                      ; 6.436 ns                ;
; N/A                                     ; 145.37 MHz ( period = 6.879 ns )                    ; time_cnt[8]  ; D[5]~reg0    ; clk        ; clk      ; None                        ; None                      ; 6.436 ns                ;
; N/A                                     ; 145.37 MHz ( period = 6.879 ns )                    ; time_cnt[8]  ; D[6]~reg0    ; clk        ; clk      ; None                        ; None                      ; 6.436 ns                ;
; N/A                                     ; 145.37 MHz ( period = 6.879 ns )                    ; time_cnt[8]  ; D[7]~reg0    ; clk        ; clk      ; None                        ; None                      ; 6.436 ns                ;
; N/A                                     ; 145.37 MHz ( period = 6.879 ns )                    ; time_cnt[8]  ; D[13]~reg0   ; clk        ; clk      ; None                        ; None                      ; 6.436 ns                ;
; N/A                                     ; 145.65 MHz ( period = 6.866 ns )                    ; tmp[3]       ; tmp[8]       ; clk        ; clk      ; None                        ; None                      ; 6.423 ns                ;
; N/A                                     ; 145.65 MHz ( period = 6.866 ns )                    ; tmp[3]       ; tmp[9]       ; clk        ; clk      ; None                        ; None                      ; 6.423 ns                ;
; N/A                                     ; 145.65 MHz ( period = 6.866 ns )                    ; tmp[3]       ; tmp[10]      ; clk        ; clk      ; None                        ; None                      ; 6.423 ns                ;
; N/A                                     ; 145.65 MHz ( period = 6.866 ns )                    ; tmp[3]       ; tmp[11]      ; clk        ; clk      ; None                        ; None                      ; 6.423 ns                ;
; N/A                                     ; 145.65 MHz ( period = 6.866 ns )                    ; tmp[3]       ; tmp[12]      ; clk        ; clk      ; None                        ; None                      ; 6.423 ns                ;
; N/A                                     ; 145.84 MHz ( period = 6.857 ns )                    ; tmp[3]       ; tmp[13]      ; clk        ; clk      ; None                        ; None                      ; 6.414 ns                ;
; N/A                                     ; 145.84 MHz ( period = 6.857 ns )                    ; tmp[3]       ; tmp[14]      ; clk        ; clk      ; None                        ; None                      ; 6.414 ns                ;
; N/A                                     ; 145.84 MHz ( period = 6.857 ns )                    ; tmp[3]       ; tmp[15]      ; clk        ; clk      ; None                        ; None                      ; 6.414 ns                ;
; N/A                                     ; 146.43 MHz ( period = 6.829 ns )                    ; time_cnt[15] ; time_cnt[0]  ; clk        ; clk      ; None                        ; None                      ; 6.386 ns                ;
; N/A                                     ; 146.46 MHz ( period = 6.828 ns )                    ; time_cnt[14] ; tmp[8]       ; clk        ; clk      ; None                        ; None                      ; 6.385 ns                ;
; N/A                                     ; 146.46 MHz ( period = 6.828 ns )                    ; time_cnt[14] ; tmp[9]       ; clk        ; clk      ; None                        ; None                      ; 6.385 ns                ;
; N/A                                     ; 146.46 MHz ( period = 6.828 ns )                    ; time_cnt[14] ; tmp[10]      ; clk        ; clk      ; None                        ; None                      ; 6.385 ns                ;
; N/A                                     ; 146.46 MHz ( period = 6.828 ns )                    ; time_cnt[14] ; tmp[11]      ; clk        ; clk      ; None                        ; None                      ; 6.385 ns                ;
; N/A                                     ; 146.46 MHz ( period = 6.828 ns )                    ; time_cnt[14] ; tmp[12]      ; clk        ; clk      ; None                        ; None                      ; 6.385 ns                ;
; N/A                                     ; 146.46 MHz ( period = 6.828 ns )                    ; time_cnt[14] ; tmp[13]      ; clk        ; clk      ; None                        ; None                      ; 6.385 ns                ;
; N/A                                     ; 146.46 MHz ( period = 6.828 ns )                    ; time_cnt[14] ; tmp[14]      ; clk        ; clk      ; None                        ; None                      ; 6.385 ns                ;
; N/A                                     ; 146.46 MHz ( period = 6.828 ns )                    ; time_cnt[14] ; tmp[15]      ; clk        ; clk      ; None                        ; None                      ; 6.385 ns                ;
; Timing analysis restricted to 200 rows. ; To change the limit use Settings (Assignments menu) ;              ;              ;            ;          ;                             ;                           ;                         ;
+-----------------------------------------+-----------------------------------------------------+--------------+--------------+------------+----------+-----------------------------+---------------------------+-------------------------+


+-----------------------------------------------------------------------+
; tsu                                                                   ;
+-------+--------------+------------+-----------+------------+----------+
; Slack ; Required tsu ; Actual tsu ; From      ; To         ; To Clock ;
+-------+--------------+------------+-----------+------------+----------+
; N/A   ; None         ; 2.817 ns   ; EchoPulse ; D[8]~reg0  ; clk      ;
; N/A   ; None         ; 2.817 ns   ; EchoPulse ; D[9]~reg0  ; clk      ;
; N/A   ; None         ; 2.817 ns   ; EchoPulse ; D[10]~reg0 ; clk      ;
; N/A   ; None         ; 2.817 ns   ; EchoPulse ; D[11]~reg0 ; clk      ;
; N/A   ; None         ; 2.817 ns   ; EchoPulse ; D[12]~reg0 ; clk      ;
; N/A   ; None         ; 2.817 ns   ; EchoPulse ; D[14]~reg0 ; clk      ;
; N/A   ; None         ; 2.817 ns   ; EchoPulse ; D[15]~reg0 ; clk      ;
; N/A   ; None         ; 2.320 ns   ; EchoPulse ; tmp[8]     ; clk      ;
; N/A   ; None         ; 2.320 ns   ; EchoPulse ; tmp[9]     ; clk      ;
; N/A   ; None         ; 2.320 ns   ; EchoPulse ; tmp[10]    ; clk      ;
; N/A   ; None         ; 2.320 ns   ; EchoPulse ; tmp[11]    ; clk      ;
; N/A   ; None         ; 2.320 ns   ; EchoPulse ; tmp[12]    ; clk      ;
; N/A   ; None         ; 2.320 ns   ; EchoPulse ; tmp[13]    ; clk      ;
; N/A   ; None         ; 2.320 ns   ; EchoPulse ; tmp[14]    ; clk      ;
; N/A   ; None         ; 2.320 ns   ; EchoPulse ; tmp[15]    ; clk      ;
; N/A   ; None         ; 2.077 ns   ; EchoPulse ; tmp[0]     ; clk      ;
; N/A   ; None         ; 2.077 ns   ; EchoPulse ; tmp[1]     ; clk      ;
; N/A   ; None         ; 2.077 ns   ; EchoPulse ; tmp[2]     ; clk      ;
; N/A   ; None         ; 2.077 ns   ; EchoPulse ; tmp[3]     ; clk      ;
; N/A   ; None         ; 2.077 ns   ; EchoPulse ; tmp[4]     ; clk      ;
; N/A   ; None         ; 2.077 ns   ; EchoPulse ; tmp[5]     ; clk      ;
; N/A   ; None         ; 2.077 ns   ; EchoPulse ; tmp[6]     ; clk      ;
; N/A   ; None         ; 2.077 ns   ; EchoPulse ; tmp[7]     ; clk      ;
; N/A   ; None         ; 1.851 ns   ; EchoPulse ; pre_pulse  ; clk      ;
; N/A   ; None         ; 1.747 ns   ; EchoPulse ; D[0]~reg0  ; clk      ;
; N/A   ; None         ; 1.747 ns   ; EchoPulse ; D[1]~reg0  ; clk      ;
; N/A   ; None         ; 1.747 ns   ; EchoPulse ; D[2]~reg0  ; clk      ;
; N/A   ; None         ; 1.747 ns   ; EchoPulse ; D[3]~reg0  ; clk      ;
; N/A   ; None         ; 1.747 ns   ; EchoPulse ; D[4]~reg0  ; clk      ;
; N/A   ; None         ; 1.747 ns   ; EchoPulse ; D[5]~reg0  ; clk      ;
; N/A   ; None         ; 1.747 ns   ; EchoPulse ; D[6]~reg0  ; clk      ;
; N/A   ; None         ; 1.747 ns   ; EchoPulse ; D[7]~reg0  ; clk      ;
; N/A   ; None         ; 1.747 ns   ; EchoPulse ; D[13]~reg0 ; clk      ;
+-------+--------------+------------+-----------+------------+----------+


+-------------------------------------------------------------------------+
; tco                                                                     ;
+-------+--------------+------------+--------------+---------+------------+
; Slack ; Required tco ; Actual tco ; From         ; To      ; From Clock ;
+-------+--------------+------------+--------------+---------+------------+
; N/A   ; None         ; 6.137 ns   ; D[9]~reg0    ; D[9]    ; clk        ;
; N/A   ; None         ; 6.110 ns   ; D[12]~reg0   ; D[12]   ; clk        ;
; N/A   ; None         ; 6.104 ns   ; D[8]~reg0    ; D[8]    ; clk        ;
; N/A   ; None         ; 6.090 ns   ; D[15]~reg0   ; D[15]   ; clk        ;
; N/A   ; None         ; 5.791 ns   ; D[11]~reg0   ; D[11]   ; clk        ;
; N/A   ; None         ; 5.740 ns   ; Trigger~reg0 ; Trigger ; clk        ;
; N/A   ; None         ; 5.726 ns   ; D[4]~reg0    ; D[4]    ; clk        ;
; N/A   ; None         ; 5.704 ns   ; D[1]~reg0    ; D[1]    ; clk        ;
; N/A   ; None         ; 5.697 ns   ; D[10]~reg0   ; D[10]   ; clk        ;
; N/A   ; None         ; 5.696 ns   ; D[5]~reg0    ; D[5]    ; clk        ;
; N/A   ; None         ; 5.691 ns   ; D[13]~reg0   ; D[13]   ; clk        ;
; N/A   ; None         ; 5.690 ns   ; D[6]~reg0    ; D[6]    ; clk        ;
; N/A   ; None         ; 5.682 ns   ; D[7]~reg0    ; D[7]    ; clk        ;
; N/A   ; None         ; 5.682 ns   ; D[0]~reg0    ; D[0]    ; clk        ;
; N/A   ; None         ; 5.659 ns   ; D[3]~reg0    ; D[3]    ; clk        ;
; N/A   ; None         ; 5.623 ns   ; D[2]~reg0    ; D[2]    ; clk        ;
; N/A   ; None         ; 5.468 ns   ; D[14]~reg0   ; D[14]   ; clk        ;
+-------+--------------+------------+--------------+---------+------------+


+-----------------------------------------------------------------------------+
; th                                                                          ;
+---------------+-------------+-----------+-----------+------------+----------+
; Minimum Slack ; Required th ; Actual th ; From      ; To         ; To Clock ;
+---------------+-------------+-----------+-----------+------------+----------+
; N/A           ; None        ; -1.401 ns ; EchoPulse ; D[0]~reg0  ; clk      ;
; N/A           ; None        ; -1.401 ns ; EchoPulse ; D[1]~reg0  ; clk      ;
; N/A           ; None        ; -1.401 ns ; EchoPulse ; D[2]~reg0  ; clk      ;
; N/A           ; None        ; -1.401 ns ; EchoPulse ; D[3]~reg0  ; clk      ;
; N/A           ; None        ; -1.401 ns ; EchoPulse ; D[4]~reg0  ; clk      ;
; N/A           ; None        ; -1.401 ns ; EchoPulse ; D[5]~reg0  ; clk      ;
; N/A           ; None        ; -1.401 ns ; EchoPulse ; D[6]~reg0  ; clk      ;
; N/A           ; None        ; -1.401 ns ; EchoPulse ; D[7]~reg0  ; clk      ;
; N/A           ; None        ; -1.401 ns ; EchoPulse ; D[13]~reg0 ; clk      ;
; N/A           ; None        ; -1.505 ns ; EchoPulse ; pre_pulse  ; clk      ;
; N/A           ; None        ; -1.695 ns ; EchoPulse ; tmp[8]     ; clk      ;
; N/A           ; None        ; -1.695 ns ; EchoPulse ; tmp[9]     ; clk      ;
; N/A           ; None        ; -1.695 ns ; EchoPulse ; tmp[10]    ; clk      ;
; N/A           ; None        ; -1.695 ns ; EchoPulse ; tmp[11]    ; clk      ;
; N/A           ; None        ; -1.695 ns ; EchoPulse ; tmp[12]    ; clk      ;
; N/A           ; None        ; -1.695 ns ; EchoPulse ; tmp[13]    ; clk      ;
; N/A           ; None        ; -1.695 ns ; EchoPulse ; tmp[14]    ; clk      ;
; N/A           ; None        ; -1.695 ns ; EchoPulse ; tmp[15]    ; clk      ;
; N/A           ; None        ; -1.705 ns ; EchoPulse ; tmp[0]     ; clk      ;
; N/A           ; None        ; -1.705 ns ; EchoPulse ; tmp[1]     ; clk      ;
; N/A           ; None        ; -1.705 ns ; EchoPulse ; tmp[2]     ; clk      ;
; N/A           ; None        ; -1.705 ns ; EchoPulse ; tmp[3]     ; clk      ;
; N/A           ; None        ; -1.705 ns ; EchoPulse ; tmp[4]     ; clk      ;
; N/A           ; None        ; -1.705 ns ; EchoPulse ; tmp[5]     ; clk      ;
; N/A           ; None        ; -1.705 ns ; EchoPulse ; tmp[6]     ; clk      ;
; N/A           ; None        ; -1.705 ns ; EchoPulse ; tmp[7]     ; clk      ;
; N/A           ; None        ; -2.471 ns ; EchoPulse ; D[8]~reg0  ; clk      ;
; N/A           ; None        ; -2.471 ns ; EchoPulse ; D[9]~reg0  ; clk      ;
; N/A           ; None        ; -2.471 ns ; EchoPulse ; D[10]~reg0 ; clk      ;
; N/A           ; None        ; -2.471 ns ; EchoPulse ; D[11]~reg0 ; clk      ;
; N/A           ; None        ; -2.471 ns ; EchoPulse ; D[12]~reg0 ; clk      ;
; N/A           ; None        ; -2.471 ns ; EchoPulse ; D[14]~reg0 ; clk      ;
; N/A           ; None        ; -2.471 ns ; EchoPulse ; D[15]~reg0 ; clk      ;
+---------------+-------------+-----------+-----------+------------+----------+


+--------------------------+
; Timing Analyzer Messages ;
+--------------------------+
Info: *******************************************************************
Info: Running Quartus II Classic Timing Analyzer
    Info: Version 9.1 Build 350 03/24/2010 Service Pack 2 SJ Web Edition
    Info: Processing started: Tue Oct 12 09:54:51 2021
Info: Command: quartus_tan --read_settings_files=off --write_settings_files=off read_ultrasonic_sensor -c read_ultrasonic_sensor
Info: Started post-fitting delay annotation
Info: Delay annotation completed successfully
Warning: Found pins functioning as undefined clocks and/or memory enables
    Info: Assuming node "clk" is an undefined clock
Info: Clock "clk" has Internal fmax of 114.96 MHz between source register "time_cnt[15]" and destination register "D[8]~reg0" (period= 8.699 ns)
    Info: + Longest register to register delay is 8.256 ns
        Info: 1: + IC(0.000 ns) + CELL(0.000 ns) = 0.000 ns; Loc. = LC_X15_Y6_N8; Fanout = 2; REG Node = 'time_cnt[15]'
        Info: 2: + IC(1.599 ns) + CELL(0.462 ns) = 2.061 ns; Loc. = LC_X12_Y5_N4; Fanout = 1; COMB Node = 'Equal0~3'
        Info: 3: + IC(1.611 ns) + CELL(0.319 ns) = 3.991 ns; Loc. = LC_X8_Y7_N6; Fanout = 27; COMB Node = 'Equal0~4'
        Info: 4: + IC(1.873 ns) + CELL(0.125 ns) = 5.989 ns; Loc. = LC_X2_Y6_N0; Fanout = 16; COMB Node = 'D[0]~1'
        Info: 5: + IC(1.490 ns) + CELL(0.777 ns) = 8.256 ns; Loc. = LC_X8_Y7_N7; Fanout = 1; REG Node = 'D[8]~reg0'
        Info: Total cell delay = 1.683 ns ( 20.39 % )
        Info: Total interconnect delay = 6.573 ns ( 79.61 % )
    Info: - Smallest clock skew is 0.000 ns
        Info: + Shortest clock path from clock "clk" to destination register is 2.388 ns
            Info: 1: + IC(0.000 ns) + CELL(0.727 ns) = 0.727 ns; Loc. = PIN_18; Fanout = 50; CLK Node = 'clk'
            Info: 2: + IC(1.087 ns) + CELL(0.574 ns) = 2.388 ns; Loc. = LC_X8_Y7_N7; Fanout = 1; REG Node = 'D[8]~reg0'
            Info: Total cell delay = 1.301 ns ( 54.48 % )
            Info: Total interconnect delay = 1.087 ns ( 45.52 % )
        Info: - Longest clock path from clock "clk" to source register is 2.388 ns
            Info: 1: + IC(0.000 ns) + CELL(0.727 ns) = 0.727 ns; Loc. = PIN_18; Fanout = 50; CLK Node = 'clk'
            Info: 2: + IC(1.087 ns) + CELL(0.574 ns) = 2.388 ns; Loc. = LC_X15_Y6_N8; Fanout = 2; REG Node = 'time_cnt[15]'
            Info: Total cell delay = 1.301 ns ( 54.48 % )
            Info: Total interconnect delay = 1.087 ns ( 45.52 % )
    Info: + Micro clock to output delay of source is 0.235 ns
    Info: + Micro setup delay of destination is 0.208 ns
Info: tsu for register "D[8]~reg0" (data pin = "EchoPulse", clock pin = "clk") is 2.817 ns
    Info: + Longest pin to register delay is 4.997 ns
        Info: 1: + IC(0.000 ns) + CELL(0.708 ns) = 0.708 ns; Loc. = PIN_3; Fanout = 19; PIN Node = 'EchoPulse'
        Info: 2: + IC(1.703 ns) + CELL(0.319 ns) = 2.730 ns; Loc. = LC_X2_Y6_N0; Fanout = 16; COMB Node = 'D[0]~1'
        Info: 3: + IC(1.490 ns) + CELL(0.777 ns) = 4.997 ns; Loc. = LC_X8_Y7_N7; Fanout = 1; REG Node = 'D[8]~reg0'
        Info: Total cell delay = 1.804 ns ( 36.10 % )
        Info: Total interconnect delay = 3.193 ns ( 63.90 % )
    Info: + Micro setup delay of destination is 0.208 ns
    Info: - Shortest clock path from clock "clk" to destination register is 2.388 ns
        Info: 1: + IC(0.000 ns) + CELL(0.727 ns) = 0.727 ns; Loc. = PIN_18; Fanout = 50; CLK Node = 'clk'
        Info: 2: + IC(1.087 ns) + CELL(0.574 ns) = 2.388 ns; Loc. = LC_X8_Y7_N7; Fanout = 1; REG Node = 'D[8]~reg0'
        Info: Total cell delay = 1.301 ns ( 54.48 % )
        Info: Total interconnect delay = 1.087 ns ( 45.52 % )
Info: tco from clock "clk" to destination pin "D[9]" through register "D[9]~reg0" is 6.137 ns
    Info: + Longest clock path from clock "clk" to source register is 2.388 ns
        Info: 1: + IC(0.000 ns) + CELL(0.727 ns) = 0.727 ns; Loc. = PIN_18; Fanout = 50; CLK Node = 'clk'
        Info: 2: + IC(1.087 ns) + CELL(0.574 ns) = 2.388 ns; Loc. = LC_X8_Y7_N3; Fanout = 1; REG Node = 'D[9]~reg0'
        Info: Total cell delay = 1.301 ns ( 54.48 % )
        Info: Total interconnect delay = 1.087 ns ( 45.52 % )
    Info: + Micro clock to output delay of source is 0.235 ns
    Info: + Longest register to pin delay is 3.514 ns
        Info: 1: + IC(0.000 ns) + CELL(0.000 ns) = 0.000 ns; Loc. = LC_X8_Y7_N3; Fanout = 1; REG Node = 'D[9]~reg0'
        Info: 2: + IC(2.060 ns) + CELL(1.454 ns) = 3.514 ns; Loc. = PIN_22; Fanout = 0; PIN Node = 'D[9]'
        Info: Total cell delay = 1.454 ns ( 41.38 % )
        Info: Total interconnect delay = 2.060 ns ( 58.62 % )
Info: th for register "D[0]~reg0" (data pin = "EchoPulse", clock pin = "clk") is -1.401 ns
    Info: + Longest clock path from clock "clk" to destination register is 2.388 ns
        Info: 1: + IC(0.000 ns) + CELL(0.727 ns) = 0.727 ns; Loc. = PIN_18; Fanout = 50; CLK Node = 'clk'
        Info: 2: + IC(1.087 ns) + CELL(0.574 ns) = 2.388 ns; Loc. = LC_X2_Y6_N8; Fanout = 1; REG Node = 'D[0]~reg0'
        Info: Total cell delay = 1.301 ns ( 54.48 % )
        Info: Total interconnect delay = 1.087 ns ( 45.52 % )
    Info: + Micro hold delay of destination is 0.138 ns
    Info: - Shortest pin to register delay is 3.927 ns
        Info: 1: + IC(0.000 ns) + CELL(0.708 ns) = 0.708 ns; Loc. = PIN_3; Fanout = 19; PIN Node = 'EchoPulse'
        Info: 2: + IC(1.703 ns) + CELL(0.319 ns) = 2.730 ns; Loc. = LC_X2_Y6_N0; Fanout = 16; COMB Node = 'D[0]~1'
        Info: 3: + IC(0.420 ns) + CELL(0.777 ns) = 3.927 ns; Loc. = LC_X2_Y6_N8; Fanout = 1; REG Node = 'D[0]~reg0'
        Info: Total cell delay = 1.804 ns ( 45.94 % )
        Info: Total interconnect delay = 2.123 ns ( 54.06 % )
Info: Quartus II Classic Timing Analyzer was successful. 0 errors, 1 warning
    Info: Peak virtual memory: 185 megabytes
    Info: Processing ended: Tue Oct 12 09:54:51 2021
    Info: Elapsed time: 00:00:00
    Info: Total CPU time (on all processors): 00:00:00


